2019-02-28 20:48:09,145 [17148] INFO  root - [SocketClient.EVENT_CONNECT]连接成功: 2019-02-28 20:48:09
2019-02-28 22:36:53,716 [15948] INFO  root - [SocketClient.EVENT_CONNECT]连接成功: 2019-02-28 22:36:53
2019-02-28 22:40:35,463 [15316] INFO  root - [SocketClient.EVENT_CONNECT]连接成功: 2019-02-28 22:40:35
2019-02-28 22:41:12,800 [15316] DEBUG root - [ProjectHandler]visit为空
2019-02-28 23:43:26,986 [12936] ERROR root - [ServiceHandler]命令:getroominfo
System.ArgumentException: 已添加了具有相同键的项。
   在 System.ThrowHelper.ThrowArgumentException(ExceptionResource resource)
   在 System.Collections.Generic.Dictionary`2.Insert(TKey key, TValue value, Boolean add)
   在 System.Collections.Generic.Dictionary`2.Add(TKey key, TValue value)
   在 Foresight.DataAccess.Framework.EntityBaseReadOnly.GetDatabaseColumnProperties(Type type) 位置 f:\code\CustomerPro\platform\DataAccess\Framework\Generated.EntityBaseReadOnly.cs:行号 425
   在 Foresight.DataAccess.Framework.EntityBaseReadOnly.GetDatabaseColumnPropertyInfo(Type type, String propertyName) 位置 f:\code\CustomerPro\platform\DataAccess\Framework\Generated.EntityBaseReadOnly.cs:行号 384
   在 Foresight.DataAccess.Framework.EntityBaseReadOnly.Initialize(IDataReader reader) 位置 f:\code\CustomerPro\platform\DataAccess\Framework\Generated.EntityBaseReadOnly.cs:行号 449
   在 Foresight.DataAccess.Framework.EntityBaseReadOnly.Initialize[T](IDataReader reader) 位置 f:\code\CustomerPro\platform\DataAccess\Framework\Generated.EntityBaseReadOnly.cs:行号 1256
   在 Foresight.DataAccess.Framework.EntityBaseReadOnly.GetOne[T](String commandText, List`1 parameters, SqlHelper helper) 位置 f:\code\CustomerPro\platform\DataAccess\Framework\Generated.EntityBaseReadOnly.cs:行号 1078
   在 Foresight.DataAccess.Framework.EntityBaseReadOnly.GetOne[T](String commandText, List`1 parameters) 位置 f:\code\CustomerPro\platform\DataAccess\Framework\Generated.EntityBaseReadOnly.cs:行号 1093
   在 Foresight.DataAccess.CustomerService.GetLastCustomerService(Int32 OrderNumberID) 位置 f:\code\CustomerPro\platform\DataAccess\CustomerService\CustomerService.cs:行号 33
   在 Foresight.DataAccess.CustomerService.GetLastestCustomerServiceNumber(String OrderTypeName, Int32 RoomID, Int32& OrderNumberID) 位置 f:\code\CustomerPro\platform\DataAccess\CustomerService\CustomerService.cs:行号 49
   在 Web.Handler.ServiceHandler.getroominfo(HttpContext context) 位置 f:\code\CustomerPro\platform\Web\Handler\ServiceHandler.ashx.cs:行号 1550
   在 Web.Handler.ServiceHandler.ProcessRequest(HttpContext context) 位置 f:\code\CustomerPro\platform\Web\Handler\ServiceHandler.ashx.cs:行号 46
2019-02-28 23:46:49,051 [8556] ERROR root - [ServiceHandler]命令:loadservicelist
System.Data.SqlClient.SqlException (0x80131904): 必须声明标量变量 "@AccpetUserType"。
   在 System.Data.SqlClient.SqlConnection.OnError(SqlException exception, Boolean breakConnection, Action`1 wrapCloseInAction)
   在 System.Data.SqlClient.SqlInternalConnection.OnError(SqlException exception, Boolean breakConnection, Action`1 wrapCloseInAction)
   在 System.Data.SqlClient.TdsParser.ThrowExceptionAndWarning(TdsParserStateObject stateObj, Boolean callerHasConnectionLock, Boolean asyncClose)
   在 System.Data.SqlClient.TdsParser.TryRun(RunBehavior runBehavior, SqlCommand cmdHandler, SqlDataReader dataStream, BulkCopySimpleResultSet bulkCopyHandler, TdsParserStateObject stateObj, Boolean& dataReady)
   在 System.Data.SqlClient.SqlDataReader.TryConsumeMetaData()
   在 System.Data.SqlClient.SqlDataReader.get_MetaData()
   在 System.Data.SqlClient.SqlCommand.FinishExecuteReader(SqlDataReader ds, RunBehavior runBehavior, String resetOptionsString, Boolean isInternal, Boolean forDescribeParameterEncryption, Boolean shouldCacheForAlwaysEncrypted)
   在 System.Data.SqlClient.SqlCommand.RunExecuteReaderTds(CommandBehavior cmdBehavior, RunBehavior runBehavior, Boolean returnStream, Boolean async, Int32 timeout, Task& task, Boolean asyncWrite, Boolean inRetry, SqlDataReader ds, Boolean describeParameterEncryptionRequest)
   在 System.Data.SqlClient.SqlCommand.RunExecuteReader(CommandBehavior cmdBehavior, RunBehavior runBehavior, Boolean returnStream, String method, TaskCompletionSource`1 completion, Int32 timeout, Task& task, Boolean& usedCache, Boolean asyncWrite, Boolean inRetry)
   在 System.Data.SqlClient.SqlCommand.RunExecuteReader(CommandBehavior cmdBehavior, RunBehavior runBehavior, Boolean returnStream, String method)
   在 System.Data.SqlClient.SqlCommand.ExecuteReader(CommandBehavior behavior, String method)
   在 System.Data.SqlClient.SqlCommand.ExecuteReader(CommandBehavior behavior)
   在 Foresight.DataAccess.Framework.SqlHelperBase.ExecuteDataReader(String command, CommandType commandType, List`1 parameterList, CommandBehavior behavior, Int32 timeout) 位置 f:\code\CustomerPro\platform\DataAccess\Framework\SqlHelperBase.cs:行号 250
   在 Foresight.DataAccess.Framework.SqlHelperBase.ExecuteDataReader(String command, CommandType commandType, List`1 parameterList) 位置 f:\code\CustomerPro\platform\DataAccess\Framework\SqlHelperBase.cs:行号 203
   在 Foresight.DataAccess.Framework.EntityBaseReadOnly.GetList[T](String commandText, List`1 parameters) 位置 f:\code\CustomerPro\platform\DataAccess\Framework\Generated.EntityBaseReadOnly.cs:行号 1108
   在 Foresight.DataAccess.CustomerService_Accpet.GetCustomerService_AccpetListByMinMaxServiceID(Int32 MinServiceID, Int32 MaxServiceID) 位置 f:\code\CustomerPro\platform\DataAccess\CustomerService\CustomerService_Accpet.cs:行号 44
   在 Foresight.DataAccess.ViewCustomerService.GetFinalViewCustomerDataGrid(ViewCustomerService[] list) 位置 f:\code\CustomerPro\platform\DataAccess\CustomerService\ViewCustomerService.cs:行号 217
   在 Foresight.DataAccess.ViewCustomerService.GetCustomerServiceGridByKeywords(String Keywords, List`1 RoomIDList, DateTime StartTime, DateTime EndTime, Int32 ServiceStatus, Int32 PayStatus, Int32 ServiceAccpetManID, String orderBy, Int64 startRowIndex, Int32 pageSize, Int32 UserID, List`1 EqualProjectIDList, List`1 InProjectIDList, Int32 ServiceType, Int32 ServiceRange, List`1 PublicProjectIDList, Boolean canexport) 位置 f:\code\CustomerPro\platform\DataAccess\CustomerService\ViewCustomerService.cs:行号 182
   在 Web.Handler.ServiceHandler.loadservicelist(HttpContext context) 位置 f:\code\CustomerPro\platform\Web\Handler\ServiceHandler.ashx.cs:行号 1482
ClientConnectionId:2eb8fbe4-c90f-4cef-ba89-3360967e3d45
Error Number:137,State:2,Class:15
2019-02-28 23:47:07,428 [8556] INFO  root - [SocketClient.EVENT_CONNECT]连接成功: 2019-02-28 23:47:07
2019-02-28 23:47:20,977 [16044] ERROR root - [ServiceHandler]命令:loadservicelist
System.Data.SqlClient.SqlException (0x80131904): 必须声明标量变量 "@AccpetUserType"。
   在 System.Data.SqlClient.SqlConnection.OnError(SqlException exception, Boolean breakConnection, Action`1 wrapCloseInAction)
   在 System.Data.SqlClient.SqlInternalConnection.OnError(SqlException exception, Boolean breakConnection, Action`1 wrapCloseInAction)
   在 System.Data.SqlClient.TdsParser.ThrowExceptionAndWarning(TdsParserStateObject stateObj, Boolean callerHasConnectionLock, Boolean asyncClose)
   在 System.Data.SqlClient.TdsParser.TryRun(RunBehavior runBehavior, SqlCommand cmdHandler, SqlDataReader dataStream, BulkCopySimpleResultSet bulkCopyHandler, TdsParserStateObject stateObj, Boolean& dataReady)
   在 System.Data.SqlClient.SqlDataReader.TryConsumeMetaData()
   在 System.Data.SqlClient.SqlDataReader.get_MetaData()
   在 System.Data.SqlClient.SqlCommand.FinishExecuteReader(SqlDataReader ds, RunBehavior runBehavior, String resetOptionsString, Boolean isInternal, Boolean forDescribeParameterEncryption, Boolean shouldCacheForAlwaysEncrypted)
   在 System.Data.SqlClient.SqlCommand.RunExecuteReaderTds(CommandBehavior cmdBehavior, RunBehavior runBehavior, Boolean returnStream, Boolean async, Int32 timeout, Task& task, Boolean asyncWrite, Boolean inRetry, SqlDataReader ds, Boolean describeParameterEncryptionRequest)
   在 System.Data.SqlClient.SqlCommand.RunExecuteReader(CommandBehavior cmdBehavior, RunBehavior runBehavior, Boolean returnStream, String method, TaskCompletionSource`1 completion, Int32 timeout, Task& task, Boolean& usedCache, Boolean asyncWrite, Boolean inRetry)
   在 System.Data.SqlClient.SqlCommand.RunExecuteReader(CommandBehavior cmdBehavior, RunBehavior runBehavior, Boolean returnStream, String method)
   在 System.Data.SqlClient.SqlCommand.ExecuteReader(CommandBehavior behavior, String method)
   在 System.Data.SqlClient.SqlCommand.ExecuteReader(CommandBehavior behavior)
   在 Foresight.DataAccess.Framework.SqlHelperBase.ExecuteDataReader(String command, CommandType commandType, List`1 parameterList, CommandBehavior behavior, Int32 timeout) 位置 f:\code\CustomerPro\platform\DataAccess\Framework\SqlHelperBase.cs:行号 250
   在 Foresight.DataAccess.Framework.SqlHelperBase.ExecuteDataReader(String command, CommandType commandType, List`1 parameterList) 位置 f:\code\CustomerPro\platform\DataAccess\Framework\SqlHelperBase.cs:行号 203
   在 Foresight.DataAccess.Framework.EntityBaseReadOnly.GetList[T](String commandText, List`1 parameters) 位置 f:\code\CustomerPro\platform\DataAccess\Framework\Generated.EntityBaseReadOnly.cs:行号 1108
   在 Foresight.DataAccess.CustomerService_Accpet.GetCustomerService_AccpetListByMinMaxServiceID(Int32 MinServiceID, Int32 MaxServiceID) 位置 f:\code\CustomerPro\platform\DataAccess\CustomerService\CustomerService_Accpet.cs:行号 44
   在 Foresight.DataAccess.ViewCustomerService.GetFinalViewCustomerDataGrid(ViewCustomerService[] list) 位置 f:\code\CustomerPro\platform\DataAccess\CustomerService\ViewCustomerService.cs:行号 217
   在 Foresight.DataAccess.ViewCustomerService.GetCustomerServiceGridByKeywords(String Keywords, List`1 RoomIDList, DateTime StartTime, DateTime EndTime, Int32 ServiceStatus, Int32 PayStatus, Int32 ServiceAccpetManID, String orderBy, Int64 startRowIndex, Int32 pageSize, Int32 UserID, List`1 EqualProjectIDList, List`1 InProjectIDList, Int32 ServiceType, Int32 ServiceRange, List`1 PublicProjectIDList, Boolean canexport) 位置 f:\code\CustomerPro\platform\DataAccess\CustomerService\ViewCustomerService.cs:行号 182
   在 Web.Handler.ServiceHandler.loadservicelist(HttpContext context) 位置 f:\code\CustomerPro\platform\Web\Handler\ServiceHandler.ashx.cs:行号 1482
ClientConnectionId:2eb8fbe4-c90f-4cef-ba89-3360967e3d45
Error Number:137,State:2,Class:15
2019-02-28 23:48:10,249 [8556] ERROR root - [ServiceHandler]命令:loadservicelist
System.Data.SqlClient.SqlException (0x80131904): 必须声明标量变量 "@AccpetUserType"。
   在 System.Data.SqlClient.SqlConnection.OnError(SqlException exception, Boolean breakConnection, Action`1 wrapCloseInAction)
   在 System.Data.SqlClient.SqlInternalConnection.OnError(SqlException exception, Boolean breakConnection, Action`1 wrapCloseInAction)
   在 System.Data.SqlClient.TdsParser.ThrowExceptionAndWarning(TdsParserStateObject stateObj, Boolean callerHasConnectionLock, Boolean asyncClose)
   在 System.Data.SqlClient.TdsParser.TryRun(RunBehavior runBehavior, SqlCommand cmdHandler, SqlDataReader dataStream, BulkCopySimpleResultSet bulkCopyHandler, TdsParserStateObject stateObj, Boolean& dataReady)
   在 System.Data.SqlClient.SqlDataReader.TryConsumeMetaData()
   在 System.Data.SqlClient.SqlDataReader.get_MetaData()
   在 System.Data.SqlClient.SqlCommand.FinishExecuteReader(SqlDataReader ds, RunBehavior runBehavior, String resetOptionsString, Boolean isInternal, Boolean forDescribeParameterEncryption, Boolean shouldCacheForAlwaysEncrypted)
   在 System.Data.SqlClient.SqlCommand.RunExecuteReaderTds(CommandBehavior cmdBehavior, RunBehavior runBehavior, Boolean returnStream, Boolean async, Int32 timeout, Task& task, Boolean asyncWrite, Boolean inRetry, SqlDataReader ds, Boolean describeParameterEncryptionRequest)
   在 System.Data.SqlClient.SqlCommand.RunExecuteReader(CommandBehavior cmdBehavior, RunBehavior runBehavior, Boolean returnStream, String method, TaskCompletionSource`1 completion, Int32 timeout, Task& task, Boolean& usedCache, Boolean asyncWrite, Boolean inRetry)
   在 System.Data.SqlClient.SqlCommand.RunExecuteReader(CommandBehavior cmdBehavior, RunBehavior runBehavior, Boolean returnStream, String method)
   在 System.Data.SqlClient.SqlCommand.ExecuteReader(CommandBehavior behavior, String method)
   在 System.Data.SqlClient.SqlCommand.ExecuteReader(CommandBehavior behavior)
   在 Foresight.DataAccess.Framework.SqlHelperBase.ExecuteDataReader(String command, CommandType commandType, List`1 parameterList, CommandBehavior behavior, Int32 timeout) 位置 f:\code\CustomerPro\platform\DataAccess\Framework\SqlHelperBase.cs:行号 250
   在 Foresight.DataAccess.Framework.SqlHelperBase.ExecuteDataReader(String command, CommandType commandType, List`1 parameterList) 位置 f:\code\CustomerPro\platform\DataAccess\Framework\SqlHelperBase.cs:行号 203
   在 Foresight.DataAccess.Framework.EntityBaseReadOnly.GetList[T](String commandText, List`1 parameters) 位置 f:\code\CustomerPro\platform\DataAccess\Framework\Generated.EntityBaseReadOnly.cs:行号 1108
   在 Foresight.DataAccess.CustomerService_Accpet.GetCustomerService_AccpetListByMinMaxServiceID(Int32 MinServiceID, Int32 MaxServiceID) 位置 f:\code\CustomerPro\platform\DataAccess\CustomerService\CustomerService_Accpet.cs:行号 44
   在 Foresight.DataAccess.ViewCustomerService.GetFinalViewCustomerDataGrid(ViewCustomerService[] list) 位置 f:\code\CustomerPro\platform\DataAccess\CustomerService\ViewCustomerService.cs:行号 217
   在 Foresight.DataAccess.ViewCustomerService.GetCustomerServiceGridByKeywords(String Keywords, List`1 RoomIDList, DateTime StartTime, DateTime EndTime, Int32 ServiceStatus, Int32 PayStatus, Int32 ServiceAccpetManID, String orderBy, Int64 startRowIndex, Int32 pageSize, Int32 UserID, List`1 EqualProjectIDList, List`1 InProjectIDList, Int32 ServiceType, Int32 ServiceRange, List`1 PublicProjectIDList, Boolean canexport) 位置 f:\code\CustomerPro\platform\DataAccess\CustomerService\ViewCustomerService.cs:行号 182
   在 Web.Handler.ServiceHandler.loadservicelist(HttpContext context) 位置 f:\code\CustomerPro\platform\Web\Handler\ServiceHandler.ashx.cs:行号 1482
ClientConnectionId:2eb8fbe4-c90f-4cef-ba89-3360967e3d45
Error Number:137,State:2,Class:15
2019-02-28 23:57:27,879 [12040] INFO  root - [SocketClient.EVENT_CONNECT]连接成功: 2019-02-28 23:57:27
