2019-03-08 10:07:11,918 [15144] ERROR root - [ServiceHandler]命令:getuseraccpetparams
System.Data.SqlClient.SqlException (0x80131904): 必须声明标量变量 "@"。
关键字 'and' 附近有语法错误。
关键字 'and' 附近有语法错误。
   在 System.Data.SqlClient.SqlConnection.OnError(SqlException exception, Boolean breakConnection, Action`1 wrapCloseInAction)
   在 System.Data.SqlClient.SqlInternalConnection.OnError(SqlException exception, Boolean breakConnection, Action`1 wrapCloseInAction)
   在 System.Data.SqlClient.TdsParser.ThrowExceptionAndWarning(TdsParserStateObject stateObj, Boolean callerHasConnectionLock, Boolean asyncClose)
   在 System.Data.SqlClient.TdsParser.TryRun(RunBehavior runBehavior, SqlCommand cmdHandler, SqlDataReader dataStream, BulkCopySimpleResultSet bulkCopyHandler, TdsParserStateObject stateObj, Boolean& dataReady)
   在 System.Data.SqlClient.SqlDataReader.TryConsumeMetaData()
   在 System.Data.SqlClient.SqlDataReader.get_MetaData()
   在 System.Data.SqlClient.SqlCommand.FinishExecuteReader(SqlDataReader ds, RunBehavior runBehavior, String resetOptionsString, Boolean isInternal, Boolean forDescribeParameterEncryption, Boolean shouldCacheForAlwaysEncrypted)
   在 System.Data.SqlClient.SqlCommand.RunExecuteReaderTds(CommandBehavior cmdBehavior, RunBehavior runBehavior, Boolean returnStream, Boolean async, Int32 timeout, Task& task, Boolean asyncWrite, Boolean inRetry, SqlDataReader ds, Boolean describeParameterEncryptionRequest)
   在 System.Data.SqlClient.SqlCommand.RunExecuteReader(CommandBehavior cmdBehavior, RunBehavior runBehavior, Boolean returnStream, String method, TaskCompletionSource`1 completion, Int32 timeout, Task& task, Boolean& usedCache, Boolean asyncWrite, Boolean inRetry)
   在 System.Data.SqlClient.SqlCommand.RunExecuteReader(CommandBehavior cmdBehavior, RunBehavior runBehavior, Boolean returnStream, String method)
   在 System.Data.SqlClient.SqlCommand.ExecuteReader(CommandBehavior behavior, String method)
   在 System.Data.SqlClient.SqlCommand.ExecuteReader(CommandBehavior behavior)
   在 Foresight.DataAccess.Framework.SqlHelperBase.ExecuteDataReader(String command, CommandType commandType, List`1 parameterList, CommandBehavior behavior, Int32 timeout) 位置 f:\code\CustomerPro\platform\DataAccess\Framework\SqlHelperBase.cs:行号 250
   在 Foresight.DataAccess.Framework.SqlHelperBase.ExecuteDataReader(String command, CommandType commandType, List`1 parameterList) 位置 f:\code\CustomerPro\platform\DataAccess\Framework\SqlHelperBase.cs:行号 203
   在 Foresight.DataAccess.Framework.EntityBaseReadOnly.GetList[T](String commandText, List`1 parameters) 位置 f:\code\CustomerPro\platform\DataAccess\Framework\Generated.EntityBaseReadOnly.cs:行号 1108
   在 Foresight.DataAccess.User.GetAccpetUserListByServiceProjectID(Int32 ProjectID, Boolean IsAccpetUser, Boolean IsProcessUser, Int32 ServerTypeID) 位置 f:\code\CustomerPro\platform\DataAccess\User.cs:行号 521
   在 Web.Handler.ServiceHandler.getuseraccpetparams(HttpContext context) 位置 f:\code\CustomerPro\platform\Web\Handler\ServiceHandler.ashx.cs:行号 215
   在 Web.Handler.ServiceHandler.ProcessRequest(HttpContext context) 位置 f:\code\CustomerPro\platform\Web\Handler\ServiceHandler.ashx.cs:行号 157
ClientConnectionId:49b20830-d659-41ee-be6e-054383b6ec5b
Error Number:137,State:2,Class:15
2019-03-08 10:07:25,867 [21376] ERROR root - [ServiceHandler]命令:getroominfo
System.Data.SqlClient.SqlException (0x80131904): 必须声明标量变量 "@"。
关键字 'and' 附近有语法错误。
   在 System.Data.SqlClient.SqlConnection.OnError(SqlException exception, Boolean breakConnection, Action`1 wrapCloseInAction)
   在 System.Data.SqlClient.SqlInternalConnection.OnError(SqlException exception, Boolean breakConnection, Action`1 wrapCloseInAction)
   在 System.Data.SqlClient.TdsParser.ThrowExceptionAndWarning(TdsParserStateObject stateObj, Boolean callerHasConnectionLock, Boolean asyncClose)
   在 System.Data.SqlClient.TdsParser.TryRun(RunBehavior runBehavior, SqlCommand cmdHandler, SqlDataReader dataStream, BulkCopySimpleResultSet bulkCopyHandler, TdsParserStateObject stateObj, Boolean& dataReady)
   在 System.Data.SqlClient.SqlDataReader.TryConsumeMetaData()
   在 System.Data.SqlClient.SqlDataReader.get_MetaData()
   在 System.Data.SqlClient.SqlCommand.FinishExecuteReader(SqlDataReader ds, RunBehavior runBehavior, String resetOptionsString, Boolean isInternal, Boolean forDescribeParameterEncryption, Boolean shouldCacheForAlwaysEncrypted)
   在 System.Data.SqlClient.SqlCommand.RunExecuteReaderTds(CommandBehavior cmdBehavior, RunBehavior runBehavior, Boolean returnStream, Boolean async, Int32 timeout, Task& task, Boolean asyncWrite, Boolean inRetry, SqlDataReader ds, Boolean describeParameterEncryptionRequest)
   在 System.Data.SqlClient.SqlCommand.RunExecuteReader(CommandBehavior cmdBehavior, RunBehavior runBehavior, Boolean returnStream, String method, TaskCompletionSource`1 completion, Int32 timeout, Task& task, Boolean& usedCache, Boolean asyncWrite, Boolean inRetry)
   在 System.Data.SqlClient.SqlCommand.RunExecuteReader(CommandBehavior cmdBehavior, RunBehavior runBehavior, Boolean returnStream, String method)
   在 System.Data.SqlClient.SqlCommand.ExecuteReader(CommandBehavior behavior, String method)
   在 System.Data.SqlClient.SqlCommand.ExecuteReader(CommandBehavior behavior)
   在 Foresight.DataAccess.Framework.SqlHelperBase.ExecuteDataReader(String command, CommandType commandType, List`1 parameterList, CommandBehavior behavior, Int32 timeout) 位置 f:\code\CustomerPro\platform\DataAccess\Framework\SqlHelperBase.cs:行号 250
   在 Foresight.DataAccess.Framework.SqlHelperBase.ExecuteDataReader(String command, CommandType commandType, List`1 parameterList) 位置 f:\code\CustomerPro\platform\DataAccess\Framework\SqlHelperBase.cs:行号 203
   在 Foresight.DataAccess.Framework.EntityBaseReadOnly.GetList[T](String commandText, List`1 parameters) 位置 f:\code\CustomerPro\platform\DataAccess\Framework\Generated.EntityBaseReadOnly.cs:行号 1108
   在 Foresight.DataAccess.User.GetAccpetUserListByServiceProjectID(Int32 ProjectID, Boolean IsAccpetUser, Boolean IsProcessUser, Int32 ServerTypeID) 位置 f:\code\CustomerPro\platform\DataAccess\User.cs:行号 521
   在 Web.Handler.ServiceHandler.getroominfo(HttpContext context) 位置 f:\code\CustomerPro\platform\Web\Handler\ServiceHandler.ashx.cs:行号 1745
   在 Web.Handler.ServiceHandler.ProcessRequest(HttpContext context) 位置 f:\code\CustomerPro\platform\Web\Handler\ServiceHandler.ashx.cs:行号 46
ClientConnectionId:49b20830-d659-41ee-be6e-054383b6ec5b
Error Number:137,State:2,Class:15
2019-03-08 10:07:39,528 [21376] ERROR root - [ServiceHandler]命令:getroominfo
System.Data.SqlClient.SqlException (0x80131904): 必须声明标量变量 "@"。
关键字 'and' 附近有语法错误。
   在 System.Data.SqlClient.SqlConnection.OnError(SqlException exception, Boolean breakConnection, Action`1 wrapCloseInAction)
   在 System.Data.SqlClient.SqlInternalConnection.OnError(SqlException exception, Boolean breakConnection, Action`1 wrapCloseInAction)
   在 System.Data.SqlClient.TdsParser.ThrowExceptionAndWarning(TdsParserStateObject stateObj, Boolean callerHasConnectionLock, Boolean asyncClose)
   在 System.Data.SqlClient.TdsParser.TryRun(RunBehavior runBehavior, SqlCommand cmdHandler, SqlDataReader dataStream, BulkCopySimpleResultSet bulkCopyHandler, TdsParserStateObject stateObj, Boolean& dataReady)
   在 System.Data.SqlClient.SqlDataReader.TryConsumeMetaData()
   在 System.Data.SqlClient.SqlDataReader.get_MetaData()
   在 System.Data.SqlClient.SqlCommand.FinishExecuteReader(SqlDataReader ds, RunBehavior runBehavior, String resetOptionsString, Boolean isInternal, Boolean forDescribeParameterEncryption, Boolean shouldCacheForAlwaysEncrypted)
   在 System.Data.SqlClient.SqlCommand.RunExecuteReaderTds(CommandBehavior cmdBehavior, RunBehavior runBehavior, Boolean returnStream, Boolean async, Int32 timeout, Task& task, Boolean asyncWrite, Boolean inRetry, SqlDataReader ds, Boolean describeParameterEncryptionRequest)
   在 System.Data.SqlClient.SqlCommand.RunExecuteReader(CommandBehavior cmdBehavior, RunBehavior runBehavior, Boolean returnStream, String method, TaskCompletionSource`1 completion, Int32 timeout, Task& task, Boolean& usedCache, Boolean asyncWrite, Boolean inRetry)
   在 System.Data.SqlClient.SqlCommand.RunExecuteReader(CommandBehavior cmdBehavior, RunBehavior runBehavior, Boolean returnStream, String method)
   在 System.Data.SqlClient.SqlCommand.ExecuteReader(CommandBehavior behavior, String method)
   在 System.Data.SqlClient.SqlCommand.ExecuteReader(CommandBehavior behavior)
   在 Foresight.DataAccess.Framework.SqlHelperBase.ExecuteDataReader(String command, CommandType commandType, List`1 parameterList, CommandBehavior behavior, Int32 timeout) 位置 f:\code\CustomerPro\platform\DataAccess\Framework\SqlHelperBase.cs:行号 250
   在 Foresight.DataAccess.Framework.SqlHelperBase.ExecuteDataReader(String command, CommandType commandType, List`1 parameterList) 位置 f:\code\CustomerPro\platform\DataAccess\Framework\SqlHelperBase.cs:行号 203
   在 Foresight.DataAccess.Framework.EntityBaseReadOnly.GetList[T](String commandText, List`1 parameters) 位置 f:\code\CustomerPro\platform\DataAccess\Framework\Generated.EntityBaseReadOnly.cs:行号 1108
   在 Foresight.DataAccess.User.GetAccpetUserListByServiceProjectID(Int32 ProjectID, Boolean IsAccpetUser, Boolean IsProcessUser, Int32 ServerTypeID) 位置 f:\code\CustomerPro\platform\DataAccess\User.cs:行号 521
   在 Web.Handler.ServiceHandler.getroominfo(HttpContext context) 位置 f:\code\CustomerPro\platform\Web\Handler\ServiceHandler.ashx.cs:行号 1745
   在 Web.Handler.ServiceHandler.ProcessRequest(HttpContext context) 位置 f:\code\CustomerPro\platform\Web\Handler\ServiceHandler.ashx.cs:行号 46
ClientConnectionId:1179d6fc-93b0-4082-8f20-496ba2024dff
Error Number:137,State:2,Class:15
2019-03-08 10:07:52,081 [15144] ERROR root - [ServiceHandler]命令:getroominfo
System.Data.SqlClient.SqlException (0x80131904): 必须声明标量变量 "@"。
关键字 'and' 附近有语法错误。
   在 System.Data.SqlClient.SqlConnection.OnError(SqlException exception, Boolean breakConnection, Action`1 wrapCloseInAction)
   在 System.Data.SqlClient.SqlInternalConnection.OnError(SqlException exception, Boolean breakConnection, Action`1 wrapCloseInAction)
   在 System.Data.SqlClient.TdsParser.ThrowExceptionAndWarning(TdsParserStateObject stateObj, Boolean callerHasConnectionLock, Boolean asyncClose)
   在 System.Data.SqlClient.TdsParser.TryRun(RunBehavior runBehavior, SqlCommand cmdHandler, SqlDataReader dataStream, BulkCopySimpleResultSet bulkCopyHandler, TdsParserStateObject stateObj, Boolean& dataReady)
   在 System.Data.SqlClient.SqlDataReader.TryConsumeMetaData()
   在 System.Data.SqlClient.SqlDataReader.get_MetaData()
   在 System.Data.SqlClient.SqlCommand.FinishExecuteReader(SqlDataReader ds, RunBehavior runBehavior, String resetOptionsString, Boolean isInternal, Boolean forDescribeParameterEncryption, Boolean shouldCacheForAlwaysEncrypted)
   在 System.Data.SqlClient.SqlCommand.RunExecuteReaderTds(CommandBehavior cmdBehavior, RunBehavior runBehavior, Boolean returnStream, Boolean async, Int32 timeout, Task& task, Boolean asyncWrite, Boolean inRetry, SqlDataReader ds, Boolean describeParameterEncryptionRequest)
   在 System.Data.SqlClient.SqlCommand.RunExecuteReader(CommandBehavior cmdBehavior, RunBehavior runBehavior, Boolean returnStream, String method, TaskCompletionSource`1 completion, Int32 timeout, Task& task, Boolean& usedCache, Boolean asyncWrite, Boolean inRetry)
   在 System.Data.SqlClient.SqlCommand.RunExecuteReader(CommandBehavior cmdBehavior, RunBehavior runBehavior, Boolean returnStream, String method)
   在 System.Data.SqlClient.SqlCommand.ExecuteReader(CommandBehavior behavior, String method)
   在 System.Data.SqlClient.SqlCommand.ExecuteReader(CommandBehavior behavior)
   在 Foresight.DataAccess.Framework.SqlHelperBase.ExecuteDataReader(String command, CommandType commandType, List`1 parameterList, CommandBehavior behavior, Int32 timeout) 位置 f:\code\CustomerPro\platform\DataAccess\Framework\SqlHelperBase.cs:行号 250
   在 Foresight.DataAccess.Framework.SqlHelperBase.ExecuteDataReader(String command, CommandType commandType, List`1 parameterList) 位置 f:\code\CustomerPro\platform\DataAccess\Framework\SqlHelperBase.cs:行号 203
   在 Foresight.DataAccess.Framework.EntityBaseReadOnly.GetList[T](String commandText, List`1 parameters) 位置 f:\code\CustomerPro\platform\DataAccess\Framework\Generated.EntityBaseReadOnly.cs:行号 1108
   在 Foresight.DataAccess.User.GetAccpetUserListByServiceProjectID(Int32 ProjectID, Boolean IsAccpetUser, Boolean IsProcessUser, Int32 ServerTypeID) 位置 f:\code\CustomerPro\platform\DataAccess\User.cs:行号 521
   在 Web.Handler.ServiceHandler.getroominfo(HttpContext context) 位置 f:\code\CustomerPro\platform\Web\Handler\ServiceHandler.ashx.cs:行号 1745
   在 Web.Handler.ServiceHandler.ProcessRequest(HttpContext context) 位置 f:\code\CustomerPro\platform\Web\Handler\ServiceHandler.ashx.cs:行号 46
ClientConnectionId:1179d6fc-93b0-4082-8f20-496ba2024dff
Error Number:137,State:2,Class:15
2019-03-08 10:08:00,901 [21376] ERROR root - [ServiceHandler]命令:getroominfo
System.Data.SqlClient.SqlException (0x80131904): 必须声明标量变量 "@"。
关键字 'and' 附近有语法错误。
   在 System.Data.SqlClient.SqlConnection.OnError(SqlException exception, Boolean breakConnection, Action`1 wrapCloseInAction)
   在 System.Data.SqlClient.SqlInternalConnection.OnError(SqlException exception, Boolean breakConnection, Action`1 wrapCloseInAction)
   在 System.Data.SqlClient.TdsParser.ThrowExceptionAndWarning(TdsParserStateObject stateObj, Boolean callerHasConnectionLock, Boolean asyncClose)
   在 System.Data.SqlClient.TdsParser.TryRun(RunBehavior runBehavior, SqlCommand cmdHandler, SqlDataReader dataStream, BulkCopySimpleResultSet bulkCopyHandler, TdsParserStateObject stateObj, Boolean& dataReady)
   在 System.Data.SqlClient.SqlDataReader.TryConsumeMetaData()
   在 System.Data.SqlClient.SqlDataReader.get_MetaData()
   在 System.Data.SqlClient.SqlCommand.FinishExecuteReader(SqlDataReader ds, RunBehavior runBehavior, String resetOptionsString, Boolean isInternal, Boolean forDescribeParameterEncryption, Boolean shouldCacheForAlwaysEncrypted)
   在 System.Data.SqlClient.SqlCommand.RunExecuteReaderTds(CommandBehavior cmdBehavior, RunBehavior runBehavior, Boolean returnStream, Boolean async, Int32 timeout, Task& task, Boolean asyncWrite, Boolean inRetry, SqlDataReader ds, Boolean describeParameterEncryptionRequest)
   在 System.Data.SqlClient.SqlCommand.RunExecuteReader(CommandBehavior cmdBehavior, RunBehavior runBehavior, Boolean returnStream, String method, TaskCompletionSource`1 completion, Int32 timeout, Task& task, Boolean& usedCache, Boolean asyncWrite, Boolean inRetry)
   在 System.Data.SqlClient.SqlCommand.RunExecuteReader(CommandBehavior cmdBehavior, RunBehavior runBehavior, Boolean returnStream, String method)
   在 System.Data.SqlClient.SqlCommand.ExecuteReader(CommandBehavior behavior, String method)
   在 System.Data.SqlClient.SqlCommand.ExecuteReader(CommandBehavior behavior)
   在 Foresight.DataAccess.Framework.SqlHelperBase.ExecuteDataReader(String command, CommandType commandType, List`1 parameterList, CommandBehavior behavior, Int32 timeout) 位置 f:\code\CustomerPro\platform\DataAccess\Framework\SqlHelperBase.cs:行号 250
   在 Foresight.DataAccess.Framework.SqlHelperBase.ExecuteDataReader(String command, CommandType commandType, List`1 parameterList) 位置 f:\code\CustomerPro\platform\DataAccess\Framework\SqlHelperBase.cs:行号 203
   在 Foresight.DataAccess.Framework.EntityBaseReadOnly.GetList[T](String commandText, List`1 parameters) 位置 f:\code\CustomerPro\platform\DataAccess\Framework\Generated.EntityBaseReadOnly.cs:行号 1108
   在 Foresight.DataAccess.User.GetAccpetUserListByServiceProjectID(Int32 ProjectID, Boolean IsAccpetUser, Boolean IsProcessUser, Int32 ServerTypeID) 位置 f:\code\CustomerPro\platform\DataAccess\User.cs:行号 521
   在 Web.Handler.ServiceHandler.getroominfo(HttpContext context) 位置 f:\code\CustomerPro\platform\Web\Handler\ServiceHandler.ashx.cs:行号 1745
   在 Web.Handler.ServiceHandler.ProcessRequest(HttpContext context) 位置 f:\code\CustomerPro\platform\Web\Handler\ServiceHandler.ashx.cs:行号 46
ClientConnectionId:49b20830-d659-41ee-be6e-054383b6ec5b
Error Number:137,State:2,Class:15
2019-03-08 20:15:20,437 [21364] ERROR root - [Jpush.JpushAPI]PushMessage
System.ArgumentException: msgContent should be set
   在 cn.jpush.api.util.Preconditions.checkArgument(Boolean expression, Object errorMessage)
   在 cn.jpush.api.push.mode.Message..ctor(String msgContent)
   在 cn.jpush.api.push.mode.Message.content(String msgContent)
   在 JPush.JpushAPI.doPushMessage(String title, Dictionary`2 extras, String[] cids, String sendtype, String msg_content, Int32 PushAPP, Boolean IsToAll) 位置 f:\code\CustomerPro\platform\JPush\JpusAPI.cs:行号 78
2019-03-08 20:42:48,222 [9688] ERROR root - [ServiceHandler]命令:loadservicelist
System.Data.SqlClient.SqlException (0x80131904): 列名 'DealTime' 无效。
列名 'DealTime' 无效。
   在 System.Data.SqlClient.SqlConnection.OnError(SqlException exception, Boolean breakConnection, Action`1 wrapCloseInAction)
   在 System.Data.SqlClient.SqlInternalConnection.OnError(SqlException exception, Boolean breakConnection, Action`1 wrapCloseInAction)
   在 System.Data.SqlClient.TdsParser.ThrowExceptionAndWarning(TdsParserStateObject stateObj, Boolean callerHasConnectionLock, Boolean asyncClose)
   在 System.Data.SqlClient.TdsParser.TryRun(RunBehavior runBehavior, SqlCommand cmdHandler, SqlDataReader dataStream, BulkCopySimpleResultSet bulkCopyHandler, TdsParserStateObject stateObj, Boolean& dataReady)
   在 System.Data.SqlClient.SqlDataReader.TryConsumeMetaData()
   在 System.Data.SqlClient.SqlDataReader.get_MetaData()
   在 System.Data.SqlClient.SqlCommand.FinishExecuteReader(SqlDataReader ds, RunBehavior runBehavior, String resetOptionsString, Boolean isInternal, Boolean forDescribeParameterEncryption, Boolean shouldCacheForAlwaysEncrypted)
   在 System.Data.SqlClient.SqlCommand.RunExecuteReaderTds(CommandBehavior cmdBehavior, RunBehavior runBehavior, Boolean returnStream, Boolean async, Int32 timeout, Task& task, Boolean asyncWrite, Boolean inRetry, SqlDataReader ds, Boolean describeParameterEncryptionRequest)
   在 System.Data.SqlClient.SqlCommand.RunExecuteReader(CommandBehavior cmdBehavior, RunBehavior runBehavior, Boolean returnStream, String method, TaskCompletionSource`1 completion, Int32 timeout, Task& task, Boolean& usedCache, Boolean asyncWrite, Boolean inRetry)
   在 System.Data.SqlClient.SqlCommand.RunExecuteReader(CommandBehavior cmdBehavior, RunBehavior runBehavior, Boolean returnStream, String method)
   在 System.Data.SqlClient.SqlCommand.ExecuteReader(CommandBehavior behavior, String method)
   在 System.Data.SqlClient.SqlCommand.ExecuteReader(CommandBehavior behavior)
   在 Foresight.DataAccess.Framework.SqlHelperBase.ExecuteDataReader(String command, CommandType commandType, List`1 parameterList, CommandBehavior behavior, Int32 timeout) 位置 f:\code\CustomerPro\platform\DataAccess\Framework\SqlHelperBase.cs:行号 250
   在 Foresight.DataAccess.Framework.SqlHelperBase.ExecuteDataReader(String command, CommandType commandType, List`1 parameterList) 位置 f:\code\CustomerPro\platform\DataAccess\Framework\SqlHelperBase.cs:行号 203
   在 Foresight.DataAccess.Framework.EntityBaseReadOnly.GetList[T](String selectedFieldList, String fromStatementAndCriteria, List`1 parameters, String orderBy, Int64 startRowIndex, Int32 pageSize, Int64& totalRows) 位置 f:\code\CustomerPro\platform\DataAccess\Framework\Generated.EntityBaseReadOnly.cs:行号 1196
   在 Foresight.DataAccess.ViewCustomerService.GetCustomerServiceGridByKeywords(String Keywords, List`1 RoomIDList, DateTime StartTime, DateTime EndTime, Int32 ServiceStatus, String orderBy, Int64 startRowIndex, Int32 pageSize, Int32 UserID, Boolean canViewAll, List`1 EqualProjectIDList, List`1 InProjectIDList, Int32 ServiceType, Boolean canexport, Boolean canViewWechatAPPService, Boolean canViewWechatAPPSuggestoin, Boolean isServiceAnalysis, Int32 CloseType, Int32 TimeOutType) 位置 f:\code\CustomerPro\platform\DataAccess\CustomerService\ViewCustomerService.cs:行号 234
   在 Web.Handler.ServiceHandler.loadservicelist(HttpContext context) 位置 f:\code\CustomerPro\platform\Web\Handler\ServiceHandler.ashx.cs:行号 1688
ClientConnectionId:3d09b305-0ab0-473f-93fa-ac4b9a032b15
Error Number:207,State:1,Class:16
2019-03-08 20:43:13,764 [16148] ERROR root - [ServiceHandler]命令:loadservicelist
System.Data.SqlClient.SqlException (0x80131904): 列名 'DealTime' 无效。
列名 'DealTime' 无效。
   在 System.Data.SqlClient.SqlConnection.OnError(SqlException exception, Boolean breakConnection, Action`1 wrapCloseInAction)
   在 System.Data.SqlClient.SqlInternalConnection.OnError(SqlException exception, Boolean breakConnection, Action`1 wrapCloseInAction)
   在 System.Data.SqlClient.TdsParser.ThrowExceptionAndWarning(TdsParserStateObject stateObj, Boolean callerHasConnectionLock, Boolean asyncClose)
   在 System.Data.SqlClient.TdsParser.TryRun(RunBehavior runBehavior, SqlCommand cmdHandler, SqlDataReader dataStream, BulkCopySimpleResultSet bulkCopyHandler, TdsParserStateObject stateObj, Boolean& dataReady)
   在 System.Data.SqlClient.SqlDataReader.TryConsumeMetaData()
   在 System.Data.SqlClient.SqlDataReader.get_MetaData()
   在 System.Data.SqlClient.SqlCommand.FinishExecuteReader(SqlDataReader ds, RunBehavior runBehavior, String resetOptionsString, Boolean isInternal, Boolean forDescribeParameterEncryption, Boolean shouldCacheForAlwaysEncrypted)
   在 System.Data.SqlClient.SqlCommand.RunExecuteReaderTds(CommandBehavior cmdBehavior, RunBehavior runBehavior, Boolean returnStream, Boolean async, Int32 timeout, Task& task, Boolean asyncWrite, Boolean inRetry, SqlDataReader ds, Boolean describeParameterEncryptionRequest)
   在 System.Data.SqlClient.SqlCommand.RunExecuteReader(CommandBehavior cmdBehavior, RunBehavior runBehavior, Boolean returnStream, String method, TaskCompletionSource`1 completion, Int32 timeout, Task& task, Boolean& usedCache, Boolean asyncWrite, Boolean inRetry)
   在 System.Data.SqlClient.SqlCommand.RunExecuteReader(CommandBehavior cmdBehavior, RunBehavior runBehavior, Boolean returnStream, String method)
   在 System.Data.SqlClient.SqlCommand.ExecuteReader(CommandBehavior behavior, String method)
   在 System.Data.SqlClient.SqlCommand.ExecuteReader(CommandBehavior behavior)
   在 Foresight.DataAccess.Framework.SqlHelperBase.ExecuteDataReader(String command, CommandType commandType, List`1 parameterList, CommandBehavior behavior, Int32 timeout) 位置 f:\code\CustomerPro\platform\DataAccess\Framework\SqlHelperBase.cs:行号 250
   在 Foresight.DataAccess.Framework.SqlHelperBase.ExecuteDataReader(String command, CommandType commandType, List`1 parameterList) 位置 f:\code\CustomerPro\platform\DataAccess\Framework\SqlHelperBase.cs:行号 203
   在 Foresight.DataAccess.Framework.EntityBaseReadOnly.GetList[T](String selectedFieldList, String fromStatementAndCriteria, List`1 parameters, String orderBy, Int64 startRowIndex, Int32 pageSize, Int64& totalRows) 位置 f:\code\CustomerPro\platform\DataAccess\Framework\Generated.EntityBaseReadOnly.cs:行号 1196
   在 Foresight.DataAccess.ViewCustomerService.GetCustomerServiceGridByKeywords(String Keywords, List`1 RoomIDList, DateTime StartTime, DateTime EndTime, Int32 ServiceStatus, String orderBy, Int64 startRowIndex, Int32 pageSize, Int32 UserID, Boolean canViewAll, List`1 EqualProjectIDList, List`1 InProjectIDList, Int32 ServiceType, Boolean canexport, Boolean canViewWechatAPPService, Boolean canViewWechatAPPSuggestoin, Boolean isServiceAnalysis, Int32 CloseType, Int32 TimeOutType) 位置 f:\code\CustomerPro\platform\DataAccess\CustomerService\ViewCustomerService.cs:行号 234
   在 Web.Handler.ServiceHandler.loadservicelist(HttpContext context) 位置 f:\code\CustomerPro\platform\Web\Handler\ServiceHandler.ashx.cs:行号 1688
ClientConnectionId:3d09b305-0ab0-473f-93fa-ac4b9a032b15
Error Number:207,State:1,Class:16
