2019-03-03 11:32:27,400 [15996] ERROR root - [RoomResourceHandler]命令:LoadRoomResourceList
System.Data.SqlClient.SqlException (0x80131904): 列名 'CompanyID' 无效。
   在 System.Data.SqlClient.SqlConnection.OnError(SqlException exception, Boolean breakConnection, Action`1 wrapCloseInAction)
   在 System.Data.SqlClient.SqlInternalConnection.OnError(SqlException exception, Boolean breakConnection, Action`1 wrapCloseInAction)
   在 System.Data.SqlClient.TdsParser.ThrowExceptionAndWarning(TdsParserStateObject stateObj, Boolean callerHasConnectionLock, Boolean asyncClose)
   在 System.Data.SqlClient.TdsParser.TryRun(RunBehavior runBehavior, SqlCommand cmdHandler, SqlDataReader dataStream, BulkCopySimpleResultSet bulkCopyHandler, TdsParserStateObject stateObj, Boolean& dataReady)
   在 System.Data.SqlClient.SqlDataReader.TryConsumeMetaData()
   在 System.Data.SqlClient.SqlDataReader.get_MetaData()
   在 System.Data.SqlClient.SqlCommand.FinishExecuteReader(SqlDataReader ds, RunBehavior runBehavior, String resetOptionsString, Boolean isInternal, Boolean forDescribeParameterEncryption, Boolean shouldCacheForAlwaysEncrypted)
   在 System.Data.SqlClient.SqlCommand.RunExecuteReaderTds(CommandBehavior cmdBehavior, RunBehavior runBehavior, Boolean returnStream, Boolean async, Int32 timeout, Task& task, Boolean asyncWrite, Boolean inRetry, SqlDataReader ds, Boolean describeParameterEncryptionRequest)
   在 System.Data.SqlClient.SqlCommand.RunExecuteReader(CommandBehavior cmdBehavior, RunBehavior runBehavior, Boolean returnStream, String method, TaskCompletionSource`1 completion, Int32 timeout, Task& task, Boolean& usedCache, Boolean asyncWrite, Boolean inRetry)
   在 System.Data.SqlClient.SqlCommand.RunExecuteReader(CommandBehavior cmdBehavior, RunBehavior runBehavior, Boolean returnStream, String method)
   在 System.Data.SqlClient.SqlCommand.ExecuteReader(CommandBehavior behavior, String method)
   在 System.Data.SqlClient.SqlCommand.ExecuteReader(CommandBehavior behavior)
   在 Foresight.DataAccess.Framework.SqlHelperBase.ExecuteDataReader(String command, CommandType commandType, List`1 parameterList, CommandBehavior behavior, Int32 timeout) 位置 f:\code\CustomerPro\platform\DataAccess\Framework\SqlHelperBase.cs:行号 250
   在 Foresight.DataAccess.Framework.SqlHelperBase.ExecuteDataReader(String command, CommandType commandType, List`1 parameterList) 位置 f:\code\CustomerPro\platform\DataAccess\Framework\SqlHelperBase.cs:行号 203
   在 Foresight.DataAccess.Framework.EntityBaseReadOnly.GetList[T](String selectedFieldList, String fromStatementAndCriteria, List`1 parameters, String orderBy, Int64 startRowIndex, Int32 pageSize, Int64& totalRows) 位置 f:\code\CustomerPro\platform\DataAccess\Framework\Generated.EntityBaseReadOnly.cs:行号 1196
   在 Foresight.DataAccess.ViewRoomBasic.GetRoomBasicListByKeywords(List`1 RoomIDList, List`1 ProjectIDList, String RoomOwner, String OwnerPhone, String Keywords, List`1 SearchAreas, String orderBy, Int64 startRowIndex, Int32 pageSize, String OpenID, Int32 ConnectStatus, Boolean canexport, Int32 CompanyID) 位置 f:\code\CustomerPro\platform\DataAccess\RoomSource\ViewRoomBasic.cs:行号 160
   在 Foresight.DataAccess.ViewRoomBasic.GetRoomBasicListByKeywords(List`1 RoomIDList, List`1 ProjectIDList, String RoomOwner, String OwnerPhone, String Keywords, List`1 SearchAreas, String orderBy, Int64 startRowIndex, Int32 pageSize, Boolean canexport, Int32 CompanyID) 位置 f:\code\CustomerPro\platform\DataAccess\RoomSource\ViewRoomBasic.cs:行号 87
   在 Web.Handler.RoomResourceHandler.LoadRoomResourceList(HttpContext context) 位置 f:\code\CustomerPro\platform\Web\Handler\RoomResourceHandler.ashx.cs:行号 662
ClientConnectionId:e91513d6-da1f-4490-84d6-1408995c8b7f
Error Number:207,State:1,Class:16
2019-03-03 11:32:33,984 [13884] ERROR root - [RoomResourceHandler]命令:LoadRoomResourceList
System.Data.SqlClient.SqlException (0x80131904): 列名 'CompanyID' 无效。
   在 System.Data.SqlClient.SqlConnection.OnError(SqlException exception, Boolean breakConnection, Action`1 wrapCloseInAction)
   在 System.Data.SqlClient.SqlInternalConnection.OnError(SqlException exception, Boolean breakConnection, Action`1 wrapCloseInAction)
   在 System.Data.SqlClient.TdsParser.ThrowExceptionAndWarning(TdsParserStateObject stateObj, Boolean callerHasConnectionLock, Boolean asyncClose)
   在 System.Data.SqlClient.TdsParser.TryRun(RunBehavior runBehavior, SqlCommand cmdHandler, SqlDataReader dataStream, BulkCopySimpleResultSet bulkCopyHandler, TdsParserStateObject stateObj, Boolean& dataReady)
   在 System.Data.SqlClient.SqlDataReader.TryConsumeMetaData()
   在 System.Data.SqlClient.SqlDataReader.get_MetaData()
   在 System.Data.SqlClient.SqlCommand.FinishExecuteReader(SqlDataReader ds, RunBehavior runBehavior, String resetOptionsString, Boolean isInternal, Boolean forDescribeParameterEncryption, Boolean shouldCacheForAlwaysEncrypted)
   在 System.Data.SqlClient.SqlCommand.RunExecuteReaderTds(CommandBehavior cmdBehavior, RunBehavior runBehavior, Boolean returnStream, Boolean async, Int32 timeout, Task& task, Boolean asyncWrite, Boolean inRetry, SqlDataReader ds, Boolean describeParameterEncryptionRequest)
   在 System.Data.SqlClient.SqlCommand.RunExecuteReader(CommandBehavior cmdBehavior, RunBehavior runBehavior, Boolean returnStream, String method, TaskCompletionSource`1 completion, Int32 timeout, Task& task, Boolean& usedCache, Boolean asyncWrite, Boolean inRetry)
   在 System.Data.SqlClient.SqlCommand.RunExecuteReader(CommandBehavior cmdBehavior, RunBehavior runBehavior, Boolean returnStream, String method)
   在 System.Data.SqlClient.SqlCommand.ExecuteReader(CommandBehavior behavior, String method)
   在 System.Data.SqlClient.SqlCommand.ExecuteReader(CommandBehavior behavior)
   在 Foresight.DataAccess.Framework.SqlHelperBase.ExecuteDataReader(String command, CommandType commandType, List`1 parameterList, CommandBehavior behavior, Int32 timeout) 位置 f:\code\CustomerPro\platform\DataAccess\Framework\SqlHelperBase.cs:行号 250
   在 Foresight.DataAccess.Framework.SqlHelperBase.ExecuteDataReader(String command, CommandType commandType, List`1 parameterList) 位置 f:\code\CustomerPro\platform\DataAccess\Framework\SqlHelperBase.cs:行号 203
   在 Foresight.DataAccess.Framework.EntityBaseReadOnly.GetList[T](String selectedFieldList, String fromStatementAndCriteria, List`1 parameters, String orderBy, Int64 startRowIndex, Int32 pageSize, Int64& totalRows) 位置 f:\code\CustomerPro\platform\DataAccess\Framework\Generated.EntityBaseReadOnly.cs:行号 1196
   在 Foresight.DataAccess.ViewRoomBasic.GetRoomBasicListByKeywords(List`1 RoomIDList, List`1 ProjectIDList, String RoomOwner, String OwnerPhone, String Keywords, List`1 SearchAreas, String orderBy, Int64 startRowIndex, Int32 pageSize, String OpenID, Int32 ConnectStatus, Boolean canexport, Int32 CompanyID) 位置 f:\code\CustomerPro\platform\DataAccess\RoomSource\ViewRoomBasic.cs:行号 160
   在 Foresight.DataAccess.ViewRoomBasic.GetRoomBasicListByKeywords(List`1 RoomIDList, List`1 ProjectIDList, String RoomOwner, String OwnerPhone, String Keywords, List`1 SearchAreas, String orderBy, Int64 startRowIndex, Int32 pageSize, Boolean canexport, Int32 CompanyID) 位置 f:\code\CustomerPro\platform\DataAccess\RoomSource\ViewRoomBasic.cs:行号 87
   在 Web.Handler.RoomResourceHandler.LoadRoomResourceList(HttpContext context) 位置 f:\code\CustomerPro\platform\Web\Handler\RoomResourceHandler.ashx.cs:行号 662
ClientConnectionId:e91513d6-da1f-4490-84d6-1408995c8b7f
Error Number:207,State:1,Class:16
2019-03-03 11:32:37,159 [15996] ERROR root - [RoomResourceHandler]命令:LoadRoomResourceList
System.Data.SqlClient.SqlException (0x80131904): 列名 'CompanyID' 无效。
   在 System.Data.SqlClient.SqlConnection.OnError(SqlException exception, Boolean breakConnection, Action`1 wrapCloseInAction)
   在 System.Data.SqlClient.SqlInternalConnection.OnError(SqlException exception, Boolean breakConnection, Action`1 wrapCloseInAction)
   在 System.Data.SqlClient.TdsParser.ThrowExceptionAndWarning(TdsParserStateObject stateObj, Boolean callerHasConnectionLock, Boolean asyncClose)
   在 System.Data.SqlClient.TdsParser.TryRun(RunBehavior runBehavior, SqlCommand cmdHandler, SqlDataReader dataStream, BulkCopySimpleResultSet bulkCopyHandler, TdsParserStateObject stateObj, Boolean& dataReady)
   在 System.Data.SqlClient.SqlDataReader.TryConsumeMetaData()
   在 System.Data.SqlClient.SqlDataReader.get_MetaData()
   在 System.Data.SqlClient.SqlCommand.FinishExecuteReader(SqlDataReader ds, RunBehavior runBehavior, String resetOptionsString, Boolean isInternal, Boolean forDescribeParameterEncryption, Boolean shouldCacheForAlwaysEncrypted)
   在 System.Data.SqlClient.SqlCommand.RunExecuteReaderTds(CommandBehavior cmdBehavior, RunBehavior runBehavior, Boolean returnStream, Boolean async, Int32 timeout, Task& task, Boolean asyncWrite, Boolean inRetry, SqlDataReader ds, Boolean describeParameterEncryptionRequest)
   在 System.Data.SqlClient.SqlCommand.RunExecuteReader(CommandBehavior cmdBehavior, RunBehavior runBehavior, Boolean returnStream, String method, TaskCompletionSource`1 completion, Int32 timeout, Task& task, Boolean& usedCache, Boolean asyncWrite, Boolean inRetry)
   在 System.Data.SqlClient.SqlCommand.RunExecuteReader(CommandBehavior cmdBehavior, RunBehavior runBehavior, Boolean returnStream, String method)
   在 System.Data.SqlClient.SqlCommand.ExecuteReader(CommandBehavior behavior, String method)
   在 System.Data.SqlClient.SqlCommand.ExecuteReader(CommandBehavior behavior)
   在 Foresight.DataAccess.Framework.SqlHelperBase.ExecuteDataReader(String command, CommandType commandType, List`1 parameterList, CommandBehavior behavior, Int32 timeout) 位置 f:\code\CustomerPro\platform\DataAccess\Framework\SqlHelperBase.cs:行号 250
   在 Foresight.DataAccess.Framework.SqlHelperBase.ExecuteDataReader(String command, CommandType commandType, List`1 parameterList) 位置 f:\code\CustomerPro\platform\DataAccess\Framework\SqlHelperBase.cs:行号 203
   在 Foresight.DataAccess.Framework.EntityBaseReadOnly.GetList[T](String selectedFieldList, String fromStatementAndCriteria, List`1 parameters, String orderBy, Int64 startRowIndex, Int32 pageSize, Int64& totalRows) 位置 f:\code\CustomerPro\platform\DataAccess\Framework\Generated.EntityBaseReadOnly.cs:行号 1196
   在 Foresight.DataAccess.ViewRoomBasic.GetRoomBasicListByKeywords(List`1 RoomIDList, List`1 ProjectIDList, String RoomOwner, String OwnerPhone, String Keywords, List`1 SearchAreas, String orderBy, Int64 startRowIndex, Int32 pageSize, String OpenID, Int32 ConnectStatus, Boolean canexport, Int32 CompanyID) 位置 f:\code\CustomerPro\platform\DataAccess\RoomSource\ViewRoomBasic.cs:行号 160
   在 Foresight.DataAccess.ViewRoomBasic.GetRoomBasicListByKeywords(List`1 RoomIDList, List`1 ProjectIDList, String RoomOwner, String OwnerPhone, String Keywords, List`1 SearchAreas, String orderBy, Int64 startRowIndex, Int32 pageSize, Boolean canexport, Int32 CompanyID) 位置 f:\code\CustomerPro\platform\DataAccess\RoomSource\ViewRoomBasic.cs:行号 87
   在 Web.Handler.RoomResourceHandler.LoadRoomResourceList(HttpContext context) 位置 f:\code\CustomerPro\platform\Web\Handler\RoomResourceHandler.ashx.cs:行号 662
ClientConnectionId:e91513d6-da1f-4490-84d6-1408995c8b7f
Error Number:207,State:1,Class:16
2019-03-03 11:32:39,997 [8636] ERROR root - [RoomResourceHandler]命令:LoadRoomResourceList
System.Data.SqlClient.SqlException (0x80131904): 列名 'CompanyID' 无效。
   在 System.Data.SqlClient.SqlConnection.OnError(SqlException exception, Boolean breakConnection, Action`1 wrapCloseInAction)
   在 System.Data.SqlClient.SqlInternalConnection.OnError(SqlException exception, Boolean breakConnection, Action`1 wrapCloseInAction)
   在 System.Data.SqlClient.TdsParser.ThrowExceptionAndWarning(TdsParserStateObject stateObj, Boolean callerHasConnectionLock, Boolean asyncClose)
   在 System.Data.SqlClient.TdsParser.TryRun(RunBehavior runBehavior, SqlCommand cmdHandler, SqlDataReader dataStream, BulkCopySimpleResultSet bulkCopyHandler, TdsParserStateObject stateObj, Boolean& dataReady)
   在 System.Data.SqlClient.SqlDataReader.TryConsumeMetaData()
   在 System.Data.SqlClient.SqlDataReader.get_MetaData()
   在 System.Data.SqlClient.SqlCommand.FinishExecuteReader(SqlDataReader ds, RunBehavior runBehavior, String resetOptionsString, Boolean isInternal, Boolean forDescribeParameterEncryption, Boolean shouldCacheForAlwaysEncrypted)
   在 System.Data.SqlClient.SqlCommand.RunExecuteReaderTds(CommandBehavior cmdBehavior, RunBehavior runBehavior, Boolean returnStream, Boolean async, Int32 timeout, Task& task, Boolean asyncWrite, Boolean inRetry, SqlDataReader ds, Boolean describeParameterEncryptionRequest)
   在 System.Data.SqlClient.SqlCommand.RunExecuteReader(CommandBehavior cmdBehavior, RunBehavior runBehavior, Boolean returnStream, String method, TaskCompletionSource`1 completion, Int32 timeout, Task& task, Boolean& usedCache, Boolean asyncWrite, Boolean inRetry)
   在 System.Data.SqlClient.SqlCommand.RunExecuteReader(CommandBehavior cmdBehavior, RunBehavior runBehavior, Boolean returnStream, String method)
   在 System.Data.SqlClient.SqlCommand.ExecuteReader(CommandBehavior behavior, String method)
   在 System.Data.SqlClient.SqlCommand.ExecuteReader(CommandBehavior behavior)
   在 Foresight.DataAccess.Framework.SqlHelperBase.ExecuteDataReader(String command, CommandType commandType, List`1 parameterList, CommandBehavior behavior, Int32 timeout) 位置 f:\code\CustomerPro\platform\DataAccess\Framework\SqlHelperBase.cs:行号 250
   在 Foresight.DataAccess.Framework.SqlHelperBase.ExecuteDataReader(String command, CommandType commandType, List`1 parameterList) 位置 f:\code\CustomerPro\platform\DataAccess\Framework\SqlHelperBase.cs:行号 203
   在 Foresight.DataAccess.Framework.EntityBaseReadOnly.GetList[T](String selectedFieldList, String fromStatementAndCriteria, List`1 parameters, String orderBy, Int64 startRowIndex, Int32 pageSize, Int64& totalRows) 位置 f:\code\CustomerPro\platform\DataAccess\Framework\Generated.EntityBaseReadOnly.cs:行号 1196
   在 Foresight.DataAccess.ViewRoomBasic.GetRoomBasicListByKeywords(List`1 RoomIDList, List`1 ProjectIDList, String RoomOwner, String OwnerPhone, String Keywords, List`1 SearchAreas, String orderBy, Int64 startRowIndex, Int32 pageSize, String OpenID, Int32 ConnectStatus, Boolean canexport, Int32 CompanyID) 位置 f:\code\CustomerPro\platform\DataAccess\RoomSource\ViewRoomBasic.cs:行号 160
   在 Foresight.DataAccess.ViewRoomBasic.GetRoomBasicListByKeywords(List`1 RoomIDList, List`1 ProjectIDList, String RoomOwner, String OwnerPhone, String Keywords, List`1 SearchAreas, String orderBy, Int64 startRowIndex, Int32 pageSize, Boolean canexport, Int32 CompanyID) 位置 f:\code\CustomerPro\platform\DataAccess\RoomSource\ViewRoomBasic.cs:行号 87
   在 Web.Handler.RoomResourceHandler.LoadRoomResourceList(HttpContext context) 位置 f:\code\CustomerPro\platform\Web\Handler\RoomResourceHandler.ashx.cs:行号 662
ClientConnectionId:e91513d6-da1f-4490-84d6-1408995c8b7f
Error Number:207,State:1,Class:16
2019-03-03 11:32:44,351 [15996] ERROR root - [RoomResourceHandler]命令:LoadRoomResourceList
System.Data.SqlClient.SqlException (0x80131904): 列名 'CompanyID' 无效。
   在 System.Data.SqlClient.SqlConnection.OnError(SqlException exception, Boolean breakConnection, Action`1 wrapCloseInAction)
   在 System.Data.SqlClient.SqlInternalConnection.OnError(SqlException exception, Boolean breakConnection, Action`1 wrapCloseInAction)
   在 System.Data.SqlClient.TdsParser.ThrowExceptionAndWarning(TdsParserStateObject stateObj, Boolean callerHasConnectionLock, Boolean asyncClose)
   在 System.Data.SqlClient.TdsParser.TryRun(RunBehavior runBehavior, SqlCommand cmdHandler, SqlDataReader dataStream, BulkCopySimpleResultSet bulkCopyHandler, TdsParserStateObject stateObj, Boolean& dataReady)
   在 System.Data.SqlClient.SqlDataReader.TryConsumeMetaData()
   在 System.Data.SqlClient.SqlDataReader.get_MetaData()
   在 System.Data.SqlClient.SqlCommand.FinishExecuteReader(SqlDataReader ds, RunBehavior runBehavior, String resetOptionsString, Boolean isInternal, Boolean forDescribeParameterEncryption, Boolean shouldCacheForAlwaysEncrypted)
   在 System.Data.SqlClient.SqlCommand.RunExecuteReaderTds(CommandBehavior cmdBehavior, RunBehavior runBehavior, Boolean returnStream, Boolean async, Int32 timeout, Task& task, Boolean asyncWrite, Boolean inRetry, SqlDataReader ds, Boolean describeParameterEncryptionRequest)
   在 System.Data.SqlClient.SqlCommand.RunExecuteReader(CommandBehavior cmdBehavior, RunBehavior runBehavior, Boolean returnStream, String method, TaskCompletionSource`1 completion, Int32 timeout, Task& task, Boolean& usedCache, Boolean asyncWrite, Boolean inRetry)
   在 System.Data.SqlClient.SqlCommand.RunExecuteReader(CommandBehavior cmdBehavior, RunBehavior runBehavior, Boolean returnStream, String method)
   在 System.Data.SqlClient.SqlCommand.ExecuteReader(CommandBehavior behavior, String method)
   在 System.Data.SqlClient.SqlCommand.ExecuteReader(CommandBehavior behavior)
   在 Foresight.DataAccess.Framework.SqlHelperBase.ExecuteDataReader(String command, CommandType commandType, List`1 parameterList, CommandBehavior behavior, Int32 timeout) 位置 f:\code\CustomerPro\platform\DataAccess\Framework\SqlHelperBase.cs:行号 250
   在 Foresight.DataAccess.Framework.SqlHelperBase.ExecuteDataReader(String command, CommandType commandType, List`1 parameterList) 位置 f:\code\CustomerPro\platform\DataAccess\Framework\SqlHelperBase.cs:行号 203
   在 Foresight.DataAccess.Framework.EntityBaseReadOnly.GetList[T](String selectedFieldList, String fromStatementAndCriteria, List`1 parameters, String orderBy, Int64 startRowIndex, Int32 pageSize, Int64& totalRows) 位置 f:\code\CustomerPro\platform\DataAccess\Framework\Generated.EntityBaseReadOnly.cs:行号 1196
   在 Foresight.DataAccess.ViewRoomBasic.GetRoomBasicListByKeywords(List`1 RoomIDList, List`1 ProjectIDList, String RoomOwner, String OwnerPhone, String Keywords, List`1 SearchAreas, String orderBy, Int64 startRowIndex, Int32 pageSize, String OpenID, Int32 ConnectStatus, Boolean canexport, Int32 CompanyID) 位置 f:\code\CustomerPro\platform\DataAccess\RoomSource\ViewRoomBasic.cs:行号 160
   在 Foresight.DataAccess.ViewRoomBasic.GetRoomBasicListByKeywords(List`1 RoomIDList, List`1 ProjectIDList, String RoomOwner, String OwnerPhone, String Keywords, List`1 SearchAreas, String orderBy, Int64 startRowIndex, Int32 pageSize, Boolean canexport, Int32 CompanyID) 位置 f:\code\CustomerPro\platform\DataAccess\RoomSource\ViewRoomBasic.cs:行号 87
   在 Web.Handler.RoomResourceHandler.LoadRoomResourceList(HttpContext context) 位置 f:\code\CustomerPro\platform\Web\Handler\RoomResourceHandler.ashx.cs:行号 662
ClientConnectionId:e91513d6-da1f-4490-84d6-1408995c8b7f
Error Number:207,State:1,Class:16
2019-03-03 11:32:53,037 [8636] ERROR root - [RoomResourceHandler]命令:LoadRoomResourceList
System.Data.SqlClient.SqlException (0x80131904): 列名 'CompanyID' 无效。
   在 System.Data.SqlClient.SqlConnection.OnError(SqlException exception, Boolean breakConnection, Action`1 wrapCloseInAction)
   在 System.Data.SqlClient.SqlInternalConnection.OnError(SqlException exception, Boolean breakConnection, Action`1 wrapCloseInAction)
   在 System.Data.SqlClient.TdsParser.ThrowExceptionAndWarning(TdsParserStateObject stateObj, Boolean callerHasConnectionLock, Boolean asyncClose)
   在 System.Data.SqlClient.TdsParser.TryRun(RunBehavior runBehavior, SqlCommand cmdHandler, SqlDataReader dataStream, BulkCopySimpleResultSet bulkCopyHandler, TdsParserStateObject stateObj, Boolean& dataReady)
   在 System.Data.SqlClient.SqlDataReader.TryConsumeMetaData()
   在 System.Data.SqlClient.SqlDataReader.get_MetaData()
   在 System.Data.SqlClient.SqlCommand.FinishExecuteReader(SqlDataReader ds, RunBehavior runBehavior, String resetOptionsString, Boolean isInternal, Boolean forDescribeParameterEncryption, Boolean shouldCacheForAlwaysEncrypted)
   在 System.Data.SqlClient.SqlCommand.RunExecuteReaderTds(CommandBehavior cmdBehavior, RunBehavior runBehavior, Boolean returnStream, Boolean async, Int32 timeout, Task& task, Boolean asyncWrite, Boolean inRetry, SqlDataReader ds, Boolean describeParameterEncryptionRequest)
   在 System.Data.SqlClient.SqlCommand.RunExecuteReader(CommandBehavior cmdBehavior, RunBehavior runBehavior, Boolean returnStream, String method, TaskCompletionSource`1 completion, Int32 timeout, Task& task, Boolean& usedCache, Boolean asyncWrite, Boolean inRetry)
   在 System.Data.SqlClient.SqlCommand.RunExecuteReader(CommandBehavior cmdBehavior, RunBehavior runBehavior, Boolean returnStream, String method)
   在 System.Data.SqlClient.SqlCommand.ExecuteReader(CommandBehavior behavior, String method)
   在 System.Data.SqlClient.SqlCommand.ExecuteReader(CommandBehavior behavior)
   在 Foresight.DataAccess.Framework.SqlHelperBase.ExecuteDataReader(String command, CommandType commandType, List`1 parameterList, CommandBehavior behavior, Int32 timeout) 位置 f:\code\CustomerPro\platform\DataAccess\Framework\SqlHelperBase.cs:行号 250
   在 Foresight.DataAccess.Framework.SqlHelperBase.ExecuteDataReader(String command, CommandType commandType, List`1 parameterList) 位置 f:\code\CustomerPro\platform\DataAccess\Framework\SqlHelperBase.cs:行号 203
   在 Foresight.DataAccess.Framework.EntityBaseReadOnly.GetList[T](String selectedFieldList, String fromStatementAndCriteria, List`1 parameters, String orderBy, Int64 startRowIndex, Int32 pageSize, Int64& totalRows) 位置 f:\code\CustomerPro\platform\DataAccess\Framework\Generated.EntityBaseReadOnly.cs:行号 1196
   在 Foresight.DataAccess.ViewRoomBasic.GetRoomBasicListByKeywords(List`1 RoomIDList, List`1 ProjectIDList, String RoomOwner, String OwnerPhone, String Keywords, List`1 SearchAreas, String orderBy, Int64 startRowIndex, Int32 pageSize, String OpenID, Int32 ConnectStatus, Boolean canexport, Int32 CompanyID) 位置 f:\code\CustomerPro\platform\DataAccess\RoomSource\ViewRoomBasic.cs:行号 160
   在 Foresight.DataAccess.ViewRoomBasic.GetRoomBasicListByKeywords(List`1 RoomIDList, List`1 ProjectIDList, String RoomOwner, String OwnerPhone, String Keywords, List`1 SearchAreas, String orderBy, Int64 startRowIndex, Int32 pageSize, Boolean canexport, Int32 CompanyID) 位置 f:\code\CustomerPro\platform\DataAccess\RoomSource\ViewRoomBasic.cs:行号 87
   在 Web.Handler.RoomResourceHandler.LoadRoomResourceList(HttpContext context) 位置 f:\code\CustomerPro\platform\Web\Handler\RoomResourceHandler.ashx.cs:行号 662
ClientConnectionId:e91513d6-da1f-4490-84d6-1408995c8b7f
Error Number:207,State:1,Class:16
2019-03-03 11:34:38,617 [15996] ERROR root - [RoomResourceHandler]命令:LoadRoomResourceList
System.Data.SqlClient.SqlException (0x80131904): 列名 'CompanyID' 无效。
   在 System.Data.SqlClient.SqlConnection.OnError(SqlException exception, Boolean breakConnection, Action`1 wrapCloseInAction)
   在 System.Data.SqlClient.SqlInternalConnection.OnError(SqlException exception, Boolean breakConnection, Action`1 wrapCloseInAction)
   在 System.Data.SqlClient.TdsParser.ThrowExceptionAndWarning(TdsParserStateObject stateObj, Boolean callerHasConnectionLock, Boolean asyncClose)
   在 System.Data.SqlClient.TdsParser.TryRun(RunBehavior runBehavior, SqlCommand cmdHandler, SqlDataReader dataStream, BulkCopySimpleResultSet bulkCopyHandler, TdsParserStateObject stateObj, Boolean& dataReady)
   在 System.Data.SqlClient.SqlDataReader.TryConsumeMetaData()
   在 System.Data.SqlClient.SqlDataReader.get_MetaData()
   在 System.Data.SqlClient.SqlCommand.FinishExecuteReader(SqlDataReader ds, RunBehavior runBehavior, String resetOptionsString, Boolean isInternal, Boolean forDescribeParameterEncryption, Boolean shouldCacheForAlwaysEncrypted)
   在 System.Data.SqlClient.SqlCommand.RunExecuteReaderTds(CommandBehavior cmdBehavior, RunBehavior runBehavior, Boolean returnStream, Boolean async, Int32 timeout, Task& task, Boolean asyncWrite, Boolean inRetry, SqlDataReader ds, Boolean describeParameterEncryptionRequest)
   在 System.Data.SqlClient.SqlCommand.RunExecuteReader(CommandBehavior cmdBehavior, RunBehavior runBehavior, Boolean returnStream, String method, TaskCompletionSource`1 completion, Int32 timeout, Task& task, Boolean& usedCache, Boolean asyncWrite, Boolean inRetry)
   在 System.Data.SqlClient.SqlCommand.RunExecuteReader(CommandBehavior cmdBehavior, RunBehavior runBehavior, Boolean returnStream, String method)
   在 System.Data.SqlClient.SqlCommand.ExecuteReader(CommandBehavior behavior, String method)
   在 System.Data.SqlClient.SqlCommand.ExecuteReader(CommandBehavior behavior)
   在 Foresight.DataAccess.Framework.SqlHelperBase.ExecuteDataReader(String command, CommandType commandType, List`1 parameterList, CommandBehavior behavior, Int32 timeout) 位置 f:\code\CustomerPro\platform\DataAccess\Framework\SqlHelperBase.cs:行号 250
   在 Foresight.DataAccess.Framework.SqlHelperBase.ExecuteDataReader(String command, CommandType commandType, List`1 parameterList) 位置 f:\code\CustomerPro\platform\DataAccess\Framework\SqlHelperBase.cs:行号 203
   在 Foresight.DataAccess.Framework.EntityBaseReadOnly.GetList[T](String selectedFieldList, String fromStatementAndCriteria, List`1 parameters, String orderBy, Int64 startRowIndex, Int32 pageSize, Int64& totalRows) 位置 f:\code\CustomerPro\platform\DataAccess\Framework\Generated.EntityBaseReadOnly.cs:行号 1196
   在 Foresight.DataAccess.ViewRoomBasic.GetRoomBasicListByKeywords(List`1 RoomIDList, List`1 ProjectIDList, String RoomOwner, String OwnerPhone, String Keywords, List`1 SearchAreas, String orderBy, Int64 startRowIndex, Int32 pageSize, String OpenID, Int32 ConnectStatus, Boolean canexport, Int32 CompanyID) 位置 f:\code\CustomerPro\platform\DataAccess\RoomSource\ViewRoomBasic.cs:行号 160
   在 Foresight.DataAccess.ViewRoomBasic.GetRoomBasicListByKeywords(List`1 RoomIDList, List`1 ProjectIDList, String RoomOwner, String OwnerPhone, String Keywords, List`1 SearchAreas, String orderBy, Int64 startRowIndex, Int32 pageSize, Boolean canexport, Int32 CompanyID) 位置 f:\code\CustomerPro\platform\DataAccess\RoomSource\ViewRoomBasic.cs:行号 87
   在 Web.Handler.RoomResourceHandler.LoadRoomResourceList(HttpContext context) 位置 f:\code\CustomerPro\platform\Web\Handler\RoomResourceHandler.ashx.cs:行号 662
ClientConnectionId:e91513d6-da1f-4490-84d6-1408995c8b7f
Error Number:207,State:1,Class:16
2019-03-03 11:35:33,017 [8636] ERROR root - [RoomResourceHandler]命令:LoadRoomResourceList
System.Data.SqlClient.SqlException (0x80131904): 列名 'CompanyID' 无效。
   在 System.Data.SqlClient.SqlConnection.OnError(SqlException exception, Boolean breakConnection, Action`1 wrapCloseInAction)
   在 System.Data.SqlClient.SqlInternalConnection.OnError(SqlException exception, Boolean breakConnection, Action`1 wrapCloseInAction)
   在 System.Data.SqlClient.TdsParser.ThrowExceptionAndWarning(TdsParserStateObject stateObj, Boolean callerHasConnectionLock, Boolean asyncClose)
   在 System.Data.SqlClient.TdsParser.TryRun(RunBehavior runBehavior, SqlCommand cmdHandler, SqlDataReader dataStream, BulkCopySimpleResultSet bulkCopyHandler, TdsParserStateObject stateObj, Boolean& dataReady)
   在 System.Data.SqlClient.SqlDataReader.TryConsumeMetaData()
   在 System.Data.SqlClient.SqlDataReader.get_MetaData()
   在 System.Data.SqlClient.SqlCommand.FinishExecuteReader(SqlDataReader ds, RunBehavior runBehavior, String resetOptionsString, Boolean isInternal, Boolean forDescribeParameterEncryption, Boolean shouldCacheForAlwaysEncrypted)
   在 System.Data.SqlClient.SqlCommand.RunExecuteReaderTds(CommandBehavior cmdBehavior, RunBehavior runBehavior, Boolean returnStream, Boolean async, Int32 timeout, Task& task, Boolean asyncWrite, Boolean inRetry, SqlDataReader ds, Boolean describeParameterEncryptionRequest)
   在 System.Data.SqlClient.SqlCommand.RunExecuteReader(CommandBehavior cmdBehavior, RunBehavior runBehavior, Boolean returnStream, String method, TaskCompletionSource`1 completion, Int32 timeout, Task& task, Boolean& usedCache, Boolean asyncWrite, Boolean inRetry)
   在 System.Data.SqlClient.SqlCommand.RunExecuteReader(CommandBehavior cmdBehavior, RunBehavior runBehavior, Boolean returnStream, String method)
   在 System.Data.SqlClient.SqlCommand.ExecuteReader(CommandBehavior behavior, String method)
   在 System.Data.SqlClient.SqlCommand.ExecuteReader(CommandBehavior behavior)
   在 Foresight.DataAccess.Framework.SqlHelperBase.ExecuteDataReader(String command, CommandType commandType, List`1 parameterList, CommandBehavior behavior, Int32 timeout) 位置 f:\code\CustomerPro\platform\DataAccess\Framework\SqlHelperBase.cs:行号 250
   在 Foresight.DataAccess.Framework.SqlHelperBase.ExecuteDataReader(String command, CommandType commandType, List`1 parameterList) 位置 f:\code\CustomerPro\platform\DataAccess\Framework\SqlHelperBase.cs:行号 203
   在 Foresight.DataAccess.Framework.EntityBaseReadOnly.GetList[T](String selectedFieldList, String fromStatementAndCriteria, List`1 parameters, String orderBy, Int64 startRowIndex, Int32 pageSize, Int64& totalRows) 位置 f:\code\CustomerPro\platform\DataAccess\Framework\Generated.EntityBaseReadOnly.cs:行号 1196
   在 Foresight.DataAccess.ViewRoomBasic.GetRoomBasicListByKeywords(List`1 RoomIDList, List`1 ProjectIDList, String RoomOwner, String OwnerPhone, String Keywords, List`1 SearchAreas, String orderBy, Int64 startRowIndex, Int32 pageSize, String OpenID, Int32 ConnectStatus, Boolean canexport, Int32 CompanyID) 位置 f:\code\CustomerPro\platform\DataAccess\RoomSource\ViewRoomBasic.cs:行号 160
   在 Foresight.DataAccess.ViewRoomBasic.GetRoomBasicListByKeywords(List`1 RoomIDList, List`1 ProjectIDList, String RoomOwner, String OwnerPhone, String Keywords, List`1 SearchAreas, String orderBy, Int64 startRowIndex, Int32 pageSize, Boolean canexport, Int32 CompanyID) 位置 f:\code\CustomerPro\platform\DataAccess\RoomSource\ViewRoomBasic.cs:行号 87
   在 Web.Handler.RoomResourceHandler.LoadRoomResourceList(HttpContext context) 位置 f:\code\CustomerPro\platform\Web\Handler\RoomResourceHandler.ashx.cs:行号 662
ClientConnectionId:2999c7c4-2d49-408e-948b-dec00b508fcd
Error Number:207,State:1,Class:16
2019-03-03 11:36:13,120 [17436] ERROR root - [RoomResourceHandler]命令:LoadRoomResourceList
System.Data.SqlClient.SqlException (0x80131904): 列名 'CompanyID' 无效。
   在 System.Data.SqlClient.SqlConnection.OnError(SqlException exception, Boolean breakConnection, Action`1 wrapCloseInAction)
   在 System.Data.SqlClient.SqlInternalConnection.OnError(SqlException exception, Boolean breakConnection, Action`1 wrapCloseInAction)
   在 System.Data.SqlClient.TdsParser.ThrowExceptionAndWarning(TdsParserStateObject stateObj, Boolean callerHasConnectionLock, Boolean asyncClose)
   在 System.Data.SqlClient.TdsParser.TryRun(RunBehavior runBehavior, SqlCommand cmdHandler, SqlDataReader dataStream, BulkCopySimpleResultSet bulkCopyHandler, TdsParserStateObject stateObj, Boolean& dataReady)
   在 System.Data.SqlClient.SqlDataReader.TryConsumeMetaData()
   在 System.Data.SqlClient.SqlDataReader.get_MetaData()
   在 System.Data.SqlClient.SqlCommand.FinishExecuteReader(SqlDataReader ds, RunBehavior runBehavior, String resetOptionsString, Boolean isInternal, Boolean forDescribeParameterEncryption, Boolean shouldCacheForAlwaysEncrypted)
   在 System.Data.SqlClient.SqlCommand.RunExecuteReaderTds(CommandBehavior cmdBehavior, RunBehavior runBehavior, Boolean returnStream, Boolean async, Int32 timeout, Task& task, Boolean asyncWrite, Boolean inRetry, SqlDataReader ds, Boolean describeParameterEncryptionRequest)
   在 System.Data.SqlClient.SqlCommand.RunExecuteReader(CommandBehavior cmdBehavior, RunBehavior runBehavior, Boolean returnStream, String method, TaskCompletionSource`1 completion, Int32 timeout, Task& task, Boolean& usedCache, Boolean asyncWrite, Boolean inRetry)
   在 System.Data.SqlClient.SqlCommand.RunExecuteReader(CommandBehavior cmdBehavior, RunBehavior runBehavior, Boolean returnStream, String method)
   在 System.Data.SqlClient.SqlCommand.ExecuteReader(CommandBehavior behavior, String method)
   在 System.Data.SqlClient.SqlCommand.ExecuteReader(CommandBehavior behavior)
   在 Foresight.DataAccess.Framework.SqlHelperBase.ExecuteDataReader(String command, CommandType commandType, List`1 parameterList, CommandBehavior behavior, Int32 timeout) 位置 f:\code\CustomerPro\platform\DataAccess\Framework\SqlHelperBase.cs:行号 250
   在 Foresight.DataAccess.Framework.SqlHelperBase.ExecuteDataReader(String command, CommandType commandType, List`1 parameterList) 位置 f:\code\CustomerPro\platform\DataAccess\Framework\SqlHelperBase.cs:行号 203
   在 Foresight.DataAccess.Framework.EntityBaseReadOnly.GetList[T](String selectedFieldList, String fromStatementAndCriteria, List`1 parameters, String orderBy, Int64 startRowIndex, Int32 pageSize, Int64& totalRows) 位置 f:\code\CustomerPro\platform\DataAccess\Framework\Generated.EntityBaseReadOnly.cs:行号 1196
   在 Foresight.DataAccess.ViewRoomBasic.GetRoomBasicListByKeywords(List`1 RoomIDList, List`1 ProjectIDList, String RoomOwner, String OwnerPhone, String Keywords, List`1 SearchAreas, String orderBy, Int64 startRowIndex, Int32 pageSize, String OpenID, Int32 ConnectStatus, Boolean canexport, Int32 CompanyID) 位置 f:\code\CustomerPro\platform\DataAccess\RoomSource\ViewRoomBasic.cs:行号 160
   在 Foresight.DataAccess.ViewRoomBasic.GetRoomBasicListByKeywords(List`1 RoomIDList, List`1 ProjectIDList, String RoomOwner, String OwnerPhone, String Keywords, List`1 SearchAreas, String orderBy, Int64 startRowIndex, Int32 pageSize, Boolean canexport, Int32 CompanyID) 位置 f:\code\CustomerPro\platform\DataAccess\RoomSource\ViewRoomBasic.cs:行号 87
   在 Web.Handler.RoomResourceHandler.LoadRoomResourceList(HttpContext context) 位置 f:\code\CustomerPro\platform\Web\Handler\RoomResourceHandler.ashx.cs:行号 662
ClientConnectionId:084430d3-d2ab-4381-893a-6738b1f6769c
Error Number:207,State:1,Class:16
2019-03-03 11:36:48,075 [15372] ERROR root - [RoomResourceHandler]命令:LoadRoomResourceList
System.Data.SqlClient.SqlException (0x80131904): 列名 'CompanyID' 无效。
   在 System.Data.SqlClient.SqlConnection.OnError(SqlException exception, Boolean breakConnection, Action`1 wrapCloseInAction)
   在 System.Data.SqlClient.SqlInternalConnection.OnError(SqlException exception, Boolean breakConnection, Action`1 wrapCloseInAction)
   在 System.Data.SqlClient.TdsParser.ThrowExceptionAndWarning(TdsParserStateObject stateObj, Boolean callerHasConnectionLock, Boolean asyncClose)
   在 System.Data.SqlClient.TdsParser.TryRun(RunBehavior runBehavior, SqlCommand cmdHandler, SqlDataReader dataStream, BulkCopySimpleResultSet bulkCopyHandler, TdsParserStateObject stateObj, Boolean& dataReady)
   在 System.Data.SqlClient.SqlDataReader.TryConsumeMetaData()
   在 System.Data.SqlClient.SqlDataReader.get_MetaData()
   在 System.Data.SqlClient.SqlCommand.FinishExecuteReader(SqlDataReader ds, RunBehavior runBehavior, String resetOptionsString, Boolean isInternal, Boolean forDescribeParameterEncryption, Boolean shouldCacheForAlwaysEncrypted)
   在 System.Data.SqlClient.SqlCommand.RunExecuteReaderTds(CommandBehavior cmdBehavior, RunBehavior runBehavior, Boolean returnStream, Boolean async, Int32 timeout, Task& task, Boolean asyncWrite, Boolean inRetry, SqlDataReader ds, Boolean describeParameterEncryptionRequest)
   在 System.Data.SqlClient.SqlCommand.RunExecuteReader(CommandBehavior cmdBehavior, RunBehavior runBehavior, Boolean returnStream, String method, TaskCompletionSource`1 completion, Int32 timeout, Task& task, Boolean& usedCache, Boolean asyncWrite, Boolean inRetry)
   在 System.Data.SqlClient.SqlCommand.RunExecuteReader(CommandBehavior cmdBehavior, RunBehavior runBehavior, Boolean returnStream, String method)
   在 System.Data.SqlClient.SqlCommand.ExecuteReader(CommandBehavior behavior, String method)
   在 System.Data.SqlClient.SqlCommand.ExecuteReader(CommandBehavior behavior)
   在 Foresight.DataAccess.Framework.SqlHelperBase.ExecuteDataReader(String command, CommandType commandType, List`1 parameterList, CommandBehavior behavior, Int32 timeout) 位置 f:\code\CustomerPro\platform\DataAccess\Framework\SqlHelperBase.cs:行号 250
   在 Foresight.DataAccess.Framework.SqlHelperBase.ExecuteDataReader(String command, CommandType commandType, List`1 parameterList) 位置 f:\code\CustomerPro\platform\DataAccess\Framework\SqlHelperBase.cs:行号 203
   在 Foresight.DataAccess.Framework.EntityBaseReadOnly.GetList[T](String selectedFieldList, String fromStatementAndCriteria, List`1 parameters, String orderBy, Int64 startRowIndex, Int32 pageSize, Int64& totalRows) 位置 f:\code\CustomerPro\platform\DataAccess\Framework\Generated.EntityBaseReadOnly.cs:行号 1196
   在 Foresight.DataAccess.ViewRoomBasic.GetRoomBasicListByKeywords(List`1 RoomIDList, List`1 ProjectIDList, String RoomOwner, String OwnerPhone, String Keywords, List`1 SearchAreas, String orderBy, Int64 startRowIndex, Int32 pageSize, String OpenID, Int32 ConnectStatus, Boolean canexport, Int32 CompanyID) 位置 f:\code\CustomerPro\platform\DataAccess\RoomSource\ViewRoomBasic.cs:行号 160
   在 Foresight.DataAccess.ViewRoomBasic.GetRoomBasicListByKeywords(List`1 RoomIDList, List`1 ProjectIDList, String RoomOwner, String OwnerPhone, String Keywords, List`1 SearchAreas, String orderBy, Int64 startRowIndex, Int32 pageSize, Boolean canexport, Int32 CompanyID) 位置 f:\code\CustomerPro\platform\DataAccess\RoomSource\ViewRoomBasic.cs:行号 87
   在 Web.Handler.RoomResourceHandler.LoadRoomResourceList(HttpContext context) 位置 f:\code\CustomerPro\platform\Web\Handler\RoomResourceHandler.ashx.cs:行号 662
ClientConnectionId:084430d3-d2ab-4381-893a-6738b1f6769c
Error Number:207,State:1,Class:16
