2019-03-04 10:51:37,625 [9288] ERROR root - [ProjectHandler]visit: getprojectinfo
System.ArgumentException: 已添加了具有相同键的项。
   在 System.ThrowHelper.ThrowArgumentException(ExceptionResource resource)
   在 System.Collections.Generic.Dictionary`2.Insert(TKey key, TValue value, Boolean add)
   在 System.Collections.Generic.Dictionary`2.Add(TKey key, TValue value)
   在 Foresight.DataAccess.Framework.EntityBaseReadOnly.GetDatabaseColumnProperties(Type type) 位置 f:\code\CustomerPro\platform\DataAccess\Framework\Generated.EntityBaseReadOnly.cs:行号 425
   在 Foresight.DataAccess.Framework.EntityBaseReadOnly.GetDatabaseColumnPropertyInfo(Type type, String propertyName) 位置 f:\code\CustomerPro\platform\DataAccess\Framework\Generated.EntityBaseReadOnly.cs:行号 384
   在 Foresight.DataAccess.Framework.EntityBaseReadOnly.Initialize(IDataReader reader) 位置 f:\code\CustomerPro\platform\DataAccess\Framework\Generated.EntityBaseReadOnly.cs:行号 449
   在 Foresight.DataAccess.Framework.EntityListReadOnly`1.Initialize(IDataReader reader) 位置 f:\code\CustomerPro\platform\DataAccess\Framework\Generated.EntityListReadOnly.cs:行号 106
   在 Foresight.DataAccess.Framework.EntityListReadOnly`1..ctor(IDataReader reader) 位置 f:\code\CustomerPro\platform\DataAccess\Framework\Generated.EntityListReadOnly.cs:行号 398
   在 Foresight.DataAccess.Framework.EntityList`1..ctor(IDataReader reader) 位置 f:\code\CustomerPro\platform\DataAccess\Framework\Generated.EntityList.cs:行号 206
   在 Foresight.DataAccess.Framework.EntityBaseReadOnly.InitializeList[T](IDataReader reader) 位置 f:\code\CustomerPro\platform\DataAccess\Framework\Generated.EntityBaseReadOnly.cs:行号 1311
   在 Foresight.DataAccess.Framework.EntityBaseReadOnly.GetList[T](String commandText, List`1 parameters) 位置 f:\code\CustomerPro\platform\DataAccess\Framework\Generated.EntityBaseReadOnly.cs:行号 1110
   在 Foresight.DataAccess.Project.GetMyProjectListByUserID(Int32 UserID, List`1& EqualIDList, List`1& InIDList, List`1 ProjectIDList) 位置 f:\code\CustomerPro\platform\DataAccess\RoomSource\Project.cs:行号 62
   在 Foresight.DataAccess.ProjectTree.GetProjectTreeListByID(Int32 ID, String Keywords, Int32 UserID, Int32 IconID, Boolean OnlyXiaoqu, Boolean ExceptRoom, Int32 CompanyID) 位置 f:\code\CustomerPro\platform\DataAccess\RoomSource\Project.cs:行号 407
   在 Web.APPCode.CacheHelper.GetMyProjectDetailsTree(Int32 UserID) 位置 f:\code\CustomerPro\platform\Web\APPCode\CacheHelper.cs:行号 186
   在 Web.WebUtil.GetMyProjectDetailsTree(Int32 UserID) 位置 f:\code\CustomerPro\platform\Web\APPCode\WebUtil.cs:行号 267
   在 Web.Handler.ProjectHandler.GetProjectInfo(HttpContext context) 位置 f:\code\CustomerPro\platform\Web\Handler\ProjectHandler.ashx.cs:行号 1211
   在 Web.Handler.ProjectHandler.ProcessRequest(HttpContext context) 位置 f:\code\CustomerPro\platform\Web\Handler\ProjectHandler.ashx.cs:行号 38
2019-03-04 11:13:25,898 [16888] ERROR root - [ServiceHandler]命令:loadservicelist
System.Data.SqlClient.SqlException (0x80131904): 必须声明标量变量 "@UserID"。
必须声明标量变量 "@UserID"。
')' 附近有语法错误。
   在 System.Data.SqlClient.SqlConnection.OnError(SqlException exception, Boolean breakConnection, Action`1 wrapCloseInAction)
   在 System.Data.SqlClient.SqlInternalConnection.OnError(SqlException exception, Boolean breakConnection, Action`1 wrapCloseInAction)
   在 System.Data.SqlClient.TdsParser.ThrowExceptionAndWarning(TdsParserStateObject stateObj, Boolean callerHasConnectionLock, Boolean asyncClose)
   在 System.Data.SqlClient.TdsParser.TryRun(RunBehavior runBehavior, SqlCommand cmdHandler, SqlDataReader dataStream, BulkCopySimpleResultSet bulkCopyHandler, TdsParserStateObject stateObj, Boolean& dataReady)
   在 System.Data.SqlClient.SqlDataReader.TryConsumeMetaData()
   在 System.Data.SqlClient.SqlDataReader.get_MetaData()
   在 System.Data.SqlClient.SqlCommand.FinishExecuteReader(SqlDataReader ds, RunBehavior runBehavior, String resetOptionsString, Boolean isInternal, Boolean forDescribeParameterEncryption, Boolean shouldCacheForAlwaysEncrypted)
   在 System.Data.SqlClient.SqlCommand.RunExecuteReaderTds(CommandBehavior cmdBehavior, RunBehavior runBehavior, Boolean returnStream, Boolean async, Int32 timeout, Task& task, Boolean asyncWrite, Boolean inRetry, SqlDataReader ds, Boolean describeParameterEncryptionRequest)
   在 System.Data.SqlClient.SqlCommand.RunExecuteReader(CommandBehavior cmdBehavior, RunBehavior runBehavior, Boolean returnStream, String method, TaskCompletionSource`1 completion, Int32 timeout, Task& task, Boolean& usedCache, Boolean asyncWrite, Boolean inRetry)
   在 System.Data.SqlClient.SqlCommand.RunExecuteReader(CommandBehavior cmdBehavior, RunBehavior runBehavior, Boolean returnStream, String method)
   在 System.Data.SqlClient.SqlCommand.ExecuteReader(CommandBehavior behavior, String method)
   在 System.Data.SqlClient.SqlCommand.ExecuteReader(CommandBehavior behavior)
   在 Foresight.DataAccess.Framework.SqlHelperBase.ExecuteDataReader(String command, CommandType commandType, List`1 parameterList, CommandBehavior behavior, Int32 timeout) 位置 f:\code\CustomerPro\platform\DataAccess\Framework\SqlHelperBase.cs:行号 250
   在 Foresight.DataAccess.Framework.SqlHelperBase.ExecuteDataReader(String command, CommandType commandType, List`1 parameterList) 位置 f:\code\CustomerPro\platform\DataAccess\Framework\SqlHelperBase.cs:行号 203
   在 Foresight.DataAccess.Framework.EntityBaseReadOnly.GetList[T](String selectedFieldList, String fromStatementAndCriteria, List`1 parameters, String orderBy, Int64 startRowIndex, Int32 pageSize, Int64& totalRows) 位置 f:\code\CustomerPro\platform\DataAccess\Framework\Generated.EntityBaseReadOnly.cs:行号 1196
   在 Foresight.DataAccess.ViewCustomerService.GetCustomerServiceGridByKeywords(String Keywords, List`1 RoomIDList, DateTime StartTime, DateTime EndTime, Int32 ServiceStatus, Int32 PayStatus, Int32 ServiceAccpetManID, String orderBy, Int64 startRowIndex, Int32 pageSize, Int32 UserID, Boolean IsAdminUser, List`1 EqualProjectIDList, List`1 InProjectIDList, Int32 ServiceType, Int32 ServiceRange, List`1 PublicProjectIDList, Boolean canexport) 位置 f:\code\CustomerPro\platform\DataAccess\CustomerService\ViewCustomerService.cs:行号 194
   在 Web.Handler.ServiceHandler.loadservicelist(HttpContext context) 位置 f:\code\CustomerPro\platform\Web\Handler\ServiceHandler.ashx.cs:行号 1596
ClientConnectionId:82c75235-5c86-458b-b18c-a57f6e30f218
Error Number:137,State:2,Class:15
2019-03-04 11:13:30,257 [16888] ERROR root - [ServiceHandler]命令:loadservicelist
System.Data.SqlClient.SqlException (0x80131904): 必须声明标量变量 "@UserID"。
必须声明标量变量 "@UserID"。
')' 附近有语法错误。
   在 System.Data.SqlClient.SqlConnection.OnError(SqlException exception, Boolean breakConnection, Action`1 wrapCloseInAction)
   在 System.Data.SqlClient.SqlInternalConnection.OnError(SqlException exception, Boolean breakConnection, Action`1 wrapCloseInAction)
   在 System.Data.SqlClient.TdsParser.ThrowExceptionAndWarning(TdsParserStateObject stateObj, Boolean callerHasConnectionLock, Boolean asyncClose)
   在 System.Data.SqlClient.TdsParser.TryRun(RunBehavior runBehavior, SqlCommand cmdHandler, SqlDataReader dataStream, BulkCopySimpleResultSet bulkCopyHandler, TdsParserStateObject stateObj, Boolean& dataReady)
   在 System.Data.SqlClient.SqlDataReader.TryConsumeMetaData()
   在 System.Data.SqlClient.SqlDataReader.get_MetaData()
   在 System.Data.SqlClient.SqlCommand.FinishExecuteReader(SqlDataReader ds, RunBehavior runBehavior, String resetOptionsString, Boolean isInternal, Boolean forDescribeParameterEncryption, Boolean shouldCacheForAlwaysEncrypted)
   在 System.Data.SqlClient.SqlCommand.RunExecuteReaderTds(CommandBehavior cmdBehavior, RunBehavior runBehavior, Boolean returnStream, Boolean async, Int32 timeout, Task& task, Boolean asyncWrite, Boolean inRetry, SqlDataReader ds, Boolean describeParameterEncryptionRequest)
   在 System.Data.SqlClient.SqlCommand.RunExecuteReader(CommandBehavior cmdBehavior, RunBehavior runBehavior, Boolean returnStream, String method, TaskCompletionSource`1 completion, Int32 timeout, Task& task, Boolean& usedCache, Boolean asyncWrite, Boolean inRetry)
   在 System.Data.SqlClient.SqlCommand.RunExecuteReader(CommandBehavior cmdBehavior, RunBehavior runBehavior, Boolean returnStream, String method)
   在 System.Data.SqlClient.SqlCommand.ExecuteReader(CommandBehavior behavior, String method)
   在 System.Data.SqlClient.SqlCommand.ExecuteReader(CommandBehavior behavior)
   在 Foresight.DataAccess.Framework.SqlHelperBase.ExecuteDataReader(String command, CommandType commandType, List`1 parameterList, CommandBehavior behavior, Int32 timeout) 位置 f:\code\CustomerPro\platform\DataAccess\Framework\SqlHelperBase.cs:行号 250
   在 Foresight.DataAccess.Framework.SqlHelperBase.ExecuteDataReader(String command, CommandType commandType, List`1 parameterList) 位置 f:\code\CustomerPro\platform\DataAccess\Framework\SqlHelperBase.cs:行号 203
   在 Foresight.DataAccess.Framework.EntityBaseReadOnly.GetList[T](String selectedFieldList, String fromStatementAndCriteria, List`1 parameters, String orderBy, Int64 startRowIndex, Int32 pageSize, Int64& totalRows) 位置 f:\code\CustomerPro\platform\DataAccess\Framework\Generated.EntityBaseReadOnly.cs:行号 1196
   在 Foresight.DataAccess.ViewCustomerService.GetCustomerServiceGridByKeywords(String Keywords, List`1 RoomIDList, DateTime StartTime, DateTime EndTime, Int32 ServiceStatus, Int32 PayStatus, Int32 ServiceAccpetManID, String orderBy, Int64 startRowIndex, Int32 pageSize, Int32 UserID, Boolean IsAdminUser, List`1 EqualProjectIDList, List`1 InProjectIDList, Int32 ServiceType, Int32 ServiceRange, List`1 PublicProjectIDList, Boolean canexport) 位置 f:\code\CustomerPro\platform\DataAccess\CustomerService\ViewCustomerService.cs:行号 194
   在 Web.Handler.ServiceHandler.loadservicelist(HttpContext context) 位置 f:\code\CustomerPro\platform\Web\Handler\ServiceHandler.ashx.cs:行号 1596
ClientConnectionId:82c75235-5c86-458b-b18c-a57f6e30f218
Error Number:137,State:2,Class:15
2019-03-04 11:13:48,251 [16888] ERROR root - [ServiceHandler]命令:loadservicelist
System.Data.SqlClient.SqlException (0x80131904): 必须声明标量变量 "@UserID"。
必须声明标量变量 "@UserID"。
')' 附近有语法错误。
   在 System.Data.SqlClient.SqlConnection.OnError(SqlException exception, Boolean breakConnection, Action`1 wrapCloseInAction)
   在 System.Data.SqlClient.SqlInternalConnection.OnError(SqlException exception, Boolean breakConnection, Action`1 wrapCloseInAction)
   在 System.Data.SqlClient.TdsParser.ThrowExceptionAndWarning(TdsParserStateObject stateObj, Boolean callerHasConnectionLock, Boolean asyncClose)
   在 System.Data.SqlClient.TdsParser.TryRun(RunBehavior runBehavior, SqlCommand cmdHandler, SqlDataReader dataStream, BulkCopySimpleResultSet bulkCopyHandler, TdsParserStateObject stateObj, Boolean& dataReady)
   在 System.Data.SqlClient.SqlDataReader.TryConsumeMetaData()
   在 System.Data.SqlClient.SqlDataReader.get_MetaData()
   在 System.Data.SqlClient.SqlCommand.FinishExecuteReader(SqlDataReader ds, RunBehavior runBehavior, String resetOptionsString, Boolean isInternal, Boolean forDescribeParameterEncryption, Boolean shouldCacheForAlwaysEncrypted)
   在 System.Data.SqlClient.SqlCommand.RunExecuteReaderTds(CommandBehavior cmdBehavior, RunBehavior runBehavior, Boolean returnStream, Boolean async, Int32 timeout, Task& task, Boolean asyncWrite, Boolean inRetry, SqlDataReader ds, Boolean describeParameterEncryptionRequest)
   在 System.Data.SqlClient.SqlCommand.RunExecuteReader(CommandBehavior cmdBehavior, RunBehavior runBehavior, Boolean returnStream, String method, TaskCompletionSource`1 completion, Int32 timeout, Task& task, Boolean& usedCache, Boolean asyncWrite, Boolean inRetry)
   在 System.Data.SqlClient.SqlCommand.RunExecuteReader(CommandBehavior cmdBehavior, RunBehavior runBehavior, Boolean returnStream, String method)
   在 System.Data.SqlClient.SqlCommand.ExecuteReader(CommandBehavior behavior, String method)
   在 System.Data.SqlClient.SqlCommand.ExecuteReader(CommandBehavior behavior)
   在 Foresight.DataAccess.Framework.SqlHelperBase.ExecuteDataReader(String command, CommandType commandType, List`1 parameterList, CommandBehavior behavior, Int32 timeout) 位置 f:\code\CustomerPro\platform\DataAccess\Framework\SqlHelperBase.cs:行号 250
   在 Foresight.DataAccess.Framework.SqlHelperBase.ExecuteDataReader(String command, CommandType commandType, List`1 parameterList) 位置 f:\code\CustomerPro\platform\DataAccess\Framework\SqlHelperBase.cs:行号 203
   在 Foresight.DataAccess.Framework.EntityBaseReadOnly.GetList[T](String selectedFieldList, String fromStatementAndCriteria, List`1 parameters, String orderBy, Int64 startRowIndex, Int32 pageSize, Int64& totalRows) 位置 f:\code\CustomerPro\platform\DataAccess\Framework\Generated.EntityBaseReadOnly.cs:行号 1196
   在 Foresight.DataAccess.ViewCustomerService.GetCustomerServiceGridByKeywords(String Keywords, List`1 RoomIDList, DateTime StartTime, DateTime EndTime, Int32 ServiceStatus, Int32 PayStatus, Int32 ServiceAccpetManID, String orderBy, Int64 startRowIndex, Int32 pageSize, Int32 UserID, Boolean IsAdminUser, List`1 EqualProjectIDList, List`1 InProjectIDList, Int32 ServiceType, Int32 ServiceRange, List`1 PublicProjectIDList, Boolean canexport) 位置 f:\code\CustomerPro\platform\DataAccess\CustomerService\ViewCustomerService.cs:行号 194
   在 Web.Handler.ServiceHandler.loadservicelist(HttpContext context) 位置 f:\code\CustomerPro\platform\Web\Handler\ServiceHandler.ashx.cs:行号 1596
ClientConnectionId:82c75235-5c86-458b-b18c-a57f6e30f218
Error Number:137,State:2,Class:15
2019-03-04 11:14:51,457 [17068] ERROR root - [ServiceHandler]命令:loadservicelist
System.Data.SqlClient.SqlException (0x80131904): 必须声明标量变量 "@UserID"。
必须声明标量变量 "@UserID"。
')' 附近有语法错误。
   在 System.Data.SqlClient.SqlConnection.OnError(SqlException exception, Boolean breakConnection, Action`1 wrapCloseInAction)
   在 System.Data.SqlClient.SqlInternalConnection.OnError(SqlException exception, Boolean breakConnection, Action`1 wrapCloseInAction)
   在 System.Data.SqlClient.TdsParser.ThrowExceptionAndWarning(TdsParserStateObject stateObj, Boolean callerHasConnectionLock, Boolean asyncClose)
   在 System.Data.SqlClient.TdsParser.TryRun(RunBehavior runBehavior, SqlCommand cmdHandler, SqlDataReader dataStream, BulkCopySimpleResultSet bulkCopyHandler, TdsParserStateObject stateObj, Boolean& dataReady)
   在 System.Data.SqlClient.SqlDataReader.TryConsumeMetaData()
   在 System.Data.SqlClient.SqlDataReader.get_MetaData()
   在 System.Data.SqlClient.SqlCommand.FinishExecuteReader(SqlDataReader ds, RunBehavior runBehavior, String resetOptionsString, Boolean isInternal, Boolean forDescribeParameterEncryption, Boolean shouldCacheForAlwaysEncrypted)
   在 System.Data.SqlClient.SqlCommand.RunExecuteReaderTds(CommandBehavior cmdBehavior, RunBehavior runBehavior, Boolean returnStream, Boolean async, Int32 timeout, Task& task, Boolean asyncWrite, Boolean inRetry, SqlDataReader ds, Boolean describeParameterEncryptionRequest)
   在 System.Data.SqlClient.SqlCommand.RunExecuteReader(CommandBehavior cmdBehavior, RunBehavior runBehavior, Boolean returnStream, String method, TaskCompletionSource`1 completion, Int32 timeout, Task& task, Boolean& usedCache, Boolean asyncWrite, Boolean inRetry)
   在 System.Data.SqlClient.SqlCommand.RunExecuteReader(CommandBehavior cmdBehavior, RunBehavior runBehavior, Boolean returnStream, String method)
   在 System.Data.SqlClient.SqlCommand.ExecuteReader(CommandBehavior behavior, String method)
   在 System.Data.SqlClient.SqlCommand.ExecuteReader(CommandBehavior behavior)
   在 Foresight.DataAccess.Framework.SqlHelperBase.ExecuteDataReader(String command, CommandType commandType, List`1 parameterList, CommandBehavior behavior, Int32 timeout) 位置 f:\code\CustomerPro\platform\DataAccess\Framework\SqlHelperBase.cs:行号 250
   在 Foresight.DataAccess.Framework.SqlHelperBase.ExecuteDataReader(String command, CommandType commandType, List`1 parameterList) 位置 f:\code\CustomerPro\platform\DataAccess\Framework\SqlHelperBase.cs:行号 203
   在 Foresight.DataAccess.Framework.EntityBaseReadOnly.GetList[T](String selectedFieldList, String fromStatementAndCriteria, List`1 parameters, String orderBy, Int64 startRowIndex, Int32 pageSize, Int64& totalRows) 位置 f:\code\CustomerPro\platform\DataAccess\Framework\Generated.EntityBaseReadOnly.cs:行号 1196
   在 Foresight.DataAccess.ViewCustomerService.GetCustomerServiceGridByKeywords(String Keywords, List`1 RoomIDList, DateTime StartTime, DateTime EndTime, Int32 ServiceStatus, Int32 PayStatus, Int32 ServiceAccpetManID, String orderBy, Int64 startRowIndex, Int32 pageSize, Int32 UserID, Boolean IsAdminUser, List`1 EqualProjectIDList, List`1 InProjectIDList, Int32 ServiceType, Int32 ServiceRange, List`1 PublicProjectIDList, Boolean canexport) 位置 f:\code\CustomerPro\platform\DataAccess\CustomerService\ViewCustomerService.cs:行号 194
   在 Web.Handler.ServiceHandler.loadservicelist(HttpContext context) 位置 f:\code\CustomerPro\platform\Web\Handler\ServiceHandler.ashx.cs:行号 1596
ClientConnectionId:82c75235-5c86-458b-b18c-a57f6e30f218
Error Number:137,State:2,Class:15
2019-03-04 21:56:50,208 [10088] ERROR root - [ServiceHandler]命令:getservicetypelist
System.Data.SqlClient.SqlException (0x80131904): 必须声明标量变量 "@ServiceTypeID"。
')' 附近有语法错误。
   在 System.Data.SqlClient.SqlConnection.OnError(SqlException exception, Boolean breakConnection, Action`1 wrapCloseInAction)
   在 System.Data.SqlClient.SqlInternalConnection.OnError(SqlException exception, Boolean breakConnection, Action`1 wrapCloseInAction)
   在 System.Data.SqlClient.TdsParser.ThrowExceptionAndWarning(TdsParserStateObject stateObj, Boolean callerHasConnectionLock, Boolean asyncClose)
   在 System.Data.SqlClient.TdsParser.TryRun(RunBehavior runBehavior, SqlCommand cmdHandler, SqlDataReader dataStream, BulkCopySimpleResultSet bulkCopyHandler, TdsParserStateObject stateObj, Boolean& dataReady)
   在 System.Data.SqlClient.SqlDataReader.TryConsumeMetaData()
   在 System.Data.SqlClient.SqlDataReader.get_MetaData()
   在 System.Data.SqlClient.SqlCommand.FinishExecuteReader(SqlDataReader ds, RunBehavior runBehavior, String resetOptionsString, Boolean isInternal, Boolean forDescribeParameterEncryption, Boolean shouldCacheForAlwaysEncrypted)
   在 System.Data.SqlClient.SqlCommand.RunExecuteReaderTds(CommandBehavior cmdBehavior, RunBehavior runBehavior, Boolean returnStream, Boolean async, Int32 timeout, Task& task, Boolean asyncWrite, Boolean inRetry, SqlDataReader ds, Boolean describeParameterEncryptionRequest)
   在 System.Data.SqlClient.SqlCommand.RunExecuteReader(CommandBehavior cmdBehavior, RunBehavior runBehavior, Boolean returnStream, String method, TaskCompletionSource`1 completion, Int32 timeout, Task& task, Boolean& usedCache, Boolean asyncWrite, Boolean inRetry)
   在 System.Data.SqlClient.SqlCommand.RunExecuteReader(CommandBehavior cmdBehavior, RunBehavior runBehavior, Boolean returnStream, String method)
   在 System.Data.SqlClient.SqlCommand.ExecuteReader(CommandBehavior behavior, String method)
   在 System.Data.SqlClient.SqlCommand.ExecuteReader(CommandBehavior behavior)
   在 Foresight.DataAccess.Framework.SqlHelperBase.ExecuteDataReader(String command, CommandType commandType, List`1 parameterList, CommandBehavior behavior, Int32 timeout) 位置 f:\code\CustomerPro\platform\DataAccess\Framework\SqlHelperBase.cs:行号 250
   在 Foresight.DataAccess.Framework.SqlHelperBase.ExecuteDataReader(String command, CommandType commandType, List`1 parameterList) 位置 f:\code\CustomerPro\platform\DataAccess\Framework\SqlHelperBase.cs:行号 203
   在 Foresight.DataAccess.Framework.EntityBaseReadOnly.GetList[T](String commandText, List`1 parameters) 位置 f:\code\CustomerPro\platform\DataAccess\Framework\Generated.EntityBaseReadOnly.cs:行号 1108
   在 Foresight.DataAccess.User.GetAccpetUserListByServiceProjectID(Int32 ProjectID, Boolean IsAccpetUser, Boolean IsProcessUser, Int32 ServerTypeID) 位置 f:\code\CustomerPro\platform\DataAccess\User.cs:行号 514
   在 Web.Handler.ServiceHandler.getservicetypelist(HttpContext context) 位置 f:\code\CustomerPro\platform\Web\Handler\ServiceHandler.ashx.cs:行号 266
   在 Web.Handler.ServiceHandler.ProcessRequest(HttpContext context) 位置 f:\code\CustomerPro\platform\Web\Handler\ServiceHandler.ashx.cs:行号 145
ClientConnectionId:6819f3ca-81cd-48b2-ba17-32a7a47cd513
Error Number:137,State:2,Class:15
2019-03-04 21:57:12,201 [17824] ERROR root - [ServiceHandler]命令:getservicetypelist
System.Data.SqlClient.SqlException (0x80131904): 必须声明标量变量 "@ServiceTypeID"。
')' 附近有语法错误。
   在 System.Data.SqlClient.SqlConnection.OnError(SqlException exception, Boolean breakConnection, Action`1 wrapCloseInAction)
   在 System.Data.SqlClient.SqlInternalConnection.OnError(SqlException exception, Boolean breakConnection, Action`1 wrapCloseInAction)
   在 System.Data.SqlClient.TdsParser.ThrowExceptionAndWarning(TdsParserStateObject stateObj, Boolean callerHasConnectionLock, Boolean asyncClose)
   在 System.Data.SqlClient.TdsParser.TryRun(RunBehavior runBehavior, SqlCommand cmdHandler, SqlDataReader dataStream, BulkCopySimpleResultSet bulkCopyHandler, TdsParserStateObject stateObj, Boolean& dataReady)
   在 System.Data.SqlClient.SqlDataReader.TryConsumeMetaData()
   在 System.Data.SqlClient.SqlDataReader.get_MetaData()
   在 System.Data.SqlClient.SqlCommand.FinishExecuteReader(SqlDataReader ds, RunBehavior runBehavior, String resetOptionsString, Boolean isInternal, Boolean forDescribeParameterEncryption, Boolean shouldCacheForAlwaysEncrypted)
   在 System.Data.SqlClient.SqlCommand.RunExecuteReaderTds(CommandBehavior cmdBehavior, RunBehavior runBehavior, Boolean returnStream, Boolean async, Int32 timeout, Task& task, Boolean asyncWrite, Boolean inRetry, SqlDataReader ds, Boolean describeParameterEncryptionRequest)
   在 System.Data.SqlClient.SqlCommand.RunExecuteReader(CommandBehavior cmdBehavior, RunBehavior runBehavior, Boolean returnStream, String method, TaskCompletionSource`1 completion, Int32 timeout, Task& task, Boolean& usedCache, Boolean asyncWrite, Boolean inRetry)
   在 System.Data.SqlClient.SqlCommand.RunExecuteReader(CommandBehavior cmdBehavior, RunBehavior runBehavior, Boolean returnStream, String method)
   在 System.Data.SqlClient.SqlCommand.ExecuteReader(CommandBehavior behavior, String method)
   在 System.Data.SqlClient.SqlCommand.ExecuteReader(CommandBehavior behavior)
   在 Foresight.DataAccess.Framework.SqlHelperBase.ExecuteDataReader(String command, CommandType commandType, List`1 parameterList, CommandBehavior behavior, Int32 timeout) 位置 f:\code\CustomerPro\platform\DataAccess\Framework\SqlHelperBase.cs:行号 250
   在 Foresight.DataAccess.Framework.SqlHelperBase.ExecuteDataReader(String command, CommandType commandType, List`1 parameterList) 位置 f:\code\CustomerPro\platform\DataAccess\Framework\SqlHelperBase.cs:行号 203
   在 Foresight.DataAccess.Framework.EntityBaseReadOnly.GetList[T](String commandText, List`1 parameters) 位置 f:\code\CustomerPro\platform\DataAccess\Framework\Generated.EntityBaseReadOnly.cs:行号 1108
   在 Foresight.DataAccess.User.GetAccpetUserListByServiceProjectID(Int32 ProjectID, Boolean IsAccpetUser, Boolean IsProcessUser, Int32 ServerTypeID) 位置 f:\code\CustomerPro\platform\DataAccess\User.cs:行号 514
   在 Web.Handler.ServiceHandler.getservicetypelist(HttpContext context) 位置 f:\code\CustomerPro\platform\Web\Handler\ServiceHandler.ashx.cs:行号 266
   在 Web.Handler.ServiceHandler.ProcessRequest(HttpContext context) 位置 f:\code\CustomerPro\platform\Web\Handler\ServiceHandler.ashx.cs:行号 145
ClientConnectionId:6819f3ca-81cd-48b2-ba17-32a7a47cd513
Error Number:137,State:2,Class:15
2019-03-04 21:59:14,577 [10088] ERROR root - [ServiceHandler]命令:getservicetypelist
System.Data.SqlClient.SqlException (0x80131904): 必须声明标量变量 "@ServiceTypeID"。
')' 附近有语法错误。
   在 System.Data.SqlClient.SqlConnection.OnError(SqlException exception, Boolean breakConnection, Action`1 wrapCloseInAction)
   在 System.Data.SqlClient.SqlInternalConnection.OnError(SqlException exception, Boolean breakConnection, Action`1 wrapCloseInAction)
   在 System.Data.SqlClient.TdsParser.ThrowExceptionAndWarning(TdsParserStateObject stateObj, Boolean callerHasConnectionLock, Boolean asyncClose)
   在 System.Data.SqlClient.TdsParser.TryRun(RunBehavior runBehavior, SqlCommand cmdHandler, SqlDataReader dataStream, BulkCopySimpleResultSet bulkCopyHandler, TdsParserStateObject stateObj, Boolean& dataReady)
   在 System.Data.SqlClient.SqlDataReader.TryConsumeMetaData()
   在 System.Data.SqlClient.SqlDataReader.get_MetaData()
   在 System.Data.SqlClient.SqlCommand.FinishExecuteReader(SqlDataReader ds, RunBehavior runBehavior, String resetOptionsString, Boolean isInternal, Boolean forDescribeParameterEncryption, Boolean shouldCacheForAlwaysEncrypted)
   在 System.Data.SqlClient.SqlCommand.RunExecuteReaderTds(CommandBehavior cmdBehavior, RunBehavior runBehavior, Boolean returnStream, Boolean async, Int32 timeout, Task& task, Boolean asyncWrite, Boolean inRetry, SqlDataReader ds, Boolean describeParameterEncryptionRequest)
   在 System.Data.SqlClient.SqlCommand.RunExecuteReader(CommandBehavior cmdBehavior, RunBehavior runBehavior, Boolean returnStream, String method, TaskCompletionSource`1 completion, Int32 timeout, Task& task, Boolean& usedCache, Boolean asyncWrite, Boolean inRetry)
   在 System.Data.SqlClient.SqlCommand.RunExecuteReader(CommandBehavior cmdBehavior, RunBehavior runBehavior, Boolean returnStream, String method)
   在 System.Data.SqlClient.SqlCommand.ExecuteReader(CommandBehavior behavior, String method)
   在 System.Data.SqlClient.SqlCommand.ExecuteReader(CommandBehavior behavior)
   在 Foresight.DataAccess.Framework.SqlHelperBase.ExecuteDataReader(String command, CommandType commandType, List`1 parameterList, CommandBehavior behavior, Int32 timeout) 位置 f:\code\CustomerPro\platform\DataAccess\Framework\SqlHelperBase.cs:行号 250
   在 Foresight.DataAccess.Framework.SqlHelperBase.ExecuteDataReader(String command, CommandType commandType, List`1 parameterList) 位置 f:\code\CustomerPro\platform\DataAccess\Framework\SqlHelperBase.cs:行号 203
   在 Foresight.DataAccess.Framework.EntityBaseReadOnly.GetList[T](String commandText, List`1 parameters) 位置 f:\code\CustomerPro\platform\DataAccess\Framework\Generated.EntityBaseReadOnly.cs:行号 1108
   在 Foresight.DataAccess.User.GetAccpetUserListByServiceProjectID(Int32 ProjectID, Boolean IsAccpetUser, Boolean IsProcessUser, Int32 ServerTypeID) 位置 f:\code\CustomerPro\platform\DataAccess\User.cs:行号 514
   在 Web.Handler.ServiceHandler.getservicetypelist(HttpContext context) 位置 f:\code\CustomerPro\platform\Web\Handler\ServiceHandler.ashx.cs:行号 266
   在 Web.Handler.ServiceHandler.ProcessRequest(HttpContext context) 位置 f:\code\CustomerPro\platform\Web\Handler\ServiceHandler.ashx.cs:行号 145
ClientConnectionId:5f392239-b11a-4296-81be-d3141368fa05
Error Number:137,State:2,Class:15
