2019-03-02 08:45:38,888 [11480] INFO  root - [SocketClient.EVENT_CONNECT]连接成功: 2019-03-02 08:45:38
2019-03-02 09:24:51,573 [7328] INFO  root - [SocketClient.EVENT_CONNECT]连接成功: 2019-03-02 09:24:51
2019-03-02 09:43:15,990 [18000] INFO  root - [SocketClient.EVENT_CONNECT]连接成功: 2019-03-02 09:43:15
2019-03-02 13:54:52,358 [16732] ERROR root - [ProjectHandler]visit: getprojectinfo
System.ArgumentException: 已添加了具有相同键的项。
   在 System.ThrowHelper.ThrowArgumentException(ExceptionResource resource)
   在 System.Collections.Generic.Dictionary`2.Insert(TKey key, TValue value, Boolean add)
   在 System.Collections.Generic.Dictionary`2.Add(TKey key, TValue value)
   在 Foresight.DataAccess.Framework.EntityBaseReadOnly.GetDatabaseColumnProperties(Type type) 位置 f:\code\CustomerPro\platform\DataAccess\Framework\Generated.EntityBaseReadOnly.cs:行号 425
   在 Foresight.DataAccess.Framework.EntityBaseReadOnly.GetDatabaseColumnPropertyInfo(Type type, String propertyName) 位置 f:\code\CustomerPro\platform\DataAccess\Framework\Generated.EntityBaseReadOnly.cs:行号 384
   在 Foresight.DataAccess.Framework.EntityBaseReadOnly.Initialize(IDataReader reader) 位置 f:\code\CustomerPro\platform\DataAccess\Framework\Generated.EntityBaseReadOnly.cs:行号 449
   在 Foresight.DataAccess.Framework.EntityListReadOnly`1.Initialize(IDataReader reader) 位置 f:\code\CustomerPro\platform\DataAccess\Framework\Generated.EntityListReadOnly.cs:行号 106
   在 Foresight.DataAccess.Framework.EntityListReadOnly`1..ctor(IDataReader reader) 位置 f:\code\CustomerPro\platform\DataAccess\Framework\Generated.EntityListReadOnly.cs:行号 398
   在 Foresight.DataAccess.Framework.EntityList`1..ctor(IDataReader reader) 位置 f:\code\CustomerPro\platform\DataAccess\Framework\Generated.EntityList.cs:行号 206
   在 Foresight.DataAccess.Framework.EntityBaseReadOnly.InitializeList[T](IDataReader reader) 位置 f:\code\CustomerPro\platform\DataAccess\Framework\Generated.EntityBaseReadOnly.cs:行号 1311
   在 Foresight.DataAccess.Framework.EntityBaseReadOnly.GetList[T](String commandText, List`1 parameters) 位置 f:\code\CustomerPro\platform\DataAccess\Framework\Generated.EntityBaseReadOnly.cs:行号 1110
   在 Foresight.DataAccess.ProjectTree.GetProjectTreeListByID(Int32 ID, String Keywords, Int32 UserID, Int32 IconID, Boolean OnlyXiaoqu, Boolean ExceptRoom, Int32 CompanyID) 位置 f:\code\CustomerPro\platform\DataAccess\RoomSource\Project.cs:行号 462
   在 Web.APPCode.CacheHelper.GetMyProjectDetailsTree(Int32 UserID) 位置 f:\code\CustomerPro\platform\Web\APPCode\CacheHelper.cs:行号 191
   在 Web.WebUtil.GetMyProjectDetailsTree(Int32 UserID) 位置 f:\code\CustomerPro\platform\Web\APPCode\WebUtil.cs:行号 267
   在 Web.Handler.ProjectHandler.GetProjectInfo(HttpContext context) 位置 f:\code\CustomerPro\platform\Web\Handler\ProjectHandler.ashx.cs:行号 1211
   在 Web.Handler.ProjectHandler.ProcessRequest(HttpContext context) 位置 f:\code\CustomerPro\platform\Web\Handler\ProjectHandler.ashx.cs:行号 38
2019-03-02 14:26:25,471 [13648] ERROR root - [AuthMgrHandler]visit: getprojecttree
System.Data.SqlClient.SqlException (0x80131904): 必须声明标量变量 "@CompanyID"。
   在 System.Data.SqlClient.SqlConnection.OnError(SqlException exception, Boolean breakConnection, Action`1 wrapCloseInAction)
   在 System.Data.SqlClient.SqlInternalConnection.OnError(SqlException exception, Boolean breakConnection, Action`1 wrapCloseInAction)
   在 System.Data.SqlClient.TdsParser.ThrowExceptionAndWarning(TdsParserStateObject stateObj, Boolean callerHasConnectionLock, Boolean asyncClose)
   在 System.Data.SqlClient.TdsParser.TryRun(RunBehavior runBehavior, SqlCommand cmdHandler, SqlDataReader dataStream, BulkCopySimpleResultSet bulkCopyHandler, TdsParserStateObject stateObj, Boolean& dataReady)
   在 System.Data.SqlClient.SqlDataReader.TryConsumeMetaData()
   在 System.Data.SqlClient.SqlDataReader.get_MetaData()
   在 System.Data.SqlClient.SqlCommand.FinishExecuteReader(SqlDataReader ds, RunBehavior runBehavior, String resetOptionsString, Boolean isInternal, Boolean forDescribeParameterEncryption, Boolean shouldCacheForAlwaysEncrypted)
   在 System.Data.SqlClient.SqlCommand.RunExecuteReaderTds(CommandBehavior cmdBehavior, RunBehavior runBehavior, Boolean returnStream, Boolean async, Int32 timeout, Task& task, Boolean asyncWrite, Boolean inRetry, SqlDataReader ds, Boolean describeParameterEncryptionRequest)
   在 System.Data.SqlClient.SqlCommand.RunExecuteReader(CommandBehavior cmdBehavior, RunBehavior runBehavior, Boolean returnStream, String method, TaskCompletionSource`1 completion, Int32 timeout, Task& task, Boolean& usedCache, Boolean asyncWrite, Boolean inRetry)
   在 System.Data.SqlClient.SqlCommand.RunExecuteReader(CommandBehavior cmdBehavior, RunBehavior runBehavior, Boolean returnStream, String method)
   在 System.Data.SqlClient.SqlCommand.ExecuteReader(CommandBehavior behavior, String method)
   在 System.Data.SqlClient.SqlCommand.ExecuteReader(CommandBehavior behavior)
   在 Foresight.DataAccess.Framework.SqlHelperBase.ExecuteDataReader(String command, CommandType commandType, List`1 parameterList, CommandBehavior behavior, Int32 timeout) 位置 f:\code\CustomerPro\platform\DataAccess\Framework\SqlHelperBase.cs:行号 250
   在 Foresight.DataAccess.Framework.SqlHelperBase.ExecuteDataReader(String command, CommandType commandType, List`1 parameterList) 位置 f:\code\CustomerPro\platform\DataAccess\Framework\SqlHelperBase.cs:行号 203
   在 Foresight.DataAccess.Framework.EntityBaseReadOnly.GetList[T](String commandText, List`1 parameters) 位置 f:\code\CustomerPro\platform\DataAccess\Framework\Generated.EntityBaseReadOnly.cs:行号 1108
   在 Foresight.DataAccess.ProjectTree.GetProjectTreeListByRoleIDAndUserID(Int32 ID, String Keywords, Int32 RoleID, Int32 UserID, Int32 CompanyID) 位置 f:\code\CustomerPro\platform\DataAccess\RoomSource\Project.cs:行号 509
   在 Web.Handler.AuthMgrHandler.GetProjectTree(HttpContext context) 位置 f:\code\CustomerPro\platform\Web\Handler\AuthMgrHandler.ashx.cs:行号 1055
   在 Web.Handler.AuthMgrHandler.ProcessRequest(HttpContext context) 位置 f:\code\CustomerPro\platform\Web\Handler\AuthMgrHandler.ashx.cs:行号 52
ClientConnectionId:6eff3387-437c-4526-993a-ab12913181a2
Error Number:137,State:2,Class:15
2019-03-02 14:26:27,615 [17376] ERROR root - [AuthMgrHandler]visit: getprojecttree
System.Data.SqlClient.SqlException (0x80131904): 必须声明标量变量 "@CompanyID"。
   在 System.Data.SqlClient.SqlConnection.OnError(SqlException exception, Boolean breakConnection, Action`1 wrapCloseInAction)
   在 System.Data.SqlClient.SqlInternalConnection.OnError(SqlException exception, Boolean breakConnection, Action`1 wrapCloseInAction)
   在 System.Data.SqlClient.TdsParser.ThrowExceptionAndWarning(TdsParserStateObject stateObj, Boolean callerHasConnectionLock, Boolean asyncClose)
   在 System.Data.SqlClient.TdsParser.TryRun(RunBehavior runBehavior, SqlCommand cmdHandler, SqlDataReader dataStream, BulkCopySimpleResultSet bulkCopyHandler, TdsParserStateObject stateObj, Boolean& dataReady)
   在 System.Data.SqlClient.SqlDataReader.TryConsumeMetaData()
   在 System.Data.SqlClient.SqlDataReader.get_MetaData()
   在 System.Data.SqlClient.SqlCommand.FinishExecuteReader(SqlDataReader ds, RunBehavior runBehavior, String resetOptionsString, Boolean isInternal, Boolean forDescribeParameterEncryption, Boolean shouldCacheForAlwaysEncrypted)
   在 System.Data.SqlClient.SqlCommand.RunExecuteReaderTds(CommandBehavior cmdBehavior, RunBehavior runBehavior, Boolean returnStream, Boolean async, Int32 timeout, Task& task, Boolean asyncWrite, Boolean inRetry, SqlDataReader ds, Boolean describeParameterEncryptionRequest)
   在 System.Data.SqlClient.SqlCommand.RunExecuteReader(CommandBehavior cmdBehavior, RunBehavior runBehavior, Boolean returnStream, String method, TaskCompletionSource`1 completion, Int32 timeout, Task& task, Boolean& usedCache, Boolean asyncWrite, Boolean inRetry)
   在 System.Data.SqlClient.SqlCommand.RunExecuteReader(CommandBehavior cmdBehavior, RunBehavior runBehavior, Boolean returnStream, String method)
   在 System.Data.SqlClient.SqlCommand.ExecuteReader(CommandBehavior behavior, String method)
   在 System.Data.SqlClient.SqlCommand.ExecuteReader(CommandBehavior behavior)
   在 Foresight.DataAccess.Framework.SqlHelperBase.ExecuteDataReader(String command, CommandType commandType, List`1 parameterList, CommandBehavior behavior, Int32 timeout) 位置 f:\code\CustomerPro\platform\DataAccess\Framework\SqlHelperBase.cs:行号 250
   在 Foresight.DataAccess.Framework.SqlHelperBase.ExecuteDataReader(String command, CommandType commandType, List`1 parameterList) 位置 f:\code\CustomerPro\platform\DataAccess\Framework\SqlHelperBase.cs:行号 203
   在 Foresight.DataAccess.Framework.EntityBaseReadOnly.GetList[T](String commandText, List`1 parameters) 位置 f:\code\CustomerPro\platform\DataAccess\Framework\Generated.EntityBaseReadOnly.cs:行号 1108
   在 Foresight.DataAccess.ProjectTree.GetProjectTreeListByRoleIDAndUserID(Int32 ID, String Keywords, Int32 RoleID, Int32 UserID, Int32 CompanyID) 位置 f:\code\CustomerPro\platform\DataAccess\RoomSource\Project.cs:行号 509
   在 Web.Handler.AuthMgrHandler.GetProjectTree(HttpContext context) 位置 f:\code\CustomerPro\platform\Web\Handler\AuthMgrHandler.ashx.cs:行号 1055
   在 Web.Handler.AuthMgrHandler.ProcessRequest(HttpContext context) 位置 f:\code\CustomerPro\platform\Web\Handler\AuthMgrHandler.ashx.cs:行号 52
ClientConnectionId:6eff3387-437c-4526-993a-ab12913181a2
Error Number:137,State:2,Class:15
2019-03-02 14:26:28,862 [8752] ERROR root - [AuthMgrHandler]visit: getprojecttree
System.Data.SqlClient.SqlException (0x80131904): 必须声明标量变量 "@CompanyID"。
   在 System.Data.SqlClient.SqlConnection.OnError(SqlException exception, Boolean breakConnection, Action`1 wrapCloseInAction)
   在 System.Data.SqlClient.SqlInternalConnection.OnError(SqlException exception, Boolean breakConnection, Action`1 wrapCloseInAction)
   在 System.Data.SqlClient.TdsParser.ThrowExceptionAndWarning(TdsParserStateObject stateObj, Boolean callerHasConnectionLock, Boolean asyncClose)
   在 System.Data.SqlClient.TdsParser.TryRun(RunBehavior runBehavior, SqlCommand cmdHandler, SqlDataReader dataStream, BulkCopySimpleResultSet bulkCopyHandler, TdsParserStateObject stateObj, Boolean& dataReady)
   在 System.Data.SqlClient.SqlDataReader.TryConsumeMetaData()
   在 System.Data.SqlClient.SqlDataReader.get_MetaData()
   在 System.Data.SqlClient.SqlCommand.FinishExecuteReader(SqlDataReader ds, RunBehavior runBehavior, String resetOptionsString, Boolean isInternal, Boolean forDescribeParameterEncryption, Boolean shouldCacheForAlwaysEncrypted)
   在 System.Data.SqlClient.SqlCommand.RunExecuteReaderTds(CommandBehavior cmdBehavior, RunBehavior runBehavior, Boolean returnStream, Boolean async, Int32 timeout, Task& task, Boolean asyncWrite, Boolean inRetry, SqlDataReader ds, Boolean describeParameterEncryptionRequest)
   在 System.Data.SqlClient.SqlCommand.RunExecuteReader(CommandBehavior cmdBehavior, RunBehavior runBehavior, Boolean returnStream, String method, TaskCompletionSource`1 completion, Int32 timeout, Task& task, Boolean& usedCache, Boolean asyncWrite, Boolean inRetry)
   在 System.Data.SqlClient.SqlCommand.RunExecuteReader(CommandBehavior cmdBehavior, RunBehavior runBehavior, Boolean returnStream, String method)
   在 System.Data.SqlClient.SqlCommand.ExecuteReader(CommandBehavior behavior, String method)
   在 System.Data.SqlClient.SqlCommand.ExecuteReader(CommandBehavior behavior)
   在 Foresight.DataAccess.Framework.SqlHelperBase.ExecuteDataReader(String command, CommandType commandType, List`1 parameterList, CommandBehavior behavior, Int32 timeout) 位置 f:\code\CustomerPro\platform\DataAccess\Framework\SqlHelperBase.cs:行号 250
   在 Foresight.DataAccess.Framework.SqlHelperBase.ExecuteDataReader(String command, CommandType commandType, List`1 parameterList) 位置 f:\code\CustomerPro\platform\DataAccess\Framework\SqlHelperBase.cs:行号 203
   在 Foresight.DataAccess.Framework.EntityBaseReadOnly.GetList[T](String commandText, List`1 parameters) 位置 f:\code\CustomerPro\platform\DataAccess\Framework\Generated.EntityBaseReadOnly.cs:行号 1108
   在 Foresight.DataAccess.ProjectTree.GetProjectTreeListByRoleIDAndUserID(Int32 ID, String Keywords, Int32 RoleID, Int32 UserID, Int32 CompanyID) 位置 f:\code\CustomerPro\platform\DataAccess\RoomSource\Project.cs:行号 509
   在 Web.Handler.AuthMgrHandler.GetProjectTree(HttpContext context) 位置 f:\code\CustomerPro\platform\Web\Handler\AuthMgrHandler.ashx.cs:行号 1055
   在 Web.Handler.AuthMgrHandler.ProcessRequest(HttpContext context) 位置 f:\code\CustomerPro\platform\Web\Handler\AuthMgrHandler.ashx.cs:行号 52
ClientConnectionId:6eff3387-437c-4526-993a-ab12913181a2
Error Number:137,State:2,Class:15
2019-03-02 14:27:37,919 [16280] ERROR root - [AuthMgrHandler]visit: getprojecttree
System.Data.SqlClient.SqlException (0x80131904): 必须声明标量变量 "@CompanyID"。
   在 System.Data.SqlClient.SqlConnection.OnError(SqlException exception, Boolean breakConnection, Action`1 wrapCloseInAction)
   在 System.Data.SqlClient.SqlInternalConnection.OnError(SqlException exception, Boolean breakConnection, Action`1 wrapCloseInAction)
   在 System.Data.SqlClient.TdsParser.ThrowExceptionAndWarning(TdsParserStateObject stateObj, Boolean callerHasConnectionLock, Boolean asyncClose)
   在 System.Data.SqlClient.TdsParser.TryRun(RunBehavior runBehavior, SqlCommand cmdHandler, SqlDataReader dataStream, BulkCopySimpleResultSet bulkCopyHandler, TdsParserStateObject stateObj, Boolean& dataReady)
   在 System.Data.SqlClient.SqlDataReader.TryConsumeMetaData()
   在 System.Data.SqlClient.SqlDataReader.get_MetaData()
   在 System.Data.SqlClient.SqlCommand.FinishExecuteReader(SqlDataReader ds, RunBehavior runBehavior, String resetOptionsString, Boolean isInternal, Boolean forDescribeParameterEncryption, Boolean shouldCacheForAlwaysEncrypted)
   在 System.Data.SqlClient.SqlCommand.RunExecuteReaderTds(CommandBehavior cmdBehavior, RunBehavior runBehavior, Boolean returnStream, Boolean async, Int32 timeout, Task& task, Boolean asyncWrite, Boolean inRetry, SqlDataReader ds, Boolean describeParameterEncryptionRequest)
   在 System.Data.SqlClient.SqlCommand.RunExecuteReader(CommandBehavior cmdBehavior, RunBehavior runBehavior, Boolean returnStream, String method, TaskCompletionSource`1 completion, Int32 timeout, Task& task, Boolean& usedCache, Boolean asyncWrite, Boolean inRetry)
   在 System.Data.SqlClient.SqlCommand.RunExecuteReader(CommandBehavior cmdBehavior, RunBehavior runBehavior, Boolean returnStream, String method)
   在 System.Data.SqlClient.SqlCommand.ExecuteReader(CommandBehavior behavior, String method)
   在 System.Data.SqlClient.SqlCommand.ExecuteReader(CommandBehavior behavior)
   在 Foresight.DataAccess.Framework.SqlHelperBase.ExecuteDataReader(String command, CommandType commandType, List`1 parameterList, CommandBehavior behavior, Int32 timeout) 位置 f:\code\CustomerPro\platform\DataAccess\Framework\SqlHelperBase.cs:行号 250
   在 Foresight.DataAccess.Framework.SqlHelperBase.ExecuteDataReader(String command, CommandType commandType, List`1 parameterList) 位置 f:\code\CustomerPro\platform\DataAccess\Framework\SqlHelperBase.cs:行号 203
   在 Foresight.DataAccess.Framework.EntityBaseReadOnly.GetList[T](String commandText, List`1 parameters) 位置 f:\code\CustomerPro\platform\DataAccess\Framework\Generated.EntityBaseReadOnly.cs:行号 1108
   在 Foresight.DataAccess.ProjectTree.GetProjectTreeListByRoleIDAndUserID(Int32 ID, String Keywords, Int32 RoleID, Int32 UserID, Int32 CompanyID) 位置 f:\code\CustomerPro\platform\DataAccess\RoomSource\Project.cs:行号 509
   在 Web.Handler.AuthMgrHandler.GetProjectTree(HttpContext context) 位置 f:\code\CustomerPro\platform\Web\Handler\AuthMgrHandler.ashx.cs:行号 1055
   在 Web.Handler.AuthMgrHandler.ProcessRequest(HttpContext context) 位置 f:\code\CustomerPro\platform\Web\Handler\AuthMgrHandler.ashx.cs:行号 52
ClientConnectionId:ca95224a-73a6-455a-b14a-c5aec2b13080
Error Number:137,State:2,Class:15
2019-03-02 14:28:16,452 [7536] ERROR root - [ProjectHandler]visit: getprojectinfo
System.ArgumentException: 已添加了具有相同键的项。
   在 System.ThrowHelper.ThrowArgumentException(ExceptionResource resource)
   在 System.Collections.Generic.Dictionary`2.Insert(TKey key, TValue value, Boolean add)
   在 System.Collections.Generic.Dictionary`2.Add(TKey key, TValue value)
   在 Foresight.DataAccess.Framework.EntityBaseReadOnly.GetDatabaseColumnProperties(Type type) 位置 f:\code\CustomerPro\platform\DataAccess\Framework\Generated.EntityBaseReadOnly.cs:行号 425
   在 Foresight.DataAccess.Framework.EntityBaseReadOnly.GetDatabaseColumnPropertyInfo(Type type, String propertyName) 位置 f:\code\CustomerPro\platform\DataAccess\Framework\Generated.EntityBaseReadOnly.cs:行号 384
   在 Foresight.DataAccess.Framework.EntityBaseReadOnly.Initialize(IDataReader reader) 位置 f:\code\CustomerPro\platform\DataAccess\Framework\Generated.EntityBaseReadOnly.cs:行号 449
   在 Foresight.DataAccess.Framework.EntityListReadOnly`1.Initialize(IDataReader reader) 位置 f:\code\CustomerPro\platform\DataAccess\Framework\Generated.EntityListReadOnly.cs:行号 106
   在 Foresight.DataAccess.Framework.EntityListReadOnly`1..ctor(IDataReader reader) 位置 f:\code\CustomerPro\platform\DataAccess\Framework\Generated.EntityListReadOnly.cs:行号 398
   在 Foresight.DataAccess.Framework.EntityList`1..ctor(IDataReader reader) 位置 f:\code\CustomerPro\platform\DataAccess\Framework\Generated.EntityList.cs:行号 206
   在 Foresight.DataAccess.Framework.EntityBaseReadOnly.InitializeList[T](IDataReader reader) 位置 f:\code\CustomerPro\platform\DataAccess\Framework\Generated.EntityBaseReadOnly.cs:行号 1311
   在 Foresight.DataAccess.Framework.EntityBaseReadOnly.GetList[T](String commandText, List`1 parameters) 位置 f:\code\CustomerPro\platform\DataAccess\Framework\Generated.EntityBaseReadOnly.cs:行号 1110
   在 Foresight.DataAccess.Project.GetMyProjectListByUserID(Int32 UserID, List`1& EqualIDList, List`1& InIDList, List`1 ProjectIDList) 位置 f:\code\CustomerPro\platform\DataAccess\RoomSource\Project.cs:行号 62
   在 Foresight.DataAccess.ProjectTree.GetProjectTreeListByID(Int32 ID, String Keywords, Int32 UserID, Int32 IconID, Boolean OnlyXiaoqu, Boolean ExceptRoom, Int32 CompanyID) 位置 f:\code\CustomerPro\platform\DataAccess\RoomSource\Project.cs:行号 407
   在 Web.APPCode.CacheHelper.GetMyProjectDetailsTree(Int32 UserID) 位置 f:\code\CustomerPro\platform\Web\APPCode\CacheHelper.cs:行号 191
   在 Web.WebUtil.GetMyProjectDetailsTree(Int32 UserID) 位置 f:\code\CustomerPro\platform\Web\APPCode\WebUtil.cs:行号 267
   在 Web.Handler.ProjectHandler.GetProjectInfo(HttpContext context) 位置 f:\code\CustomerPro\platform\Web\Handler\ProjectHandler.ashx.cs:行号 1211
   在 Web.Handler.ProjectHandler.ProcessRequest(HttpContext context) 位置 f:\code\CustomerPro\platform\Web\Handler\ProjectHandler.ashx.cs:行号 38
2019-03-02 14:57:12,160 [5228] ERROR root - [ProjectHandler]visit: getprojectinfo
System.Data.SqlClient.SqlException (0x80131904): 必须声明标量变量 "@UseID"。
   在 System.Data.SqlClient.SqlConnection.OnError(SqlException exception, Boolean breakConnection, Action`1 wrapCloseInAction)
   在 System.Data.SqlClient.SqlInternalConnection.OnError(SqlException exception, Boolean breakConnection, Action`1 wrapCloseInAction)
   在 System.Data.SqlClient.TdsParser.ThrowExceptionAndWarning(TdsParserStateObject stateObj, Boolean callerHasConnectionLock, Boolean asyncClose)
   在 System.Data.SqlClient.TdsParser.TryRun(RunBehavior runBehavior, SqlCommand cmdHandler, SqlDataReader dataStream, BulkCopySimpleResultSet bulkCopyHandler, TdsParserStateObject stateObj, Boolean& dataReady)
   在 System.Data.SqlClient.SqlDataReader.TryConsumeMetaData()
   在 System.Data.SqlClient.SqlDataReader.get_MetaData()
   在 System.Data.SqlClient.SqlCommand.FinishExecuteReader(SqlDataReader ds, RunBehavior runBehavior, String resetOptionsString, Boolean isInternal, Boolean forDescribeParameterEncryption, Boolean shouldCacheForAlwaysEncrypted)
   在 System.Data.SqlClient.SqlCommand.RunExecuteReaderTds(CommandBehavior cmdBehavior, RunBehavior runBehavior, Boolean returnStream, Boolean async, Int32 timeout, Task& task, Boolean asyncWrite, Boolean inRetry, SqlDataReader ds, Boolean describeParameterEncryptionRequest)
   在 System.Data.SqlClient.SqlCommand.RunExecuteReader(CommandBehavior cmdBehavior, RunBehavior runBehavior, Boolean returnStream, String method, TaskCompletionSource`1 completion, Int32 timeout, Task& task, Boolean& usedCache, Boolean asyncWrite, Boolean inRetry)
   在 System.Data.SqlClient.SqlCommand.RunExecuteReader(CommandBehavior cmdBehavior, RunBehavior runBehavior, Boolean returnStream, String method)
   在 System.Data.SqlClient.SqlCommand.ExecuteReader(CommandBehavior behavior, String method)
   在 System.Data.SqlClient.SqlCommand.ExecuteReader(CommandBehavior behavior)
   在 Foresight.DataAccess.Framework.SqlHelperBase.ExecuteDataReader(String command, CommandType commandType, List`1 parameterList, CommandBehavior behavior, Int32 timeout) 位置 f:\code\CustomerPro\platform\DataAccess\Framework\SqlHelperBase.cs:行号 250
   在 Foresight.DataAccess.Framework.SqlHelperBase.ExecuteDataReader(String command, CommandType commandType, List`1 parameterList) 位置 f:\code\CustomerPro\platform\DataAccess\Framework\SqlHelperBase.cs:行号 203
   在 Foresight.DataAccess.Framework.EntityBaseReadOnly.GetList[T](String commandText, List`1 parameters) 位置 f:\code\CustomerPro\platform\DataAccess\Framework\Generated.EntityBaseReadOnly.cs:行号 1108
   在 Foresight.DataAccess.Company.GetCompanyListByUserID(Int32 UserID) 位置 f:\code\CustomerPro\platform\DataAccess\Company.cs:行号 104
   在 Web.Handler.ProjectHandler.GetProjectInfo(HttpContext context) 位置 f:\code\CustomerPro\platform\Web\Handler\ProjectHandler.ashx.cs:行号 1265
   在 Web.Handler.ProjectHandler.ProcessRequest(HttpContext context) 位置 f:\code\CustomerPro\platform\Web\Handler\ProjectHandler.ashx.cs:行号 38
ClientConnectionId:69c9fcbf-eddc-4667-b767-e86de8eb9b76
Error Number:137,State:2,Class:15
2019-03-02 14:57:12,482 [3216] ERROR root - [ProjectHandler]visit: getprojectinfo
System.Data.SqlClient.SqlException (0x80131904): 必须声明标量变量 "@UseID"。
   在 System.Data.SqlClient.SqlConnection.OnError(SqlException exception, Boolean breakConnection, Action`1 wrapCloseInAction)
   在 System.Data.SqlClient.SqlInternalConnection.OnError(SqlException exception, Boolean breakConnection, Action`1 wrapCloseInAction)
   在 System.Data.SqlClient.TdsParser.ThrowExceptionAndWarning(TdsParserStateObject stateObj, Boolean callerHasConnectionLock, Boolean asyncClose)
   在 System.Data.SqlClient.TdsParser.TryRun(RunBehavior runBehavior, SqlCommand cmdHandler, SqlDataReader dataStream, BulkCopySimpleResultSet bulkCopyHandler, TdsParserStateObject stateObj, Boolean& dataReady)
   在 System.Data.SqlClient.SqlDataReader.TryConsumeMetaData()
   在 System.Data.SqlClient.SqlDataReader.get_MetaData()
   在 System.Data.SqlClient.SqlCommand.FinishExecuteReader(SqlDataReader ds, RunBehavior runBehavior, String resetOptionsString, Boolean isInternal, Boolean forDescribeParameterEncryption, Boolean shouldCacheForAlwaysEncrypted)
   在 System.Data.SqlClient.SqlCommand.RunExecuteReaderTds(CommandBehavior cmdBehavior, RunBehavior runBehavior, Boolean returnStream, Boolean async, Int32 timeout, Task& task, Boolean asyncWrite, Boolean inRetry, SqlDataReader ds, Boolean describeParameterEncryptionRequest)
   在 System.Data.SqlClient.SqlCommand.RunExecuteReader(CommandBehavior cmdBehavior, RunBehavior runBehavior, Boolean returnStream, String method, TaskCompletionSource`1 completion, Int32 timeout, Task& task, Boolean& usedCache, Boolean asyncWrite, Boolean inRetry)
   在 System.Data.SqlClient.SqlCommand.RunExecuteReader(CommandBehavior cmdBehavior, RunBehavior runBehavior, Boolean returnStream, String method)
   在 System.Data.SqlClient.SqlCommand.ExecuteReader(CommandBehavior behavior, String method)
   在 System.Data.SqlClient.SqlCommand.ExecuteReader(CommandBehavior behavior)
   在 Foresight.DataAccess.Framework.SqlHelperBase.ExecuteDataReader(String command, CommandType commandType, List`1 parameterList, CommandBehavior behavior, Int32 timeout) 位置 f:\code\CustomerPro\platform\DataAccess\Framework\SqlHelperBase.cs:行号 250
   在 Foresight.DataAccess.Framework.SqlHelperBase.ExecuteDataReader(String command, CommandType commandType, List`1 parameterList) 位置 f:\code\CustomerPro\platform\DataAccess\Framework\SqlHelperBase.cs:行号 203
   在 Foresight.DataAccess.Framework.EntityBaseReadOnly.GetList[T](String commandText, List`1 parameters) 位置 f:\code\CustomerPro\platform\DataAccess\Framework\Generated.EntityBaseReadOnly.cs:行号 1108
   在 Foresight.DataAccess.Company.GetCompanyListByUserID(Int32 UserID) 位置 f:\code\CustomerPro\platform\DataAccess\Company.cs:行号 104
   在 Web.Handler.ProjectHandler.GetProjectInfo(HttpContext context) 位置 f:\code\CustomerPro\platform\Web\Handler\ProjectHandler.ashx.cs:行号 1265
   在 Web.Handler.ProjectHandler.ProcessRequest(HttpContext context) 位置 f:\code\CustomerPro\platform\Web\Handler\ProjectHandler.ashx.cs:行号 38
ClientConnectionId:69c9fcbf-eddc-4667-b767-e86de8eb9b76
Error Number:137,State:2,Class:15
2019-03-02 14:57:15,151 [5228] ERROR root - [ProjectHandler]visit: getprojectinfo
System.Data.SqlClient.SqlException (0x80131904): 必须声明标量变量 "@UseID"。
   在 System.Data.SqlClient.SqlConnection.OnError(SqlException exception, Boolean breakConnection, Action`1 wrapCloseInAction)
   在 System.Data.SqlClient.SqlInternalConnection.OnError(SqlException exception, Boolean breakConnection, Action`1 wrapCloseInAction)
   在 System.Data.SqlClient.TdsParser.ThrowExceptionAndWarning(TdsParserStateObject stateObj, Boolean callerHasConnectionLock, Boolean asyncClose)
   在 System.Data.SqlClient.TdsParser.TryRun(RunBehavior runBehavior, SqlCommand cmdHandler, SqlDataReader dataStream, BulkCopySimpleResultSet bulkCopyHandler, TdsParserStateObject stateObj, Boolean& dataReady)
   在 System.Data.SqlClient.SqlDataReader.TryConsumeMetaData()
   在 System.Data.SqlClient.SqlDataReader.get_MetaData()
   在 System.Data.SqlClient.SqlCommand.FinishExecuteReader(SqlDataReader ds, RunBehavior runBehavior, String resetOptionsString, Boolean isInternal, Boolean forDescribeParameterEncryption, Boolean shouldCacheForAlwaysEncrypted)
   在 System.Data.SqlClient.SqlCommand.RunExecuteReaderTds(CommandBehavior cmdBehavior, RunBehavior runBehavior, Boolean returnStream, Boolean async, Int32 timeout, Task& task, Boolean asyncWrite, Boolean inRetry, SqlDataReader ds, Boolean describeParameterEncryptionRequest)
   在 System.Data.SqlClient.SqlCommand.RunExecuteReader(CommandBehavior cmdBehavior, RunBehavior runBehavior, Boolean returnStream, String method, TaskCompletionSource`1 completion, Int32 timeout, Task& task, Boolean& usedCache, Boolean asyncWrite, Boolean inRetry)
   在 System.Data.SqlClient.SqlCommand.RunExecuteReader(CommandBehavior cmdBehavior, RunBehavior runBehavior, Boolean returnStream, String method)
   在 System.Data.SqlClient.SqlCommand.ExecuteReader(CommandBehavior behavior, String method)
   在 System.Data.SqlClient.SqlCommand.ExecuteReader(CommandBehavior behavior)
   在 Foresight.DataAccess.Framework.SqlHelperBase.ExecuteDataReader(String command, CommandType commandType, List`1 parameterList, CommandBehavior behavior, Int32 timeout) 位置 f:\code\CustomerPro\platform\DataAccess\Framework\SqlHelperBase.cs:行号 250
   在 Foresight.DataAccess.Framework.SqlHelperBase.ExecuteDataReader(String command, CommandType commandType, List`1 parameterList) 位置 f:\code\CustomerPro\platform\DataAccess\Framework\SqlHelperBase.cs:行号 203
   在 Foresight.DataAccess.Framework.EntityBaseReadOnly.GetList[T](String commandText, List`1 parameters) 位置 f:\code\CustomerPro\platform\DataAccess\Framework\Generated.EntityBaseReadOnly.cs:行号 1108
   在 Foresight.DataAccess.Company.GetCompanyListByUserID(Int32 UserID) 位置 f:\code\CustomerPro\platform\DataAccess\Company.cs:行号 104
   在 Web.Handler.ProjectHandler.GetProjectInfo(HttpContext context) 位置 f:\code\CustomerPro\platform\Web\Handler\ProjectHandler.ashx.cs:行号 1265
   在 Web.Handler.ProjectHandler.ProcessRequest(HttpContext context) 位置 f:\code\CustomerPro\platform\Web\Handler\ProjectHandler.ashx.cs:行号 38
ClientConnectionId:69c9fcbf-eddc-4667-b767-e86de8eb9b76
Error Number:137,State:2,Class:15
2019-03-02 14:57:41,922 [3216] ERROR root - [ProjectHandler]visit: getprojectinfo
System.Data.SqlClient.SqlException (0x80131904): 必须声明标量变量 "@UseID"。
   在 System.Data.SqlClient.SqlConnection.OnError(SqlException exception, Boolean breakConnection, Action`1 wrapCloseInAction)
   在 System.Data.SqlClient.SqlInternalConnection.OnError(SqlException exception, Boolean breakConnection, Action`1 wrapCloseInAction)
   在 System.Data.SqlClient.TdsParser.ThrowExceptionAndWarning(TdsParserStateObject stateObj, Boolean callerHasConnectionLock, Boolean asyncClose)
   在 System.Data.SqlClient.TdsParser.TryRun(RunBehavior runBehavior, SqlCommand cmdHandler, SqlDataReader dataStream, BulkCopySimpleResultSet bulkCopyHandler, TdsParserStateObject stateObj, Boolean& dataReady)
   在 System.Data.SqlClient.SqlDataReader.TryConsumeMetaData()
   在 System.Data.SqlClient.SqlDataReader.get_MetaData()
   在 System.Data.SqlClient.SqlCommand.FinishExecuteReader(SqlDataReader ds, RunBehavior runBehavior, String resetOptionsString, Boolean isInternal, Boolean forDescribeParameterEncryption, Boolean shouldCacheForAlwaysEncrypted)
   在 System.Data.SqlClient.SqlCommand.RunExecuteReaderTds(CommandBehavior cmdBehavior, RunBehavior runBehavior, Boolean returnStream, Boolean async, Int32 timeout, Task& task, Boolean asyncWrite, Boolean inRetry, SqlDataReader ds, Boolean describeParameterEncryptionRequest)
   在 System.Data.SqlClient.SqlCommand.RunExecuteReader(CommandBehavior cmdBehavior, RunBehavior runBehavior, Boolean returnStream, String method, TaskCompletionSource`1 completion, Int32 timeout, Task& task, Boolean& usedCache, Boolean asyncWrite, Boolean inRetry)
   在 System.Data.SqlClient.SqlCommand.RunExecuteReader(CommandBehavior cmdBehavior, RunBehavior runBehavior, Boolean returnStream, String method)
   在 System.Data.SqlClient.SqlCommand.ExecuteReader(CommandBehavior behavior, String method)
   在 System.Data.SqlClient.SqlCommand.ExecuteReader(CommandBehavior behavior)
   在 Foresight.DataAccess.Framework.SqlHelperBase.ExecuteDataReader(String command, CommandType commandType, List`1 parameterList, CommandBehavior behavior, Int32 timeout) 位置 f:\code\CustomerPro\platform\DataAccess\Framework\SqlHelperBase.cs:行号 250
   在 Foresight.DataAccess.Framework.SqlHelperBase.ExecuteDataReader(String command, CommandType commandType, List`1 parameterList) 位置 f:\code\CustomerPro\platform\DataAccess\Framework\SqlHelperBase.cs:行号 203
   在 Foresight.DataAccess.Framework.EntityBaseReadOnly.GetList[T](String commandText, List`1 parameters) 位置 f:\code\CustomerPro\platform\DataAccess\Framework\Generated.EntityBaseReadOnly.cs:行号 1108
   在 Foresight.DataAccess.Company.GetCompanyListByUserID(Int32 UserID) 位置 f:\code\CustomerPro\platform\DataAccess\Company.cs:行号 104
   在 Web.Handler.ProjectHandler.GetProjectInfo(HttpContext context) 位置 f:\code\CustomerPro\platform\Web\Handler\ProjectHandler.ashx.cs:行号 1265
   在 Web.Handler.ProjectHandler.ProcessRequest(HttpContext context) 位置 f:\code\CustomerPro\platform\Web\Handler\ProjectHandler.ashx.cs:行号 38
ClientConnectionId:69c9fcbf-eddc-4667-b767-e86de8eb9b76
Error Number:137,State:2,Class:15
2019-03-02 15:28:40,814 [2996] INFO  root - [SocketClient.EVENT_CONNECT]连接成功: 2019-03-02 15:28:40
2019-03-02 15:32:06,118 [19220] ERROR root - [ServiceHandler]命令:getroominfo
System.ArgumentException: 已添加了具有相同键的项。
   在 System.ThrowHelper.ThrowArgumentException(ExceptionResource resource)
   在 System.Collections.Generic.Dictionary`2.Insert(TKey key, TValue value, Boolean add)
   在 System.Collections.Generic.Dictionary`2.Add(TKey key, TValue value)
   在 Foresight.DataAccess.Framework.EntityBaseReadOnly.GetDatabaseColumnProperties(Type type) 位置 f:\code\CustomerPro\platform\DataAccess\Framework\Generated.EntityBaseReadOnly.cs:行号 425
   在 Foresight.DataAccess.Framework.EntityBaseReadOnly.GetDatabaseColumnPropertyInfo(Type type, String propertyName) 位置 f:\code\CustomerPro\platform\DataAccess\Framework\Generated.EntityBaseReadOnly.cs:行号 384
   在 Foresight.DataAccess.Framework.EntityBaseReadOnly.Initialize(IDataReader reader) 位置 f:\code\CustomerPro\platform\DataAccess\Framework\Generated.EntityBaseReadOnly.cs:行号 449
   在 Foresight.DataAccess.Framework.EntityListReadOnly`1.Initialize(IDataReader reader) 位置 f:\code\CustomerPro\platform\DataAccess\Framework\Generated.EntityListReadOnly.cs:行号 106
   在 Foresight.DataAccess.Framework.EntityListReadOnly`1..ctor(IDataReader reader) 位置 f:\code\CustomerPro\platform\DataAccess\Framework\Generated.EntityListReadOnly.cs:行号 398
   在 Foresight.DataAccess.Framework.EntityList`1..ctor(IDataReader reader) 位置 f:\code\CustomerPro\platform\DataAccess\Framework\Generated.EntityList.cs:行号 206
   在 Foresight.DataAccess.Framework.EntityBaseReadOnly.InitializeList[T](IDataReader reader) 位置 f:\code\CustomerPro\platform\DataAccess\Framework\Generated.EntityBaseReadOnly.cs:行号 1311
   在 Foresight.DataAccess.Framework.EntityBaseReadOnly.GetList[T](String commandText, List`1 parameters) 位置 f:\code\CustomerPro\platform\DataAccess\Framework\Generated.EntityBaseReadOnly.cs:行号 1110
   在 Foresight.DataAccess.CKDepartment.GetDepartmentListByUserIDList(Int32[] UserIDList) 位置 f:\code\CustomerPro\platform\DataAccess\CangKu\CKDepartment.cs:行号 130
   在 Web.Handler.ServiceHandler.getroominfo(HttpContext context) 位置 f:\code\CustomerPro\platform\Web\Handler\ServiceHandler.ashx.cs:行号 1590
   在 Web.Handler.ServiceHandler.ProcessRequest(HttpContext context) 位置 f:\code\CustomerPro\platform\Web\Handler\ServiceHandler.ashx.cs:行号 46
2019-03-02 17:35:59,507 [18480] ERROR root - [ProjectHandler]visit: getprojectinfo
System.NullReferenceException: 未将对象引用设置到对象的实例。
   在 Web.Handler.ProjectHandler.GetProjectInfo(HttpContext context) 位置 f:\code\CustomerPro\platform\Web\Handler\ProjectHandler.ashx.cs:行号 1205
   在 Web.Handler.ProjectHandler.ProcessRequest(HttpContext context) 位置 f:\code\CustomerPro\platform\Web\Handler\ProjectHandler.ashx.cs:行号 38
2019-03-02 17:35:59,507 [14644] ERROR root - [ProjectHandler]visit: getprojectinfo
System.NullReferenceException: 未将对象引用设置到对象的实例。
   在 Web.Handler.ProjectHandler.GetProjectInfo(HttpContext context) 位置 f:\code\CustomerPro\platform\Web\Handler\ProjectHandler.ashx.cs:行号 1205
   在 Web.Handler.ProjectHandler.ProcessRequest(HttpContext context) 位置 f:\code\CustomerPro\platform\Web\Handler\ProjectHandler.ashx.cs:行号 38
2019-03-02 17:48:57,948 [6248] INFO  root - [SocketClient.EVENT_CONNECT]连接成功: 2019-03-02 17:48:57
2019-03-02 17:54:43,405 [9532] INFO  root - [SocketClient.EVENT_CONNECT]连接成功: 2019-03-02 17:54:43
2019-03-02 20:24:06,454 [13944] INFO  root - [SocketClient.EVENT_CONNECT]连接成功: 2019-03-02 20:24:06
2019-03-02 22:11:25,676 [18148] ERROR root - [ServiceHandler]命令:getserviceeditparams
System.Data.SqlClient.SqlException (0x80131904): 列名 'GongDanType' 无效。
列名 'DisableSend' 无效。
列名 'DisableProcee' 无效。
列名 'DisableCompelte' 无效。
列名 'DisableCallback' 无效。
列名 'DisableShenJi' 无效。
列名 'CloseServiceType' 无效。
   在 System.Data.SqlClient.SqlConnection.OnError(SqlException exception, Boolean breakConnection, Action`1 wrapCloseInAction)
   在 System.Data.SqlClient.SqlInternalConnection.OnError(SqlException exception, Boolean breakConnection, Action`1 wrapCloseInAction)
   在 System.Data.SqlClient.TdsParser.ThrowExceptionAndWarning(TdsParserStateObject stateObj, Boolean callerHasConnectionLock, Boolean asyncClose)
   在 System.Data.SqlClient.TdsParser.TryRun(RunBehavior runBehavior, SqlCommand cmdHandler, SqlDataReader dataStream, BulkCopySimpleResultSet bulkCopyHandler, TdsParserStateObject stateObj, Boolean& dataReady)
   在 System.Data.SqlClient.SqlDataReader.TryConsumeMetaData()
   在 System.Data.SqlClient.SqlDataReader.get_MetaData()
   在 System.Data.SqlClient.SqlCommand.FinishExecuteReader(SqlDataReader ds, RunBehavior runBehavior, String resetOptionsString, Boolean isInternal, Boolean forDescribeParameterEncryption, Boolean shouldCacheForAlwaysEncrypted)
   在 System.Data.SqlClient.SqlCommand.RunExecuteReaderTds(CommandBehavior cmdBehavior, RunBehavior runBehavior, Boolean returnStream, Boolean async, Int32 timeout, Task& task, Boolean asyncWrite, Boolean inRetry, SqlDataReader ds, Boolean describeParameterEncryptionRequest)
   在 System.Data.SqlClient.SqlCommand.RunExecuteReader(CommandBehavior cmdBehavior, RunBehavior runBehavior, Boolean returnStream, String method, TaskCompletionSource`1 completion, Int32 timeout, Task& task, Boolean& usedCache, Boolean asyncWrite, Boolean inRetry)
   在 System.Data.SqlClient.SqlCommand.RunExecuteReader(CommandBehavior cmdBehavior, RunBehavior runBehavior, Boolean returnStream, String method)
   在 System.Data.SqlClient.SqlCommand.ExecuteReader(CommandBehavior behavior, String method)
   在 System.Data.SqlClient.SqlCommand.ExecuteReader(CommandBehavior behavior)
   在 Foresight.DataAccess.Framework.SqlHelperBase.ExecuteDataReader(String command, CommandType commandType, List`1 parameterList, CommandBehavior behavior, Int32 timeout) 位置 f:\code\CustomerPro\platform\DataAccess\Framework\SqlHelperBase.cs:行号 250
   在 Foresight.DataAccess.Framework.SqlHelperBase.ExecuteDataReader(String command, CommandType commandType, List`1 parameterList) 位置 f:\code\CustomerPro\platform\DataAccess\Framework\SqlHelperBase.cs:行号 203
   在 Foresight.DataAccess.Framework.EntityBaseReadOnly.GetList[T](String commandText, List`1 parameters) 位置 f:\code\CustomerPro\platform\DataAccess\Framework\Generated.EntityBaseReadOnly.cs:行号 1108
   在 Foresight.DataAccess.ServiceType.GetServiceTypes() 位置 f:\code\CustomerPro\platform\DataAccess\CustomerService\Generated.ServiceType.cs:行号 1228
   在 Web.Handler.ServiceHandler.getserviceeditparams(HttpContext context) 位置 f:\code\CustomerPro\platform\Web\Handler\ServiceHandler.ashx.cs:行号 1699
   在 Web.Handler.ServiceHandler.ProcessRequest(HttpContext context) 位置 f:\code\CustomerPro\platform\Web\Handler\ServiceHandler.ashx.cs:行号 43
ClientConnectionId:8df4e9a4-9fea-4e28-bc22-be5e4a1b018a
Error Number:207,State:1,Class:16
2019-03-02 22:11:47,838 [18148] ERROR root - [ServiceHandler]命令:getserviceeditparams
System.Data.SqlClient.SqlException (0x80131904): 列名 'GongDanType' 无效。
列名 'DisableSend' 无效。
列名 'DisableProcee' 无效。
列名 'DisableCompelte' 无效。
列名 'DisableCallback' 无效。
列名 'DisableShenJi' 无效。
列名 'CloseServiceType' 无效。
   在 System.Data.SqlClient.SqlConnection.OnError(SqlException exception, Boolean breakConnection, Action`1 wrapCloseInAction)
   在 System.Data.SqlClient.SqlInternalConnection.OnError(SqlException exception, Boolean breakConnection, Action`1 wrapCloseInAction)
   在 System.Data.SqlClient.TdsParser.ThrowExceptionAndWarning(TdsParserStateObject stateObj, Boolean callerHasConnectionLock, Boolean asyncClose)
   在 System.Data.SqlClient.TdsParser.TryRun(RunBehavior runBehavior, SqlCommand cmdHandler, SqlDataReader dataStream, BulkCopySimpleResultSet bulkCopyHandler, TdsParserStateObject stateObj, Boolean& dataReady)
   在 System.Data.SqlClient.SqlDataReader.TryConsumeMetaData()
   在 System.Data.SqlClient.SqlDataReader.get_MetaData()
   在 System.Data.SqlClient.SqlCommand.FinishExecuteReader(SqlDataReader ds, RunBehavior runBehavior, String resetOptionsString, Boolean isInternal, Boolean forDescribeParameterEncryption, Boolean shouldCacheForAlwaysEncrypted)
   在 System.Data.SqlClient.SqlCommand.RunExecuteReaderTds(CommandBehavior cmdBehavior, RunBehavior runBehavior, Boolean returnStream, Boolean async, Int32 timeout, Task& task, Boolean asyncWrite, Boolean inRetry, SqlDataReader ds, Boolean describeParameterEncryptionRequest)
   在 System.Data.SqlClient.SqlCommand.RunExecuteReader(CommandBehavior cmdBehavior, RunBehavior runBehavior, Boolean returnStream, String method, TaskCompletionSource`1 completion, Int32 timeout, Task& task, Boolean& usedCache, Boolean asyncWrite, Boolean inRetry)
   在 System.Data.SqlClient.SqlCommand.RunExecuteReader(CommandBehavior cmdBehavior, RunBehavior runBehavior, Boolean returnStream, String method)
   在 System.Data.SqlClient.SqlCommand.ExecuteReader(CommandBehavior behavior, String method)
   在 System.Data.SqlClient.SqlCommand.ExecuteReader(CommandBehavior behavior)
   在 Foresight.DataAccess.Framework.SqlHelperBase.ExecuteDataReader(String command, CommandType commandType, List`1 parameterList, CommandBehavior behavior, Int32 timeout) 位置 f:\code\CustomerPro\platform\DataAccess\Framework\SqlHelperBase.cs:行号 250
   在 Foresight.DataAccess.Framework.SqlHelperBase.ExecuteDataReader(String command, CommandType commandType, List`1 parameterList) 位置 f:\code\CustomerPro\platform\DataAccess\Framework\SqlHelperBase.cs:行号 203
   在 Foresight.DataAccess.Framework.EntityBaseReadOnly.GetList[T](String commandText, List`1 parameters) 位置 f:\code\CustomerPro\platform\DataAccess\Framework\Generated.EntityBaseReadOnly.cs:行号 1108
   在 Foresight.DataAccess.ServiceType.GetServiceTypes() 位置 f:\code\CustomerPro\platform\DataAccess\CustomerService\Generated.ServiceType.cs:行号 1228
   在 Web.Handler.ServiceHandler.getserviceeditparams(HttpContext context) 位置 f:\code\CustomerPro\platform\Web\Handler\ServiceHandler.ashx.cs:行号 1699
   在 Web.Handler.ServiceHandler.ProcessRequest(HttpContext context) 位置 f:\code\CustomerPro\platform\Web\Handler\ServiceHandler.ashx.cs:行号 43
ClientConnectionId:8df4e9a4-9fea-4e28-bc22-be5e4a1b018a
Error Number:207,State:1,Class:16
2019-03-02 22:11:54,243 [18148] ERROR root - [ServiceHandler]命令: loadservicetypegrid
System.Data.SqlClient.SqlException (0x80131904): 列名 'GongDanType' 无效。
列名 'DisableSend' 无效。
列名 'DisableProcee' 无效。
列名 'DisableCompelte' 无效。
列名 'DisableCallback' 无效。
列名 'DisableShenJi' 无效。
列名 'CloseServiceType' 无效。
   在 System.Data.SqlClient.SqlConnection.OnError(SqlException exception, Boolean breakConnection, Action`1 wrapCloseInAction)
   在 System.Data.SqlClient.SqlInternalConnection.OnError(SqlException exception, Boolean breakConnection, Action`1 wrapCloseInAction)
   在 System.Data.SqlClient.TdsParser.ThrowExceptionAndWarning(TdsParserStateObject stateObj, Boolean callerHasConnectionLock, Boolean asyncClose)
   在 System.Data.SqlClient.TdsParser.TryRun(RunBehavior runBehavior, SqlCommand cmdHandler, SqlDataReader dataStream, BulkCopySimpleResultSet bulkCopyHandler, TdsParserStateObject stateObj, Boolean& dataReady)
   在 System.Data.SqlClient.SqlDataReader.TryConsumeMetaData()
   在 System.Data.SqlClient.SqlDataReader.get_MetaData()
   在 System.Data.SqlClient.SqlCommand.FinishExecuteReader(SqlDataReader ds, RunBehavior runBehavior, String resetOptionsString, Boolean isInternal, Boolean forDescribeParameterEncryption, Boolean shouldCacheForAlwaysEncrypted)
   在 System.Data.SqlClient.SqlCommand.RunExecuteReaderTds(CommandBehavior cmdBehavior, RunBehavior runBehavior, Boolean returnStream, Boolean async, Int32 timeout, Task& task, Boolean asyncWrite, Boolean inRetry, SqlDataReader ds, Boolean describeParameterEncryptionRequest)
   在 System.Data.SqlClient.SqlCommand.RunExecuteReader(CommandBehavior cmdBehavior, RunBehavior runBehavior, Boolean returnStream, String method, TaskCompletionSource`1 completion, Int32 timeout, Task& task, Boolean& usedCache, Boolean asyncWrite, Boolean inRetry)
   在 System.Data.SqlClient.SqlCommand.RunExecuteReader(CommandBehavior cmdBehavior, RunBehavior runBehavior, Boolean returnStream, String method)
   在 System.Data.SqlClient.SqlCommand.ExecuteReader(CommandBehavior behavior, String method)
   在 System.Data.SqlClient.SqlCommand.ExecuteReader(CommandBehavior behavior)
   在 Foresight.DataAccess.Framework.SqlHelperBase.ExecuteDataReader(String command, CommandType commandType, List`1 parameterList, CommandBehavior behavior, Int32 timeout) 位置 f:\code\CustomerPro\platform\DataAccess\Framework\SqlHelperBase.cs:行号 250
   在 Foresight.DataAccess.Framework.SqlHelperBase.ExecuteDataReader(String command, CommandType commandType, List`1 parameterList) 位置 f:\code\CustomerPro\platform\DataAccess\Framework\SqlHelperBase.cs:行号 203
   在 Foresight.DataAccess.Framework.EntityBaseReadOnly.GetList[T](String commandText, List`1 parameters) 位置 f:\code\CustomerPro\platform\DataAccess\Framework\Generated.EntityBaseReadOnly.cs:行号 1108
   在 Foresight.DataAccess.ServiceType.GetServiceTypes() 位置 f:\code\CustomerPro\platform\DataAccess\CustomerService\Generated.ServiceType.cs:行号 1228
   在 Foresight.DataAccess.ServiceType.GetServiceTypeGridByKeywords(String Keywords) 位置 f:\code\CustomerPro\platform\DataAccess\CustomerService\ServiceType.cs:行号 21
   在 Web.Handler.ServiceHandler.loadservicetypegrid(HttpContext context) 位置 f:\code\CustomerPro\platform\Web\Handler\ServiceHandler.ashx.cs:行号 896
ClientConnectionId:065eff45-b6c8-41e5-8941-d48b07a2318f
Error Number:207,State:1,Class:16
2019-03-02 22:11:58,041 [3048] ERROR root - [ServiceHandler]命令: loadservicetypegrid
System.Data.SqlClient.SqlException (0x80131904): 列名 'GongDanType' 无效。
列名 'DisableSend' 无效。
列名 'DisableProcee' 无效。
列名 'DisableCompelte' 无效。
列名 'DisableCallback' 无效。
列名 'DisableShenJi' 无效。
列名 'CloseServiceType' 无效。
   在 System.Data.SqlClient.SqlConnection.OnError(SqlException exception, Boolean breakConnection, Action`1 wrapCloseInAction)
   在 System.Data.SqlClient.SqlInternalConnection.OnError(SqlException exception, Boolean breakConnection, Action`1 wrapCloseInAction)
   在 System.Data.SqlClient.TdsParser.ThrowExceptionAndWarning(TdsParserStateObject stateObj, Boolean callerHasConnectionLock, Boolean asyncClose)
   在 System.Data.SqlClient.TdsParser.TryRun(RunBehavior runBehavior, SqlCommand cmdHandler, SqlDataReader dataStream, BulkCopySimpleResultSet bulkCopyHandler, TdsParserStateObject stateObj, Boolean& dataReady)
   在 System.Data.SqlClient.SqlDataReader.TryConsumeMetaData()
   在 System.Data.SqlClient.SqlDataReader.get_MetaData()
   在 System.Data.SqlClient.SqlCommand.FinishExecuteReader(SqlDataReader ds, RunBehavior runBehavior, String resetOptionsString, Boolean isInternal, Boolean forDescribeParameterEncryption, Boolean shouldCacheForAlwaysEncrypted)
   在 System.Data.SqlClient.SqlCommand.RunExecuteReaderTds(CommandBehavior cmdBehavior, RunBehavior runBehavior, Boolean returnStream, Boolean async, Int32 timeout, Task& task, Boolean asyncWrite, Boolean inRetry, SqlDataReader ds, Boolean describeParameterEncryptionRequest)
   在 System.Data.SqlClient.SqlCommand.RunExecuteReader(CommandBehavior cmdBehavior, RunBehavior runBehavior, Boolean returnStream, String method, TaskCompletionSource`1 completion, Int32 timeout, Task& task, Boolean& usedCache, Boolean asyncWrite, Boolean inRetry)
   在 System.Data.SqlClient.SqlCommand.RunExecuteReader(CommandBehavior cmdBehavior, RunBehavior runBehavior, Boolean returnStream, String method)
   在 System.Data.SqlClient.SqlCommand.ExecuteReader(CommandBehavior behavior, String method)
   在 System.Data.SqlClient.SqlCommand.ExecuteReader(CommandBehavior behavior)
   在 Foresight.DataAccess.Framework.SqlHelperBase.ExecuteDataReader(String command, CommandType commandType, List`1 parameterList, CommandBehavior behavior, Int32 timeout) 位置 f:\code\CustomerPro\platform\DataAccess\Framework\SqlHelperBase.cs:行号 250
   在 Foresight.DataAccess.Framework.SqlHelperBase.ExecuteDataReader(String command, CommandType commandType, List`1 parameterList) 位置 f:\code\CustomerPro\platform\DataAccess\Framework\SqlHelperBase.cs:行号 203
   在 Foresight.DataAccess.Framework.EntityBaseReadOnly.GetList[T](String commandText, List`1 parameters) 位置 f:\code\CustomerPro\platform\DataAccess\Framework\Generated.EntityBaseReadOnly.cs:行号 1108
   在 Foresight.DataAccess.ServiceType.GetServiceTypes() 位置 f:\code\CustomerPro\platform\DataAccess\CustomerService\Generated.ServiceType.cs:行号 1228
   在 Foresight.DataAccess.ServiceType.GetServiceTypeGridByKeywords(String Keywords) 位置 f:\code\CustomerPro\platform\DataAccess\CustomerService\ServiceType.cs:行号 21
   在 Web.Handler.ServiceHandler.loadservicetypegrid(HttpContext context) 位置 f:\code\CustomerPro\platform\Web\Handler\ServiceHandler.ashx.cs:行号 896
ClientConnectionId:065eff45-b6c8-41e5-8941-d48b07a2318f
Error Number:207,State:1,Class:16
