2019-03-07 09:58:35,125 [13804] ERROR root - [ServiceHandler]命令:loadservicelist
System.Data.SqlClient.SqlException (0x80131904): 无法绑定由多个部分组成的标识符 "A.ID"。
无法绑定由多个部分组成的标识符 "A.ID"。
   在 System.Data.SqlClient.SqlConnection.OnError(SqlException exception, Boolean breakConnection, Action`1 wrapCloseInAction)
   在 System.Data.SqlClient.SqlInternalConnection.OnError(SqlException exception, Boolean breakConnection, Action`1 wrapCloseInAction)
   在 System.Data.SqlClient.TdsParser.ThrowExceptionAndWarning(TdsParserStateObject stateObj, Boolean callerHasConnectionLock, Boolean asyncClose)
   在 System.Data.SqlClient.TdsParser.TryRun(RunBehavior runBehavior, SqlCommand cmdHandler, SqlDataReader dataStream, BulkCopySimpleResultSet bulkCopyHandler, TdsParserStateObject stateObj, Boolean& dataReady)
   在 System.Data.SqlClient.SqlDataReader.TryConsumeMetaData()
   在 System.Data.SqlClient.SqlDataReader.get_MetaData()
   在 System.Data.SqlClient.SqlCommand.FinishExecuteReader(SqlDataReader ds, RunBehavior runBehavior, String resetOptionsString, Boolean isInternal, Boolean forDescribeParameterEncryption, Boolean shouldCacheForAlwaysEncrypted)
   在 System.Data.SqlClient.SqlCommand.RunExecuteReaderTds(CommandBehavior cmdBehavior, RunBehavior runBehavior, Boolean returnStream, Boolean async, Int32 timeout, Task& task, Boolean asyncWrite, Boolean inRetry, SqlDataReader ds, Boolean describeParameterEncryptionRequest)
   在 System.Data.SqlClient.SqlCommand.RunExecuteReader(CommandBehavior cmdBehavior, RunBehavior runBehavior, Boolean returnStream, String method, TaskCompletionSource`1 completion, Int32 timeout, Task& task, Boolean& usedCache, Boolean asyncWrite, Boolean inRetry)
   在 System.Data.SqlClient.SqlCommand.RunExecuteReader(CommandBehavior cmdBehavior, RunBehavior runBehavior, Boolean returnStream, String method)
   在 System.Data.SqlClient.SqlCommand.ExecuteReader(CommandBehavior behavior, String method)
   在 System.Data.SqlClient.SqlCommand.ExecuteReader(CommandBehavior behavior)
   在 Foresight.DataAccess.Framework.SqlHelperBase.ExecuteDataReader(String command, CommandType commandType, List`1 parameterList, CommandBehavior behavior, Int32 timeout) 位置 f:\code\CustomerPro\platform\DataAccess\Framework\SqlHelperBase.cs:行号 250
   在 Foresight.DataAccess.Framework.SqlHelperBase.ExecuteDataReader(String command, CommandType commandType, List`1 parameterList) 位置 f:\code\CustomerPro\platform\DataAccess\Framework\SqlHelperBase.cs:行号 203
   在 Foresight.DataAccess.Framework.EntityBaseReadOnly.GetList[T](String selectedFieldList, String fromStatementAndCriteria, List`1 parameters, String orderBy, Int64 startRowIndex, Int32 pageSize, Int64& totalRows) 位置 f:\code\CustomerPro\platform\DataAccess\Framework\Generated.EntityBaseReadOnly.cs:行号 1196
   在 Foresight.DataAccess.ViewCustomerService.GetCustomerServiceGridByKeywords(String Keywords, List`1 RoomIDList, DateTime StartTime, DateTime EndTime, Int32 ServiceStatus, Int32 PayStatus, Int32 ServiceAccpetManID, String orderBy, Int64 startRowIndex, Int32 pageSize, Int32 UserID, Boolean canViewAll, List`1 EqualProjectIDList, List`1 InProjectIDList, Int32 ServiceType, Int32 ServiceRange, List`1 PublicProjectIDList, Boolean canexport) 位置 f:\code\CustomerPro\platform\DataAccess\CustomerService\ViewCustomerService.cs:行号 218
   在 Web.Handler.ServiceHandler.loadservicelist(HttpContext context) 位置 f:\code\CustomerPro\platform\Web\Handler\ServiceHandler.ashx.cs:行号 1654
ClientConnectionId:759e497c-0722-4436-82ed-b5901e77c266
Error Number:4104,State:1,Class:16
2019-03-07 09:58:37,797 [20608] ERROR root - [ServiceHandler]命令:loadservicelist
System.Data.SqlClient.SqlException (0x80131904): 无法绑定由多个部分组成的标识符 "A.ID"。
无法绑定由多个部分组成的标识符 "A.ID"。
   在 System.Data.SqlClient.SqlConnection.OnError(SqlException exception, Boolean breakConnection, Action`1 wrapCloseInAction)
   在 System.Data.SqlClient.SqlInternalConnection.OnError(SqlException exception, Boolean breakConnection, Action`1 wrapCloseInAction)
   在 System.Data.SqlClient.TdsParser.ThrowExceptionAndWarning(TdsParserStateObject stateObj, Boolean callerHasConnectionLock, Boolean asyncClose)
   在 System.Data.SqlClient.TdsParser.TryRun(RunBehavior runBehavior, SqlCommand cmdHandler, SqlDataReader dataStream, BulkCopySimpleResultSet bulkCopyHandler, TdsParserStateObject stateObj, Boolean& dataReady)
   在 System.Data.SqlClient.SqlDataReader.TryConsumeMetaData()
   在 System.Data.SqlClient.SqlDataReader.get_MetaData()
   在 System.Data.SqlClient.SqlCommand.FinishExecuteReader(SqlDataReader ds, RunBehavior runBehavior, String resetOptionsString, Boolean isInternal, Boolean forDescribeParameterEncryption, Boolean shouldCacheForAlwaysEncrypted)
   在 System.Data.SqlClient.SqlCommand.RunExecuteReaderTds(CommandBehavior cmdBehavior, RunBehavior runBehavior, Boolean returnStream, Boolean async, Int32 timeout, Task& task, Boolean asyncWrite, Boolean inRetry, SqlDataReader ds, Boolean describeParameterEncryptionRequest)
   在 System.Data.SqlClient.SqlCommand.RunExecuteReader(CommandBehavior cmdBehavior, RunBehavior runBehavior, Boolean returnStream, String method, TaskCompletionSource`1 completion, Int32 timeout, Task& task, Boolean& usedCache, Boolean asyncWrite, Boolean inRetry)
   在 System.Data.SqlClient.SqlCommand.RunExecuteReader(CommandBehavior cmdBehavior, RunBehavior runBehavior, Boolean returnStream, String method)
   在 System.Data.SqlClient.SqlCommand.ExecuteReader(CommandBehavior behavior, String method)
   在 System.Data.SqlClient.SqlCommand.ExecuteReader(CommandBehavior behavior)
   在 Foresight.DataAccess.Framework.SqlHelperBase.ExecuteDataReader(String command, CommandType commandType, List`1 parameterList, CommandBehavior behavior, Int32 timeout) 位置 f:\code\CustomerPro\platform\DataAccess\Framework\SqlHelperBase.cs:行号 250
   在 Foresight.DataAccess.Framework.SqlHelperBase.ExecuteDataReader(String command, CommandType commandType, List`1 parameterList) 位置 f:\code\CustomerPro\platform\DataAccess\Framework\SqlHelperBase.cs:行号 203
   在 Foresight.DataAccess.Framework.EntityBaseReadOnly.GetList[T](String selectedFieldList, String fromStatementAndCriteria, List`1 parameters, String orderBy, Int64 startRowIndex, Int32 pageSize, Int64& totalRows) 位置 f:\code\CustomerPro\platform\DataAccess\Framework\Generated.EntityBaseReadOnly.cs:行号 1196
   在 Foresight.DataAccess.ViewCustomerService.GetCustomerServiceGridByKeywords(String Keywords, List`1 RoomIDList, DateTime StartTime, DateTime EndTime, Int32 ServiceStatus, Int32 PayStatus, Int32 ServiceAccpetManID, String orderBy, Int64 startRowIndex, Int32 pageSize, Int32 UserID, Boolean canViewAll, List`1 EqualProjectIDList, List`1 InProjectIDList, Int32 ServiceType, Int32 ServiceRange, List`1 PublicProjectIDList, Boolean canexport) 位置 f:\code\CustomerPro\platform\DataAccess\CustomerService\ViewCustomerService.cs:行号 218
   在 Web.Handler.ServiceHandler.loadservicelist(HttpContext context) 位置 f:\code\CustomerPro\platform\Web\Handler\ServiceHandler.ashx.cs:行号 1654
ClientConnectionId:759e497c-0722-4436-82ed-b5901e77c266
Error Number:4104,State:1,Class:16
2019-03-07 09:58:40,023 [13804] ERROR root - [ServiceHandler]命令:loadservicelist
System.Data.SqlClient.SqlException (0x80131904): 无法绑定由多个部分组成的标识符 "A.ID"。
无法绑定由多个部分组成的标识符 "A.ID"。
   在 System.Data.SqlClient.SqlConnection.OnError(SqlException exception, Boolean breakConnection, Action`1 wrapCloseInAction)
   在 System.Data.SqlClient.SqlInternalConnection.OnError(SqlException exception, Boolean breakConnection, Action`1 wrapCloseInAction)
   在 System.Data.SqlClient.TdsParser.ThrowExceptionAndWarning(TdsParserStateObject stateObj, Boolean callerHasConnectionLock, Boolean asyncClose)
   在 System.Data.SqlClient.TdsParser.TryRun(RunBehavior runBehavior, SqlCommand cmdHandler, SqlDataReader dataStream, BulkCopySimpleResultSet bulkCopyHandler, TdsParserStateObject stateObj, Boolean& dataReady)
   在 System.Data.SqlClient.SqlDataReader.TryConsumeMetaData()
   在 System.Data.SqlClient.SqlDataReader.get_MetaData()
   在 System.Data.SqlClient.SqlCommand.FinishExecuteReader(SqlDataReader ds, RunBehavior runBehavior, String resetOptionsString, Boolean isInternal, Boolean forDescribeParameterEncryption, Boolean shouldCacheForAlwaysEncrypted)
   在 System.Data.SqlClient.SqlCommand.RunExecuteReaderTds(CommandBehavior cmdBehavior, RunBehavior runBehavior, Boolean returnStream, Boolean async, Int32 timeout, Task& task, Boolean asyncWrite, Boolean inRetry, SqlDataReader ds, Boolean describeParameterEncryptionRequest)
   在 System.Data.SqlClient.SqlCommand.RunExecuteReader(CommandBehavior cmdBehavior, RunBehavior runBehavior, Boolean returnStream, String method, TaskCompletionSource`1 completion, Int32 timeout, Task& task, Boolean& usedCache, Boolean asyncWrite, Boolean inRetry)
   在 System.Data.SqlClient.SqlCommand.RunExecuteReader(CommandBehavior cmdBehavior, RunBehavior runBehavior, Boolean returnStream, String method)
   在 System.Data.SqlClient.SqlCommand.ExecuteReader(CommandBehavior behavior, String method)
   在 System.Data.SqlClient.SqlCommand.ExecuteReader(CommandBehavior behavior)
   在 Foresight.DataAccess.Framework.SqlHelperBase.ExecuteDataReader(String command, CommandType commandType, List`1 parameterList, CommandBehavior behavior, Int32 timeout) 位置 f:\code\CustomerPro\platform\DataAccess\Framework\SqlHelperBase.cs:行号 250
   在 Foresight.DataAccess.Framework.SqlHelperBase.ExecuteDataReader(String command, CommandType commandType, List`1 parameterList) 位置 f:\code\CustomerPro\platform\DataAccess\Framework\SqlHelperBase.cs:行号 203
   在 Foresight.DataAccess.Framework.EntityBaseReadOnly.GetList[T](String selectedFieldList, String fromStatementAndCriteria, List`1 parameters, String orderBy, Int64 startRowIndex, Int32 pageSize, Int64& totalRows) 位置 f:\code\CustomerPro\platform\DataAccess\Framework\Generated.EntityBaseReadOnly.cs:行号 1196
   在 Foresight.DataAccess.ViewCustomerService.GetCustomerServiceGridByKeywords(String Keywords, List`1 RoomIDList, DateTime StartTime, DateTime EndTime, Int32 ServiceStatus, Int32 PayStatus, Int32 ServiceAccpetManID, String orderBy, Int64 startRowIndex, Int32 pageSize, Int32 UserID, Boolean canViewAll, List`1 EqualProjectIDList, List`1 InProjectIDList, Int32 ServiceType, Int32 ServiceRange, List`1 PublicProjectIDList, Boolean canexport) 位置 f:\code\CustomerPro\platform\DataAccess\CustomerService\ViewCustomerService.cs:行号 218
   在 Web.Handler.ServiceHandler.loadservicelist(HttpContext context) 位置 f:\code\CustomerPro\platform\Web\Handler\ServiceHandler.ashx.cs:行号 1654
ClientConnectionId:759e497c-0722-4436-82ed-b5901e77c266
Error Number:4104,State:1,Class:16
2019-03-07 14:02:17,948 [16816] ERROR root - [ProjectHandler]visit: getprojectinfo
System.Data.SqlClient.SqlException (0x80131904): 在与 SQL Server 建立连接时出现与网络相关的或特定于实例的错误。未找到或无法访问服务器。请验证实例名称是否正确并且 SQL Server 已配置为允许远程连接。 (provider: TCP Provider, error: 0 - 等待的操作过时。) ---> System.ComponentModel.Win32Exception (0x80004005): 等待的操作过时。
   在 System.Data.SqlClient.SqlInternalConnectionTds..ctor(DbConnectionPoolIdentity identity, SqlConnectionString connectionOptions, SqlCredential credential, Object providerInfo, String newPassword, SecureString newSecurePassword, Boolean redirectedUserInstance, SqlConnectionString userConnectionOptions, SessionData reconnectSessionData, DbConnectionPool pool, String accessToken, Boolean applyTransientFaultHandling, SqlAuthenticationProviderManager sqlAuthProviderManager)
   在 System.Data.SqlClient.SqlConnectionFactory.CreateConnection(DbConnectionOptions options, DbConnectionPoolKey poolKey, Object poolGroupProviderInfo, DbConnectionPool pool, DbConnection owningConnection, DbConnectionOptions userOptions)
   在 System.Data.ProviderBase.DbConnectionFactory.CreatePooledConnection(DbConnectionPool pool, DbConnection owningObject, DbConnectionOptions options, DbConnectionPoolKey poolKey, DbConnectionOptions userOptions)
   在 System.Data.ProviderBase.DbConnectionPool.CreateObject(DbConnection owningObject, DbConnectionOptions userOptions, DbConnectionInternal oldConnection)
   在 System.Data.ProviderBase.DbConnectionPool.UserCreateRequest(DbConnection owningObject, DbConnectionOptions userOptions, DbConnectionInternal oldConnection)
   在 System.Data.ProviderBase.DbConnectionPool.TryGetConnection(DbConnection owningObject, UInt32 waitForMultipleObjectsTimeout, Boolean allowCreate, Boolean onlyOneCheckConnection, DbConnectionOptions userOptions, DbConnectionInternal& connection)
   在 System.Data.ProviderBase.DbConnectionPool.TryGetConnection(DbConnection owningObject, TaskCompletionSource`1 retry, DbConnectionOptions userOptions, DbConnectionInternal& connection)
   在 System.Data.ProviderBase.DbConnectionFactory.TryGetConnection(DbConnection owningConnection, TaskCompletionSource`1 retry, DbConnectionOptions userOptions, DbConnectionInternal oldConnection, DbConnectionInternal& connection)
   在 System.Data.ProviderBase.DbConnectionInternal.TryOpenConnectionInternal(DbConnection outerConnection, DbConnectionFactory connectionFactory, TaskCompletionSource`1 retry, DbConnectionOptions userOptions)
   在 System.Data.ProviderBase.DbConnectionClosed.TryOpenConnection(DbConnection outerConnection, DbConnectionFactory connectionFactory, TaskCompletionSource`1 retry, DbConnectionOptions userOptions)
   在 System.Data.SqlClient.SqlConnection.TryOpenInner(TaskCompletionSource`1 retry)
   在 System.Data.SqlClient.SqlConnection.TryOpen(TaskCompletionSource`1 retry)
   在 System.Data.SqlClient.SqlConnection.Open()
   在 Foresight.DataAccess.Framework.SqlHelperBase.ExecuteDataReader(String command, CommandType commandType, List`1 parameterList, CommandBehavior behavior, Int32 timeout) 位置 f:\code\CustomerPro\platform\DataAccess\Framework\SqlHelperBase.cs:行号 248
   在 Foresight.DataAccess.Framework.SqlHelperBase.ExecuteDataReader(String command, CommandType commandType, List`1 parameterList) 位置 f:\code\CustomerPro\platform\DataAccess\Framework\SqlHelperBase.cs:行号 203
   在 Foresight.DataAccess.Framework.EntityBaseReadOnly.GetList[T](String commandText, List`1 parameters) 位置 f:\code\CustomerPro\platform\DataAccess\Framework\Generated.EntityBaseReadOnly.cs:行号 1108
   在 Foresight.DataAccess.Company.GetCompanyListByUserID(Int32 UserID) 位置 f:\code\CustomerPro\platform\DataAccess\Company.cs:行号 104
   在 Web.Handler.ProjectHandler.GetProjectInfo(HttpContext context) 位置 f:\code\CustomerPro\platform\Web\Handler\ProjectHandler.ashx.cs:行号 1265
   在 Web.Handler.ProjectHandler.ProcessRequest(HttpContext context) 位置 f:\code\CustomerPro\platform\Web\Handler\ProjectHandler.ashx.cs:行号 38
ClientConnectionId:0772b772-edad-44b8-802f-1af6b678ee9e
Error Number:258,State:0,Class:20
2019-03-07 14:24:04,699 [6708] ERROR root - [ServiceHandler]命令:loadservicelist
System.Data.SqlClient.SqlException (0x80131904): 必须声明标量变量 "@ServiceFrom1"。
必须声明标量变量 "@UserID"。
')' 附近有语法错误。
   在 System.Data.SqlClient.SqlConnection.OnError(SqlException exception, Boolean breakConnection, Action`1 wrapCloseInAction)
   在 System.Data.SqlClient.SqlInternalConnection.OnError(SqlException exception, Boolean breakConnection, Action`1 wrapCloseInAction)
   在 System.Data.SqlClient.TdsParser.ThrowExceptionAndWarning(TdsParserStateObject stateObj, Boolean callerHasConnectionLock, Boolean asyncClose)
   在 System.Data.SqlClient.TdsParser.TryRun(RunBehavior runBehavior, SqlCommand cmdHandler, SqlDataReader dataStream, BulkCopySimpleResultSet bulkCopyHandler, TdsParserStateObject stateObj, Boolean& dataReady)
   在 System.Data.SqlClient.SqlDataReader.TryConsumeMetaData()
   在 System.Data.SqlClient.SqlDataReader.get_MetaData()
   在 System.Data.SqlClient.SqlCommand.FinishExecuteReader(SqlDataReader ds, RunBehavior runBehavior, String resetOptionsString, Boolean isInternal, Boolean forDescribeParameterEncryption, Boolean shouldCacheForAlwaysEncrypted)
   在 System.Data.SqlClient.SqlCommand.RunExecuteReaderTds(CommandBehavior cmdBehavior, RunBehavior runBehavior, Boolean returnStream, Boolean async, Int32 timeout, Task& task, Boolean asyncWrite, Boolean inRetry, SqlDataReader ds, Boolean describeParameterEncryptionRequest)
   在 System.Data.SqlClient.SqlCommand.RunExecuteReader(CommandBehavior cmdBehavior, RunBehavior runBehavior, Boolean returnStream, String method, TaskCompletionSource`1 completion, Int32 timeout, Task& task, Boolean& usedCache, Boolean asyncWrite, Boolean inRetry)
   在 System.Data.SqlClient.SqlCommand.RunExecuteReader(CommandBehavior cmdBehavior, RunBehavior runBehavior, Boolean returnStream, String method)
   在 System.Data.SqlClient.SqlCommand.ExecuteReader(CommandBehavior behavior, String method)
   在 System.Data.SqlClient.SqlCommand.ExecuteReader(CommandBehavior behavior)
   在 Foresight.DataAccess.Framework.SqlHelperBase.ExecuteDataReader(String command, CommandType commandType, List`1 parameterList, CommandBehavior behavior, Int32 timeout) 位置 f:\code\CustomerPro\platform\DataAccess\Framework\SqlHelperBase.cs:行号 250
   在 Foresight.DataAccess.Framework.SqlHelperBase.ExecuteDataReader(String command, CommandType commandType, List`1 parameterList) 位置 f:\code\CustomerPro\platform\DataAccess\Framework\SqlHelperBase.cs:行号 203
   在 Foresight.DataAccess.Framework.EntityBaseReadOnly.GetList[T](String selectedFieldList, String fromStatementAndCriteria, List`1 parameters, String orderBy, Int64 startRowIndex, Int32 pageSize, Int64& totalRows) 位置 f:\code\CustomerPro\platform\DataAccess\Framework\Generated.EntityBaseReadOnly.cs:行号 1196
   在 Foresight.DataAccess.ViewCustomerService.GetCustomerServiceGridByKeywords(String Keywords, List`1 RoomIDList, DateTime StartTime, DateTime EndTime, Int32 ServiceStatus, Int32 PayStatus, Int32 ServiceAccpetManID, String orderBy, Int64 startRowIndex, Int32 pageSize, Int32 UserID, Boolean canViewAll, List`1 EqualProjectIDList, List`1 InProjectIDList, Int32 ServiceType, Int32 ServiceRange, List`1 PublicProjectIDList, Boolean canexport, Boolean canViewWechatAPPService, Boolean canViewWechatAPPSuggestoin) 位置 f:\code\CustomerPro\platform\DataAccess\CustomerService\ViewCustomerService.cs:行号 241
   在 Web.Handler.ServiceHandler.loadservicelist(HttpContext context) 位置 f:\code\CustomerPro\platform\Web\Handler\ServiceHandler.ashx.cs:行号 1670
ClientConnectionId:1815dc54-bca3-4151-8744-a06573670392
Error Number:137,State:2,Class:15
2019-03-07 14:24:07,196 [15488] ERROR root - [ServiceHandler]命令:loadservicelist
System.Data.SqlClient.SqlException (0x80131904): 必须声明标量变量 "@ServiceFrom1"。
必须声明标量变量 "@UserID"。
')' 附近有语法错误。
   在 System.Data.SqlClient.SqlConnection.OnError(SqlException exception, Boolean breakConnection, Action`1 wrapCloseInAction)
   在 System.Data.SqlClient.SqlInternalConnection.OnError(SqlException exception, Boolean breakConnection, Action`1 wrapCloseInAction)
   在 System.Data.SqlClient.TdsParser.ThrowExceptionAndWarning(TdsParserStateObject stateObj, Boolean callerHasConnectionLock, Boolean asyncClose)
   在 System.Data.SqlClient.TdsParser.TryRun(RunBehavior runBehavior, SqlCommand cmdHandler, SqlDataReader dataStream, BulkCopySimpleResultSet bulkCopyHandler, TdsParserStateObject stateObj, Boolean& dataReady)
   在 System.Data.SqlClient.SqlDataReader.TryConsumeMetaData()
   在 System.Data.SqlClient.SqlDataReader.get_MetaData()
   在 System.Data.SqlClient.SqlCommand.FinishExecuteReader(SqlDataReader ds, RunBehavior runBehavior, String resetOptionsString, Boolean isInternal, Boolean forDescribeParameterEncryption, Boolean shouldCacheForAlwaysEncrypted)
   在 System.Data.SqlClient.SqlCommand.RunExecuteReaderTds(CommandBehavior cmdBehavior, RunBehavior runBehavior, Boolean returnStream, Boolean async, Int32 timeout, Task& task, Boolean asyncWrite, Boolean inRetry, SqlDataReader ds, Boolean describeParameterEncryptionRequest)
   在 System.Data.SqlClient.SqlCommand.RunExecuteReader(CommandBehavior cmdBehavior, RunBehavior runBehavior, Boolean returnStream, String method, TaskCompletionSource`1 completion, Int32 timeout, Task& task, Boolean& usedCache, Boolean asyncWrite, Boolean inRetry)
   在 System.Data.SqlClient.SqlCommand.RunExecuteReader(CommandBehavior cmdBehavior, RunBehavior runBehavior, Boolean returnStream, String method)
   在 System.Data.SqlClient.SqlCommand.ExecuteReader(CommandBehavior behavior, String method)
   在 System.Data.SqlClient.SqlCommand.ExecuteReader(CommandBehavior behavior)
   在 Foresight.DataAccess.Framework.SqlHelperBase.ExecuteDataReader(String command, CommandType commandType, List`1 parameterList, CommandBehavior behavior, Int32 timeout) 位置 f:\code\CustomerPro\platform\DataAccess\Framework\SqlHelperBase.cs:行号 250
   在 Foresight.DataAccess.Framework.SqlHelperBase.ExecuteDataReader(String command, CommandType commandType, List`1 parameterList) 位置 f:\code\CustomerPro\platform\DataAccess\Framework\SqlHelperBase.cs:行号 203
   在 Foresight.DataAccess.Framework.EntityBaseReadOnly.GetList[T](String selectedFieldList, String fromStatementAndCriteria, List`1 parameters, String orderBy, Int64 startRowIndex, Int32 pageSize, Int64& totalRows) 位置 f:\code\CustomerPro\platform\DataAccess\Framework\Generated.EntityBaseReadOnly.cs:行号 1196
   在 Foresight.DataAccess.ViewCustomerService.GetCustomerServiceGridByKeywords(String Keywords, List`1 RoomIDList, DateTime StartTime, DateTime EndTime, Int32 ServiceStatus, Int32 PayStatus, Int32 ServiceAccpetManID, String orderBy, Int64 startRowIndex, Int32 pageSize, Int32 UserID, Boolean canViewAll, List`1 EqualProjectIDList, List`1 InProjectIDList, Int32 ServiceType, Int32 ServiceRange, List`1 PublicProjectIDList, Boolean canexport, Boolean canViewWechatAPPService, Boolean canViewWechatAPPSuggestoin) 位置 f:\code\CustomerPro\platform\DataAccess\CustomerService\ViewCustomerService.cs:行号 241
   在 Web.Handler.ServiceHandler.loadservicelist(HttpContext context) 位置 f:\code\CustomerPro\platform\Web\Handler\ServiceHandler.ashx.cs:行号 1670
ClientConnectionId:87d86a4d-b33a-4cb6-80b4-08620351d729
Error Number:137,State:2,Class:15
2019-03-07 14:25:05,806 [21108] ERROR root - [ServiceHandler]命令:loadservicelist
System.Data.SqlClient.SqlException (0x80131904): 必须声明标量变量 "@UserID"。
必须声明标量变量 "@UserID"。
')' 附近有语法错误。
   在 System.Data.SqlClient.SqlConnection.OnError(SqlException exception, Boolean breakConnection, Action`1 wrapCloseInAction)
   在 System.Data.SqlClient.SqlInternalConnection.OnError(SqlException exception, Boolean breakConnection, Action`1 wrapCloseInAction)
   在 System.Data.SqlClient.TdsParser.ThrowExceptionAndWarning(TdsParserStateObject stateObj, Boolean callerHasConnectionLock, Boolean asyncClose)
   在 System.Data.SqlClient.TdsParser.TryRun(RunBehavior runBehavior, SqlCommand cmdHandler, SqlDataReader dataStream, BulkCopySimpleResultSet bulkCopyHandler, TdsParserStateObject stateObj, Boolean& dataReady)
   在 System.Data.SqlClient.SqlDataReader.TryConsumeMetaData()
   在 System.Data.SqlClient.SqlDataReader.get_MetaData()
   在 System.Data.SqlClient.SqlCommand.FinishExecuteReader(SqlDataReader ds, RunBehavior runBehavior, String resetOptionsString, Boolean isInternal, Boolean forDescribeParameterEncryption, Boolean shouldCacheForAlwaysEncrypted)
   在 System.Data.SqlClient.SqlCommand.RunExecuteReaderTds(CommandBehavior cmdBehavior, RunBehavior runBehavior, Boolean returnStream, Boolean async, Int32 timeout, Task& task, Boolean asyncWrite, Boolean inRetry, SqlDataReader ds, Boolean describeParameterEncryptionRequest)
   在 System.Data.SqlClient.SqlCommand.RunExecuteReader(CommandBehavior cmdBehavior, RunBehavior runBehavior, Boolean returnStream, String method, TaskCompletionSource`1 completion, Int32 timeout, Task& task, Boolean& usedCache, Boolean asyncWrite, Boolean inRetry)
   在 System.Data.SqlClient.SqlCommand.RunExecuteReader(CommandBehavior cmdBehavior, RunBehavior runBehavior, Boolean returnStream, String method)
   在 System.Data.SqlClient.SqlCommand.ExecuteReader(CommandBehavior behavior, String method)
   在 System.Data.SqlClient.SqlCommand.ExecuteReader(CommandBehavior behavior)
   在 Foresight.DataAccess.Framework.SqlHelperBase.ExecuteDataReader(String command, CommandType commandType, List`1 parameterList, CommandBehavior behavior, Int32 timeout) 位置 f:\code\CustomerPro\platform\DataAccess\Framework\SqlHelperBase.cs:行号 250
   在 Foresight.DataAccess.Framework.SqlHelperBase.ExecuteDataReader(String command, CommandType commandType, List`1 parameterList) 位置 f:\code\CustomerPro\platform\DataAccess\Framework\SqlHelperBase.cs:行号 203
   在 Foresight.DataAccess.Framework.EntityBaseReadOnly.GetList[T](String selectedFieldList, String fromStatementAndCriteria, List`1 parameters, String orderBy, Int64 startRowIndex, Int32 pageSize, Int64& totalRows) 位置 f:\code\CustomerPro\platform\DataAccess\Framework\Generated.EntityBaseReadOnly.cs:行号 1196
   在 Foresight.DataAccess.ViewCustomerService.GetCustomerServiceGridByKeywords(String Keywords, List`1 RoomIDList, DateTime StartTime, DateTime EndTime, Int32 ServiceStatus, Int32 PayStatus, Int32 ServiceAccpetManID, String orderBy, Int64 startRowIndex, Int32 pageSize, Int32 UserID, Boolean canViewAll, List`1 EqualProjectIDList, List`1 InProjectIDList, Int32 ServiceType, Int32 ServiceRange, List`1 PublicProjectIDList, Boolean canexport, Boolean canViewWechatAPPService, Boolean canViewWechatAPPSuggestoin) 位置 f:\code\CustomerPro\platform\DataAccess\CustomerService\ViewCustomerService.cs:行号 243
   在 Web.Handler.ServiceHandler.loadservicelist(HttpContext context) 位置 f:\code\CustomerPro\platform\Web\Handler\ServiceHandler.ashx.cs:行号 1670
ClientConnectionId:12337100-641e-4b30-aba4-46262dd289bc
Error Number:137,State:2,Class:15
2019-03-07 14:25:56,499 [13568] ERROR root - [ServiceHandler]命令:loadservicelist
System.Data.SqlClient.SqlException (0x80131904): 必须声明标量变量 "@UserID"。
必须声明标量变量 "@UserID"。
')' 附近有语法错误。
   在 System.Data.SqlClient.SqlConnection.OnError(SqlException exception, Boolean breakConnection, Action`1 wrapCloseInAction)
   在 System.Data.SqlClient.SqlInternalConnection.OnError(SqlException exception, Boolean breakConnection, Action`1 wrapCloseInAction)
   在 System.Data.SqlClient.TdsParser.ThrowExceptionAndWarning(TdsParserStateObject stateObj, Boolean callerHasConnectionLock, Boolean asyncClose)
   在 System.Data.SqlClient.TdsParser.TryRun(RunBehavior runBehavior, SqlCommand cmdHandler, SqlDataReader dataStream, BulkCopySimpleResultSet bulkCopyHandler, TdsParserStateObject stateObj, Boolean& dataReady)
   在 System.Data.SqlClient.SqlDataReader.TryConsumeMetaData()
   在 System.Data.SqlClient.SqlDataReader.get_MetaData()
   在 System.Data.SqlClient.SqlCommand.FinishExecuteReader(SqlDataReader ds, RunBehavior runBehavior, String resetOptionsString, Boolean isInternal, Boolean forDescribeParameterEncryption, Boolean shouldCacheForAlwaysEncrypted)
   在 System.Data.SqlClient.SqlCommand.RunExecuteReaderTds(CommandBehavior cmdBehavior, RunBehavior runBehavior, Boolean returnStream, Boolean async, Int32 timeout, Task& task, Boolean asyncWrite, Boolean inRetry, SqlDataReader ds, Boolean describeParameterEncryptionRequest)
   在 System.Data.SqlClient.SqlCommand.RunExecuteReader(CommandBehavior cmdBehavior, RunBehavior runBehavior, Boolean returnStream, String method, TaskCompletionSource`1 completion, Int32 timeout, Task& task, Boolean& usedCache, Boolean asyncWrite, Boolean inRetry)
   在 System.Data.SqlClient.SqlCommand.RunExecuteReader(CommandBehavior cmdBehavior, RunBehavior runBehavior, Boolean returnStream, String method)
   在 System.Data.SqlClient.SqlCommand.ExecuteReader(CommandBehavior behavior, String method)
   在 System.Data.SqlClient.SqlCommand.ExecuteReader(CommandBehavior behavior)
   在 Foresight.DataAccess.Framework.SqlHelperBase.ExecuteDataReader(String command, CommandType commandType, List`1 parameterList, CommandBehavior behavior, Int32 timeout) 位置 f:\code\CustomerPro\platform\DataAccess\Framework\SqlHelperBase.cs:行号 250
   在 Foresight.DataAccess.Framework.SqlHelperBase.ExecuteDataReader(String command, CommandType commandType, List`1 parameterList) 位置 f:\code\CustomerPro\platform\DataAccess\Framework\SqlHelperBase.cs:行号 203
   在 Foresight.DataAccess.Framework.EntityBaseReadOnly.GetList[T](String selectedFieldList, String fromStatementAndCriteria, List`1 parameters, String orderBy, Int64 startRowIndex, Int32 pageSize, Int64& totalRows) 位置 f:\code\CustomerPro\platform\DataAccess\Framework\Generated.EntityBaseReadOnly.cs:行号 1196
   在 Foresight.DataAccess.ViewCustomerService.GetCustomerServiceGridByKeywords(String Keywords, List`1 RoomIDList, DateTime StartTime, DateTime EndTime, Int32 ServiceStatus, Int32 PayStatus, Int32 ServiceAccpetManID, String orderBy, Int64 startRowIndex, Int32 pageSize, Int32 UserID, Boolean canViewAll, List`1 EqualProjectIDList, List`1 InProjectIDList, Int32 ServiceType, Int32 ServiceRange, List`1 PublicProjectIDList, Boolean canexport, Boolean canViewWechatAPPService, Boolean canViewWechatAPPSuggestoin) 位置 f:\code\CustomerPro\platform\DataAccess\CustomerService\ViewCustomerService.cs:行号 243
   在 Web.Handler.ServiceHandler.loadservicelist(HttpContext context) 位置 f:\code\CustomerPro\platform\Web\Handler\ServiceHandler.ashx.cs:行号 1670
ClientConnectionId:ef4f3a54-fe48-47af-a517-23258808b53a
Error Number:137,State:2,Class:15
2019-03-07 21:47:25,644 [21736] ERROR root - [RoomResourceHandler]命令:loadtablecolumn
System.Data.SqlClient.SqlException (0x80131904): 列名 'ServiceStatus' 无效。
列名 'ServiceType' 无效。
   在 System.Data.SqlClient.SqlConnection.OnError(SqlException exception, Boolean breakConnection, Action`1 wrapCloseInAction)
   在 System.Data.SqlClient.SqlInternalConnection.OnError(SqlException exception, Boolean breakConnection, Action`1 wrapCloseInAction)
   在 System.Data.SqlClient.TdsParser.ThrowExceptionAndWarning(TdsParserStateObject stateObj, Boolean callerHasConnectionLock, Boolean asyncClose)
   在 System.Data.SqlClient.TdsParser.TryRun(RunBehavior runBehavior, SqlCommand cmdHandler, SqlDataReader dataStream, BulkCopySimpleResultSet bulkCopyHandler, TdsParserStateObject stateObj, Boolean& dataReady)
   在 System.Data.SqlClient.SqlDataReader.TryConsumeMetaData()
   在 System.Data.SqlClient.SqlDataReader.get_MetaData()
   在 System.Data.SqlClient.SqlCommand.FinishExecuteReader(SqlDataReader ds, RunBehavior runBehavior, String resetOptionsString, Boolean isInternal, Boolean forDescribeParameterEncryption, Boolean shouldCacheForAlwaysEncrypted)
   在 System.Data.SqlClient.SqlCommand.RunExecuteReaderTds(CommandBehavior cmdBehavior, RunBehavior runBehavior, Boolean returnStream, Boolean async, Int32 timeout, Task& task, Boolean asyncWrite, Boolean inRetry, SqlDataReader ds, Boolean describeParameterEncryptionRequest)
   在 System.Data.SqlClient.SqlCommand.RunExecuteReader(CommandBehavior cmdBehavior, RunBehavior runBehavior, Boolean returnStream, String method, TaskCompletionSource`1 completion, Int32 timeout, Task& task, Boolean& usedCache, Boolean asyncWrite, Boolean inRetry)
   在 System.Data.SqlClient.SqlCommand.RunExecuteReader(CommandBehavior cmdBehavior, RunBehavior runBehavior, Boolean returnStream, String method)
   在 System.Data.SqlClient.SqlCommand.ExecuteReader(CommandBehavior behavior, String method)
   在 System.Data.SqlClient.SqlCommand.ExecuteReader(CommandBehavior behavior)
   在 Foresight.DataAccess.Framework.SqlHelperBase.ExecuteDataReader(String command, CommandType commandType, List`1 parameterList, CommandBehavior behavior, Int32 timeout) 位置 f:\code\CustomerPro\platform\DataAccess\Framework\SqlHelperBase.cs:行号 250
   在 Foresight.DataAccess.Framework.SqlHelperBase.ExecuteDataReader(String command, CommandType commandType, List`1 parameterList) 位置 f:\code\CustomerPro\platform\DataAccess\Framework\SqlHelperBase.cs:行号 203
   在 Foresight.DataAccess.Framework.EntityBaseReadOnly.GetList[T](String commandText, List`1 parameters) 位置 f:\code\CustomerPro\platform\DataAccess\Framework\Generated.EntityBaseReadOnly.cs:行号 1108
   在 Foresight.DataAccess.TableColumnsUser.GetTableColumnsUserListByUserID(Int32 UserID, Int32 ColumnServiceStatus, Int32 ColumnServiceType) 位置 f:\code\CustomerPro\platform\DataAccess\TableColumnsUser.cs:行号 33
   在 Foresight.DataAccess.TableColumn.GetTableColumnByPageCode(String PageCode, Boolean OnlyShow, Int32 ColumnServiceStatus, Int32 ColumnServiceType) 位置 f:\code\CustomerPro\platform\DataAccess\TableColumn.cs:行号 32
   在 Web.Handler.RoomResourceHandler.loadtablecolumn(HttpContext context) 位置 f:\code\CustomerPro\platform\Web\Handler\RoomResourceHandler.ashx.cs:行号 285
   在 Web.Handler.RoomResourceHandler.ProcessRequest(HttpContext context) 位置 f:\code\CustomerPro\platform\Web\Handler\RoomResourceHandler.ashx.cs:行号 70
ClientConnectionId:0f251295-d1df-4922-a299-b79791b18ae9
Error Number:207,State:1,Class:16
