2019-03-26 10:30:42,973 [3948] ERROR root - [ServiceHandler]命令:loadservicelist
System.Data.SqlClient.SqlException (0x80131904): 列名 'ServiceAccpetMan' 无效。
   在 System.Data.SqlClient.SqlConnection.OnError(SqlException exception, Boolean breakConnection, Action`1 wrapCloseInAction)
   在 System.Data.SqlClient.SqlInternalConnection.OnError(SqlException exception, Boolean breakConnection, Action`1 wrapCloseInAction)
   在 System.Data.SqlClient.TdsParser.ThrowExceptionAndWarning(TdsParserStateObject stateObj, Boolean callerHasConnectionLock, Boolean asyncClose)
   在 System.Data.SqlClient.TdsParser.TryRun(RunBehavior runBehavior, SqlCommand cmdHandler, SqlDataReader dataStream, BulkCopySimpleResultSet bulkCopyHandler, TdsParserStateObject stateObj, Boolean& dataReady)
   在 System.Data.SqlClient.SqlDataReader.TryConsumeMetaData()
   在 System.Data.SqlClient.SqlDataReader.get_MetaData()
   在 System.Data.SqlClient.SqlCommand.FinishExecuteReader(SqlDataReader ds, RunBehavior runBehavior, String resetOptionsString, Boolean isInternal, Boolean forDescribeParameterEncryption, Boolean shouldCacheForAlwaysEncrypted)
   在 System.Data.SqlClient.SqlCommand.RunExecuteReaderTds(CommandBehavior cmdBehavior, RunBehavior runBehavior, Boolean returnStream, Boolean async, Int32 timeout, Task& task, Boolean asyncWrite, Boolean inRetry, SqlDataReader ds, Boolean describeParameterEncryptionRequest)
   在 System.Data.SqlClient.SqlCommand.RunExecuteReader(CommandBehavior cmdBehavior, RunBehavior runBehavior, Boolean returnStream, String method, TaskCompletionSource`1 completion, Int32 timeout, Task& task, Boolean& usedCache, Boolean asyncWrite, Boolean inRetry)
   在 System.Data.SqlClient.SqlCommand.RunExecuteReader(CommandBehavior cmdBehavior, RunBehavior runBehavior, Boolean returnStream, String method)
   在 System.Data.SqlClient.SqlCommand.ExecuteReader(CommandBehavior behavior, String method)
   在 System.Data.SqlClient.SqlCommand.ExecuteReader(CommandBehavior behavior)
   在 Foresight.DataAccess.Framework.SqlHelperBase.ExecuteDataReader(String command, CommandType commandType, List`1 parameterList, CommandBehavior behavior, Int32 timeout) 位置 F:\code\CustomerPro\platform\DataAccess\Framework\SqlHelperBase.cs:行号 250
   在 Foresight.DataAccess.Framework.SqlHelperBase.ExecuteDataReader(String command, CommandType commandType, List`1 parameterList) 位置 F:\code\CustomerPro\platform\DataAccess\Framework\SqlHelperBase.cs:行号 203
   在 Foresight.DataAccess.Framework.EntityBaseReadOnly.GetList[T](String selectedFieldList, String fromStatementAndCriteria, List`1 parameters, String orderBy, Int64 startRowIndex, Int32 pageSize, Int64& totalRows) 位置 F:\code\CustomerPro\platform\DataAccess\Framework\Generated.EntityBaseReadOnly.cs:行号 1196
   在 Foresight.DataAccess.ViewCustomerService.GetCustomerServiceGridByKeywords(String Keywords, List`1 RoomIDList, DateTime StartTime, DateTime EndTime, Int32 ServiceStatus, String orderBy, Int64 startRowIndex, Int32 pageSize, Int32 UserID, Boolean canViewAll, List`1 EqualProjectIDList, List`1 InProjectIDList, Int32[] CompanyIDList, Int32 ServiceType, Boolean canexport, Boolean canViewWechatAPPService, Boolean canViewWechatAPPSuggestoin, Boolean isServiceAnalysis, Int32 CloseType, Int32 TimeOutType, Boolean IsTouSuChaoShi, Boolean IsRepairChaoShi, Int32 CallBackStatus, Int32 CallServiceType, Int32 ServiceType1ID) 位置 F:\code\CustomerPro\platform\DataAccess\CustomerService\ViewCustomerService.cs:行号 274
   在 Web.Handler.ServiceHandler.loadservicelist(HttpContext context) 位置 F:\code\CustomerPro\platform\Web\Handler\ServiceHandler.ashx.cs:行号 1714
ClientConnectionId:26dd7888-0f88-4df4-8d20-689437f1a2ab
Error Number:207,State:1,Class:16
